[2025-10-07T01:12:49.467+0000] {local_task_job_runner.py:120} INFO - ::group::Pre task execution logs
[2025-10-07T01:12:49.494+0000] {taskinstance.py:2076} INFO - Dependencies all met for dep_context=non-requeueable deps ti=<TaskInstance: Airflow_Lab2.load_data_task manual__2025-10-07T01:12:44.000481+00:00 [queued]>
[2025-10-07T01:12:49.502+0000] {taskinstance.py:2076} INFO - Dependencies all met for dep_context=requeueable deps ti=<TaskInstance: Airflow_Lab2.load_data_task manual__2025-10-07T01:12:44.000481+00:00 [queued]>
[2025-10-07T01:12:49.503+0000] {taskinstance.py:2306} INFO - Starting attempt 1 of 1
[2025-10-07T01:12:49.518+0000] {taskinstance.py:2330} INFO - Executing <Task(PythonOperator): load_data_task> on 2025-10-07 01:12:44.000481+00:00
[2025-10-07T01:12:49.527+0000] {warnings.py:112} WARNING - /home/***/.local/lib/python3.12/site-packages/***/task/task_runner/standard_task_runner.py:61: DeprecationWarning: This process (pid=171) is multi-threaded, use of fork() may lead to deadlocks in the child.
  pid = os.fork()

[2025-10-07T01:12:49.528+0000] {standard_task_runner.py:63} INFO - Started process 188 to run task
[2025-10-07T01:12:49.528+0000] {standard_task_runner.py:90} INFO - Running: ['***', 'tasks', 'run', 'Airflow_Lab2', 'load_data_task', 'manual__2025-10-07T01:12:44.000481+00:00', '--job-id', '4', '--raw', '--subdir', 'DAGS_FOLDER/main.py', '--cfg-path', '/tmp/tmpjty8p5s4']
[2025-10-07T01:12:49.529+0000] {standard_task_runner.py:91} INFO - Job 4: Subtask load_data_task
[2025-10-07T01:12:49.573+0000] {task_command.py:426} INFO - Running <TaskInstance: Airflow_Lab2.load_data_task manual__2025-10-07T01:12:44.000481+00:00 [running]> on host 67aa1867397e
[2025-10-07T01:12:49.644+0000] {taskinstance.py:2648} INFO - Exporting env vars: AIRFLOW_CTX_DAG_OWNER='***' AIRFLOW_CTX_DAG_ID='Airflow_Lab2' AIRFLOW_CTX_TASK_ID='load_data_task' AIRFLOW_CTX_EXECUTION_DATE='2025-10-07T01:12:44.000481+00:00' AIRFLOW_CTX_TRY_NUMBER='1' AIRFLOW_CTX_DAG_RUN_ID='manual__2025-10-07T01:12:44.000481+00:00'
[2025-10-07T01:12:49.645+0000] {taskinstance.py:430} INFO - ::endgroup::
[2025-10-07T01:12:49.677+0000] {python.py:237} INFO - Done. Returned value was: (     mean radius  mean texture  ...  worst symmetry  worst fractal dimension
0          17.99         10.38  ...          0.4601                  0.11890
1          20.57         17.77  ...          0.2750                  0.08902
2          19.69         21.25  ...          0.3613                  0.08758
3          11.42         20.38  ...          0.6638                  0.17300
4          20.29         14.34  ...          0.2364                  0.07678
..           ...           ...  ...             ...                      ...
564        21.56         22.39  ...          0.2060                  0.07115
565        20.13         28.25  ...          0.2572                  0.06637
566        16.60         28.08  ...          0.2218                  0.07820
567        20.60         29.33  ...          0.4087                  0.12400
568         7.76         24.54  ...          0.2871                  0.07039

[569 rows x 30 columns], 0      0
1      0
2      0
3      0
4      0
      ..
564    0
565    0
566    0
567    0
568    1
Name: target, Length: 569, dtype: int64)
[2025-10-07T01:12:49.718+0000] {taskinstance.py:441} INFO - ::group::Post task execution logs
[2025-10-07T01:12:49.746+0000] {taskinstance.py:1206} INFO - Marking task as SUCCESS. dag_id=Airflow_Lab2, task_id=load_data_task, run_id=manual__2025-10-07T01:12:44.000481+00:00, execution_date=20251007T011244, start_date=20251007T011249, end_date=20251007T011249
[2025-10-07T01:12:49.787+0000] {local_task_job_runner.py:240} INFO - Task exited with return code 0
[2025-10-07T01:12:49.807+0000] {taskinstance.py:3503} INFO - 0 downstream tasks scheduled from follow-on schedule check
[2025-10-07T01:12:49.811+0000] {local_task_job_runner.py:222} INFO - ::endgroup::
