[2025-10-07T00:34:04.996+0000] {local_task_job_runner.py:120} INFO - ::group::Pre task execution logs
[2025-10-07T00:34:05.030+0000] {taskinstance.py:2076} INFO - Dependencies all met for dep_context=non-requeueable deps ti=<TaskInstance: Airflow_Lab2.load_data_task manual__2025-10-07T00:33:59.632438+00:00 [queued]>
[2025-10-07T00:34:05.058+0000] {taskinstance.py:2076} INFO - Dependencies all met for dep_context=requeueable deps ti=<TaskInstance: Airflow_Lab2.load_data_task manual__2025-10-07T00:33:59.632438+00:00 [queued]>
[2025-10-07T00:34:05.058+0000] {taskinstance.py:2306} INFO - Starting attempt 1 of 1
[2025-10-07T00:34:05.077+0000] {taskinstance.py:2330} INFO - Executing <Task(PythonOperator): load_data_task> on 2025-10-07 00:33:59.632438+00:00
[2025-10-07T00:34:05.088+0000] {warnings.py:112} WARNING - /home/***/.local/lib/python3.12/site-packages/***/task/task_runner/standard_task_runner.py:61: DeprecationWarning: This process (pid=734) is multi-threaded, use of fork() may lead to deadlocks in the child.
  pid = os.fork()

[2025-10-07T00:34:05.089+0000] {standard_task_runner.py:90} INFO - Running: ['***', 'tasks', 'run', 'Airflow_Lab2', 'load_data_task', 'manual__2025-10-07T00:33:59.632438+00:00', '--job-id', '71', '--raw', '--subdir', 'DAGS_FOLDER/main.py', '--cfg-path', '/tmp/tmpg16x83t5']
[2025-10-07T00:34:05.090+0000] {standard_task_runner.py:63} INFO - Started process 745 to run task
[2025-10-07T00:34:05.094+0000] {standard_task_runner.py:91} INFO - Job 71: Subtask load_data_task
[2025-10-07T00:34:05.195+0000] {task_command.py:426} INFO - Running <TaskInstance: Airflow_Lab2.load_data_task manual__2025-10-07T00:33:59.632438+00:00 [running]> on host 606dbaf4a6b3
[2025-10-07T00:34:05.431+0000] {taskinstance.py:2648} INFO - Exporting env vars: AIRFLOW_CTX_DAG_OWNER='***' AIRFLOW_CTX_DAG_ID='Airflow_Lab2' AIRFLOW_CTX_TASK_ID='load_data_task' AIRFLOW_CTX_EXECUTION_DATE='2025-10-07T00:33:59.632438+00:00' AIRFLOW_CTX_TRY_NUMBER='1' AIRFLOW_CTX_DAG_RUN_ID='manual__2025-10-07T00:33:59.632438+00:00'
[2025-10-07T00:34:05.439+0000] {taskinstance.py:430} INFO - ::endgroup::
[2025-10-07T00:34:05.470+0000] {python.py:237} INFO - Done. Returned value was:      Daily Time Spent on Site  Age  ...            Timestamp  Clicked on Ad
0                       68.95   35  ...  2016-03-27 00:53:11              0
1                       80.23   31  ...  2016-04-04 01:39:02              0
2                       69.47   26  ...  2016-03-13 20:35:42              0
3                       74.15   29  ...  2016-01-10 02:31:19              0
4                       68.37   35  ...  2016-06-03 03:36:18              0
..                        ...  ...  ...                  ...            ...
995                     72.97   30  ...  2016-02-11 21:49:00              1
996                     51.30   45  ...  2016-04-22 02:07:01              1
997                     51.63   51  ...  2016-02-01 17:24:57              1
998                     55.55   19  ...  2016-03-24 02:35:54              0
999                     45.01   26  ...  2016-06-03 21:43:21              1

[1000 rows x 10 columns]
[2025-10-07T00:34:05.485+0000] {taskinstance.py:441} INFO - ::group::Post task execution logs
[2025-10-07T00:34:05.539+0000] {taskinstance.py:1206} INFO - Marking task as SUCCESS. dag_id=Airflow_Lab2, task_id=load_data_task, run_id=manual__2025-10-07T00:33:59.632438+00:00, execution_date=20251007T003359, start_date=20251007T003405, end_date=20251007T003405
[2025-10-07T00:34:05.625+0000] {local_task_job_runner.py:240} INFO - Task exited with return code 0
[2025-10-07T00:34:05.731+0000] {taskinstance.py:3503} INFO - 1 downstream tasks scheduled from follow-on schedule check
[2025-10-07T00:34:05.735+0000] {local_task_job_runner.py:222} INFO - ::endgroup::
