[2025-10-07T00:31:16.459+0000] {local_task_job_runner.py:120} INFO - ::group::Pre task execution logs
[2025-10-07T00:31:16.499+0000] {taskinstance.py:2076} INFO - Dependencies all met for dep_context=non-requeueable deps ti=<TaskInstance: Airflow_Lab2.load_model_task manual__2025-10-07T00:30:56.784637+00:00 [queued]>
[2025-10-07T00:31:16.531+0000] {taskinstance.py:2076} INFO - Dependencies all met for dep_context=requeueable deps ti=<TaskInstance: Airflow_Lab2.load_model_task manual__2025-10-07T00:30:56.784637+00:00 [queued]>
[2025-10-07T00:31:16.533+0000] {taskinstance.py:2306} INFO - Starting attempt 1 of 1
[2025-10-07T00:31:16.568+0000] {taskinstance.py:2330} INFO - Executing <Task(PythonOperator): load_model_task> on 2025-10-07 00:30:56.784637+00:00
[2025-10-07T00:31:16.583+0000] {warnings.py:112} WARNING - /home/***/.local/lib/python3.12/site-packages/***/task/task_runner/standard_task_runner.py:61: DeprecationWarning: This process (pid=544) is multi-threaded, use of fork() may lead to deadlocks in the child.
  pid = os.fork()

[2025-10-07T00:31:16.585+0000] {standard_task_runner.py:90} INFO - Running: ['***', 'tasks', 'run', 'Airflow_Lab2', 'load_model_task', 'manual__2025-10-07T00:30:56.784637+00:00', '--job-id', '59', '--raw', '--subdir', 'DAGS_FOLDER/main.py', '--cfg-path', '/tmp/tmpot1oaaut']
[2025-10-07T00:31:16.586+0000] {standard_task_runner.py:63} INFO - Started process 555 to run task
[2025-10-07T00:31:16.589+0000] {standard_task_runner.py:91} INFO - Job 59: Subtask load_model_task
[2025-10-07T00:31:16.947+0000] {task_command.py:426} INFO - Running <TaskInstance: Airflow_Lab2.load_model_task manual__2025-10-07T00:30:56.784637+00:00 [running]> on host 606dbaf4a6b3
[2025-10-07T00:31:17.319+0000] {taskinstance.py:2648} INFO - Exporting env vars: AIRFLOW_CTX_DAG_OWNER='***' AIRFLOW_CTX_DAG_ID='Airflow_Lab2' AIRFLOW_CTX_TASK_ID='load_model_task' AIRFLOW_CTX_EXECUTION_DATE='2025-10-07T00:30:56.784637+00:00' AIRFLOW_CTX_TRY_NUMBER='1' AIRFLOW_CTX_DAG_RUN_ID='manual__2025-10-07T00:30:56.784637+00:00'
[2025-10-07T00:31:17.323+0000] {taskinstance.py:430} INFO - ::endgroup::
[2025-10-07T00:31:17.383+0000] {logging_mixin.py:188} INFO - Model score on test data: 0.97
[2025-10-07T00:31:17.384+0000] {python.py:237} INFO - Done. Returned value was: 1
[2025-10-07T00:31:17.387+0000] {taskinstance.py:441} INFO - ::group::Post task execution logs
[2025-10-07T00:31:17.458+0000] {taskinstance.py:1206} INFO - Marking task as SUCCESS. dag_id=Airflow_Lab2, task_id=load_model_task, run_id=manual__2025-10-07T00:30:56.784637+00:00, execution_date=20251007T003056, start_date=20251007T003116, end_date=20251007T003117
[2025-10-07T00:31:17.570+0000] {local_task_job_runner.py:240} INFO - Task exited with return code 0
[2025-10-07T00:31:17.708+0000] {taskinstance.py:3503} INFO - 1 downstream tasks scheduled from follow-on schedule check
[2025-10-07T00:31:17.710+0000] {local_task_job_runner.py:222} INFO - ::endgroup::
