[2025-10-07T00:30:26.816+0000] {local_task_job_runner.py:120} INFO - ::group::Pre task execution logs
[2025-10-07T00:30:26.903+0000] {taskinstance.py:2076} INFO - Dependencies all met for dep_context=non-requeueable deps ti=<TaskInstance: Airflow_Lab2.separate_data_outputs_task manual__2025-10-07T00:30:16.114756+00:00 [queued]>
[2025-10-07T00:30:26.956+0000] {taskinstance.py:2076} INFO - Dependencies all met for dep_context=requeueable deps ti=<TaskInstance: Airflow_Lab2.separate_data_outputs_task manual__2025-10-07T00:30:16.114756+00:00 [queued]>
[2025-10-07T00:30:26.957+0000] {taskinstance.py:2306} INFO - Starting attempt 1 of 1
[2025-10-07T00:30:27.003+0000] {taskinstance.py:2330} INFO - Executing <Task(PythonOperator): separate_data_outputs_task> on 2025-10-07 00:30:16.114756+00:00
[2025-10-07T00:30:27.039+0000] {standard_task_runner.py:90} INFO - Running: ['***', 'tasks', 'run', 'Airflow_Lab2', 'separate_data_outputs_task', 'manual__2025-10-07T00:30:16.114756+00:00', '--job-id', '46', '--raw', '--subdir', 'DAGS_FOLDER/main.py', '--cfg-path', '/tmp/tmpa9t01r5k']
[2025-10-07T00:30:27.043+0000] {standard_task_runner.py:91} INFO - Job 46: Subtask separate_data_outputs_task
[2025-10-07T00:30:27.044+0000] {warnings.py:112} WARNING - /home/***/.local/lib/python3.12/site-packages/***/task/task_runner/standard_task_runner.py:61: DeprecationWarning: This process (pid=341) is multi-threaded, use of fork() may lead to deadlocks in the child.
  pid = os.fork()

[2025-10-07T00:30:27.045+0000] {standard_task_runner.py:63} INFO - Started process 364 to run task
[2025-10-07T00:30:27.091+0000] {task_command.py:426} INFO - Running <TaskInstance: Airflow_Lab2.separate_data_outputs_task manual__2025-10-07T00:30:16.114756+00:00 [running]> on host 606dbaf4a6b3
[2025-10-07T00:30:27.161+0000] {taskinstance.py:2648} INFO - Exporting env vars: AIRFLOW_CTX_DAG_OWNER='***' AIRFLOW_CTX_DAG_ID='Airflow_Lab2' AIRFLOW_CTX_TASK_ID='separate_data_outputs_task' AIRFLOW_CTX_EXECUTION_DATE='2025-10-07T00:30:16.114756+00:00' AIRFLOW_CTX_TRY_NUMBER='1' AIRFLOW_CTX_DAG_RUN_ID='manual__2025-10-07T00:30:16.114756+00:00'
[2025-10-07T00:30:27.163+0000] {taskinstance.py:430} INFO - ::endgroup::
[2025-10-07T00:30:27.185+0000] {python.py:237} INFO - Done. Returned value was: (array([[ 0.73176951,  0.47619048,  0.76387767, ...,  0.6842786 ,
         1.52106049,  1.04381619],
       [ 0.22845487,  0.30952381,  0.78645239, ...,  0.79385516,
        -0.75764596, -0.95802308],
       [ 0.62587115,  0.14285714,  0.7908996 , ...,  0.81544168,
         0.73429367, -0.95802308],
       ...,
       [ 0.99898011,  0.61904762,  0.57909566, ..., -0.21264408,
         0.0339071 ,  1.04381619],
       [ 0.40897501,  0.54761905,  0.89615916, ...,  1.32636636,
        -0.95137476, -0.95802308],
       [ 0.97416284,  0.5       ,  0.69626269, ...,  0.35607887,
         0.29783409, -0.95802308]]), array([[ 5.21162672e-01,  2.38095238e-01,  6.22872635e-01, ...,
        -1.52805508e-04, -1.38350393e+00,  1.04381619e+00],
       [ 6.56637770e-01,  7.85714286e-01,  4.20300725e-01, ...,
        -9.83426752e-01, -1.33495777e+00, -9.58023079e-01],
       [ 1.87489376e-01,  4.52380952e-01,  7.29300043e-01, ...,
         5.16440523e-01, -1.04641583e+00,  1.04381619e+00],
       ...,
       [ 4.74757777e-01,  2.38095238e-01,  6.52986564e-01, ...,
         1.46018703e-01, -1.31923155e+00, -9.58023079e-01],
       [ 5.67737549e-01,  6.90476190e-01,  1.61812568e-01, ...,
        -2.23811538e+00, -1.12595859e+00,  1.04381619e+00],
       [ 9.41356451e-01,  4.52380952e-01,  6.51125316e-01, ...,
         1.36984295e-01,  9.33264534e-01,  1.04381619e+00]]), array([0, 1, 0, 1, 1, 1, 0, 1, 0, 0, 1, 1, 1, 0, 1, 0, 0, 0, 0, 0, 1, 1,
       1, 1, 0, 0, 0, 1, 0, 0, 0, 0, 1, 0, 0, 0, 1, 0, 0, 0, 1, 1, 0, 0,
       1, 1, 1, 0, 1, 0, 1, 0, 0, 1, 0, 1, 0, 1, 1, 0, 1, 1, 1, 1, 1, 1,
       1, 1, 0, 1, 0, 0, 0, 0, 0, 1, 1, 1, 1, 0, 1, 1, 0, 1, 0, 1, 1, 1,
       1, 1, 1, 0, 1, 1, 0, 1, 0, 1, 1, 1, 1, 1, 0, 1, 1, 0, 0, 0, 0, 1,
       0, 0, 1, 0, 1, 1, 1, 1, 1, 0, 1, 1, 1, 0, 0, 0, 1, 0, 1, 0, 0, 1,
       1, 1, 0, 1, 1, 0, 0, 1, 1, 0, 1, 0, 1, 1, 1, 1, 1, 1, 0, 0, 0, 0,
       1, 1, 1, 1, 0, 0, 1, 1, 0, 0, 0, 0, 0, 0, 0, 0, 1, 0, 0, 1, 0, 0,
       1, 1, 1, 0, 1, 1, 0, 1, 0, 0, 0, 1, 0, 1, 1, 0, 1, 1, 1, 1, 1, 1,
       1, 0, 0, 0, 0, 1, 1, 1, 1, 0, 1, 0, 1, 0, 1, 1, 0, 1, 1, 0, 0, 1,
       1, 0, 0, 1, 0, 0, 1, 0, 0, 1, 0, 0, 1, 1, 0, 0, 0, 0, 0, 1, 1, 0,
       1, 0, 1, 1, 0, 0, 1, 1, 1, 0, 1, 1, 0, 1, 0, 1, 0, 1, 1, 1, 0, 0,
       1, 1, 0, 1, 1, 1, 1, 1, 0, 0, 0, 0, 1, 1, 0, 1, 1, 1, 1, 1, 1, 1,
       0, 0, 1, 0, 0, 1, 0, 0, 1, 0, 0, 1, 0, 1, 0, 0, 0, 0, 0, 0, 1, 0,
       1, 0, 1, 1, 1, 0, 0, 0, 0, 1, 0, 1, 0, 1, 1, 0, 1, 0, 1, 1, 1, 1,
       1, 0, 0, 0, 0, 1, 1, 0, 0, 1, 0, 0, 0, 1, 0, 0, 0, 0, 0, 1, 0, 1,
       0, 1, 1, 1, 0, 1, 0, 1, 1, 1, 0, 0, 1, 1, 0, 0, 0, 0, 1, 0, 1, 0,
       1, 1, 0, 0, 0, 0, 0, 0, 1, 0, 1, 1, 0, 0, 1, 1, 1, 0, 0, 0, 1, 1,
       1, 0, 0, 0, 0, 1, 1, 0, 1, 1, 1, 1, 0, 1, 0, 0, 0, 1, 1, 1, 1, 0,
       1, 0, 0, 0, 1, 0, 0, 1, 0, 0, 1, 1, 1, 1, 1, 1, 1, 0, 1, 0, 0, 1,
       1, 0, 0, 0, 1, 0, 1, 0, 1, 0, 0, 0, 0, 0, 1, 0, 0, 0, 0, 0, 0, 0,
       1, 0, 0, 1, 1, 0, 0, 1, 1, 1, 0, 0, 1, 1, 1, 1, 0, 1, 1, 0, 1, 0,
       1, 0, 1, 0, 0, 1, 0, 0, 1, 0, 0, 0, 1, 1, 1, 1, 1, 0, 0, 0, 1, 0,
       0, 1, 0, 0, 0, 1, 0, 0, 0, 0, 1, 1, 0, 0, 1, 0, 1, 0, 1, 1, 0, 0,
       0, 1, 1, 1, 0, 1, 0, 1, 0, 1, 0, 1, 0, 0, 0, 1, 1, 0, 1, 1, 0, 0,
       1, 0, 1, 0, 1, 1, 1, 0, 0, 0, 1, 1, 0, 0, 0, 0, 0, 0, 0, 0, 1, 0,
       1, 1, 1, 0, 1, 0, 1, 1, 0, 0, 0, 0, 1, 1, 1, 1, 0, 0, 1, 1, 0, 0,
       1, 1, 0, 1, 0, 1, 0, 0, 0, 0, 0, 0, 0, 0, 1, 0, 0, 0, 0, 0, 1, 0,
       1, 1, 1, 0, 1, 1, 1, 1, 0, 1, 0, 1, 0, 1, 1, 0, 1, 1, 0, 1, 1, 1,
       0, 1, 1, 1, 1, 0, 1, 1, 1, 1, 0, 1, 1, 0, 0, 1, 0, 0, 0, 1, 1, 0,
       1, 1, 0, 1, 0, 0, 0, 0, 0, 0, 1, 1, 0, 0, 1, 1, 0, 0, 0, 1, 1, 1,
       0, 0, 0, 1, 1, 0, 0, 1, 0, 0, 0, 0, 0, 0, 1, 1, 1, 0]), array([1, 1, 1, 1, 0, 0, 0, 1, 0, 1, 0, 1, 1, 0, 1, 1, 1, 1, 0, 1, 0, 1,
       1, 0, 0, 1, 0, 0, 1, 1, 0, 0, 0, 1, 1, 0, 0, 1, 1, 1, 0, 1, 1, 1,
       0, 0, 1, 1, 0, 1, 1, 0, 1, 0, 0, 0, 0, 1, 0, 1, 0, 1, 0, 1, 1, 1,
       1, 0, 1, 1, 1, 1, 1, 0, 1, 1, 0, 1, 1, 0, 1, 1, 1, 1, 0, 0, 0, 0,
       0, 0, 0, 1, 0, 1, 1, 0, 1, 1, 0, 0, 1, 0, 1, 0, 1, 0, 1, 0, 1, 0,
       1, 0, 1, 1, 0, 1, 0, 0, 0, 0, 1, 1, 1, 0, 0, 0, 1, 0, 0, 1, 1, 1,
       1, 1, 0, 0, 0, 1, 0, 1, 0, 1, 1, 1, 0, 1, 1, 0, 1, 0, 0, 0, 1, 0,
       1, 0, 1, 0, 0, 0, 1, 1, 0, 0, 1, 1, 0, 0, 0, 0, 1, 1, 1, 0, 0, 1,
       1, 1, 1, 1, 1, 0, 1, 1, 1, 1, 0, 1, 1, 0, 1, 1, 0, 0, 1, 1, 1, 1,
       0, 1, 0, 0, 0, 0, 1, 0, 1, 0, 0, 0, 0, 1, 1, 1, 1, 0, 0, 1, 0, 1,
       1, 1, 1, 1, 0, 0, 0, 0, 0, 0, 1, 1, 0, 1, 1, 0, 1, 0, 1, 0, 0, 0,
       0, 0, 0, 0, 0, 0, 0, 1, 1, 1, 1, 0, 0, 0, 1, 1, 1, 0, 0, 1, 1, 1,
       1, 0, 0, 0, 0, 1, 1, 1, 1, 0, 1, 0, 1, 0, 0, 0, 1, 0, 0, 1, 1, 0,
       0, 0, 1, 1, 0, 0, 0, 0, 0, 1, 0, 1, 1, 0]))
[2025-10-07T00:30:27.189+0000] {taskinstance.py:441} INFO - ::group::Post task execution logs
[2025-10-07T00:30:27.244+0000] {taskinstance.py:1206} INFO - Marking task as SUCCESS. dag_id=Airflow_Lab2, task_id=separate_data_outputs_task, run_id=manual__2025-10-07T00:30:16.114756+00:00, execution_date=20251007T003016, start_date=20251007T003026, end_date=20251007T003027
[2025-10-07T00:30:27.324+0000] {local_task_job_runner.py:240} INFO - Task exited with return code 0
[2025-10-07T00:30:27.408+0000] {taskinstance.py:3503} INFO - 1 downstream tasks scheduled from follow-on schedule check
[2025-10-07T00:30:27.413+0000] {local_task_job_runner.py:222} INFO - ::endgroup::
