[2025-10-06T02:15:15.416+0000] {local_task_job_runner.py:120} INFO - ::group::Pre task execution logs
[2025-10-06T02:15:15.425+0000] {taskinstance.py:2076} INFO - Dependencies all met for dep_context=non-requeueable deps ti=<TaskInstance: Airflow_Lab2.send_email manual__2025-10-06T02:15:05.760088+00:00 [queued]>
[2025-10-06T02:15:15.428+0000] {taskinstance.py:2076} INFO - Dependencies all met for dep_context=requeueable deps ti=<TaskInstance: Airflow_Lab2.send_email manual__2025-10-06T02:15:05.760088+00:00 [queued]>
[2025-10-06T02:15:15.428+0000] {taskinstance.py:2306} INFO - Starting attempt 1 of 1
[2025-10-06T02:15:15.433+0000] {taskinstance.py:2330} INFO - Executing <Task(EmailOperator): send_email> on 2025-10-06 02:15:05.760088+00:00
[2025-10-06T02:15:15.438+0000] {warnings.py:112} WARNING - /home/***/.local/lib/python3.12/site-packages/***/task/task_runner/standard_task_runner.py:61: DeprecationWarning: This process (pid=266) is multi-threaded, use of fork() may lead to deadlocks in the child.
  pid = os.fork()

[2025-10-06T02:15:15.438+0000] {standard_task_runner.py:63} INFO - Started process 278 to run task
[2025-10-06T02:15:15.439+0000] {standard_task_runner.py:90} INFO - Running: ['***', 'tasks', 'run', 'Airflow_Lab2', 'send_email', 'manual__2025-10-06T02:15:05.760088+00:00', '--job-id', '127', '--raw', '--subdir', 'DAGS_FOLDER/main.py', '--cfg-path', '/tmp/tmpc3m562cd']
[2025-10-06T02:15:15.440+0000] {standard_task_runner.py:91} INFO - Job 127: Subtask send_email
[2025-10-06T02:15:15.460+0000] {task_command.py:426} INFO - Running <TaskInstance: Airflow_Lab2.send_email manual__2025-10-06T02:15:05.760088+00:00 [running]> on host 1f6a89bf0e15
[2025-10-06T02:15:15.497+0000] {taskinstance.py:2648} INFO - Exporting env vars: AIRFLOW_CTX_DAG_OWNER='***' AIRFLOW_CTX_DAG_ID='Airflow_Lab2' AIRFLOW_CTX_TASK_ID='send_email' AIRFLOW_CTX_EXECUTION_DATE='2025-10-06T02:15:05.760088+00:00' AIRFLOW_CTX_TRY_NUMBER='1' AIRFLOW_CTX_DAG_RUN_ID='manual__2025-10-06T02:15:05.760088+00:00'
[2025-10-06T02:15:15.498+0000] {taskinstance.py:430} INFO - ::endgroup::
[2025-10-06T02:15:15.507+0000] {warnings.py:112} WARNING - /home/***/.local/lib/python3.12/site-packages/***/utils/email.py:154: RemovedInAirflow3Warning: Fetching SMTP credentials from configuration variables will be deprecated in a future release. Please set credentials using a connection instead.
  send_mime_email(e_from=mail_from, e_to=recipients, mime_msg=msg, conn_id=conn_id, dryrun=dryrun)

[2025-10-06T02:15:15.507+0000] {email.py:271} INFO - Email alerting: attempt 1
[2025-10-06T02:15:15.986+0000] {email.py:282} INFO - Sent an alert email to ['aidevadarshini2002@gmail.com']
[2025-10-06T02:15:17.001+0000] {taskinstance.py:441} INFO - ::group::Post task execution logs
[2025-10-06T02:15:17.011+0000] {taskinstance.py:1206} INFO - Marking task as SUCCESS. dag_id=Airflow_Lab2, task_id=send_email, run_id=manual__2025-10-06T02:15:05.760088+00:00, execution_date=20251006T021505, start_date=20251006T021515, end_date=20251006T021517
[2025-10-06T02:15:17.049+0000] {local_task_job_runner.py:240} INFO - Task exited with return code 0
[2025-10-06T02:15:17.064+0000] {taskinstance.py:3503} INFO - 1 downstream tasks scheduled from follow-on schedule check
[2025-10-06T02:15:17.065+0000] {local_task_job_runner.py:222} INFO - ::endgroup::
