[2025-10-07T01:13:12.417+0000] {local_task_job_runner.py:120} INFO - ::group::Pre task execution logs
[2025-10-07T01:13:12.446+0000] {taskinstance.py:2076} INFO - Dependencies all met for dep_context=non-requeueable deps ti=<TaskInstance: Airflow_Lab2.send_email manual__2025-10-07T01:12:44.000481+00:00 [queued]>
[2025-10-07T01:13:12.453+0000] {taskinstance.py:2076} INFO - Dependencies all met for dep_context=requeueable deps ti=<TaskInstance: Airflow_Lab2.send_email manual__2025-10-07T01:12:44.000481+00:00 [queued]>
[2025-10-07T01:13:12.454+0000] {taskinstance.py:2306} INFO - Starting attempt 1 of 1
[2025-10-07T01:13:12.465+0000] {taskinstance.py:2330} INFO - Executing <Task(EmailOperator): send_email> on 2025-10-07 01:12:44.000481+00:00
[2025-10-07T01:13:12.478+0000] {warnings.py:112} WARNING - /home/***/.local/lib/python3.12/site-packages/***/task/task_runner/standard_task_runner.py:61: DeprecationWarning: This process (pid=971) is multi-threaded, use of fork() may lead to deadlocks in the child.
  pid = os.fork()

[2025-10-07T01:13:12.480+0000] {standard_task_runner.py:63} INFO - Started process 988 to run task
[2025-10-07T01:13:12.479+0000] {standard_task_runner.py:90} INFO - Running: ['***', 'tasks', 'run', 'Airflow_Lab2', 'send_email', 'manual__2025-10-07T01:12:44.000481+00:00', '--job-id', '9', '--raw', '--subdir', 'DAGS_FOLDER/main.py', '--cfg-path', '/tmp/tmpsiq9hr66']
[2025-10-07T01:13:12.482+0000] {standard_task_runner.py:91} INFO - Job 9: Subtask send_email
[2025-10-07T01:13:12.522+0000] {task_command.py:426} INFO - Running <TaskInstance: Airflow_Lab2.send_email manual__2025-10-07T01:12:44.000481+00:00 [running]> on host 67aa1867397e
[2025-10-07T01:13:12.594+0000] {taskinstance.py:2648} INFO - Exporting env vars: AIRFLOW_CTX_DAG_OWNER='***' AIRFLOW_CTX_DAG_ID='Airflow_Lab2' AIRFLOW_CTX_TASK_ID='send_email' AIRFLOW_CTX_EXECUTION_DATE='2025-10-07T01:12:44.000481+00:00' AIRFLOW_CTX_TRY_NUMBER='1' AIRFLOW_CTX_DAG_RUN_ID='manual__2025-10-07T01:12:44.000481+00:00'
[2025-10-07T01:13:12.595+0000] {taskinstance.py:430} INFO - ::endgroup::
[2025-10-07T01:13:12.612+0000] {warnings.py:112} WARNING - /home/***/.local/lib/python3.12/site-packages/***/utils/email.py:154: RemovedInAirflow3Warning: Fetching SMTP credentials from configuration variables will be deprecated in a future release. Please set credentials using a connection instead.
  send_mime_email(e_from=mail_from, e_to=recipients, mime_msg=msg, conn_id=conn_id, dryrun=dryrun)

[2025-10-07T01:13:12.613+0000] {email.py:271} INFO - Email alerting: attempt 1
[2025-10-07T01:13:13.125+0000] {email.py:282} INFO - Sent an alert email to ['harishvtcp@gmail.com']
[2025-10-07T01:13:13.995+0000] {taskinstance.py:441} INFO - ::group::Post task execution logs
[2025-10-07T01:13:14.005+0000] {taskinstance.py:1206} INFO - Marking task as SUCCESS. dag_id=Airflow_Lab2, task_id=send_email, run_id=manual__2025-10-07T01:12:44.000481+00:00, execution_date=20251007T011244, start_date=20251007T011312, end_date=20251007T011314
[2025-10-07T01:13:14.059+0000] {local_task_job_runner.py:240} INFO - Task exited with return code 0
[2025-10-07T01:13:14.076+0000] {taskinstance.py:3503} INFO - 0 downstream tasks scheduled from follow-on schedule check
[2025-10-07T01:13:14.079+0000] {local_task_job_runner.py:222} INFO - ::endgroup::
