[2025-10-07T00:28:58.610+0000] {local_task_job_runner.py:120} INFO - ::group::Pre task execution logs
[2025-10-07T00:28:58.729+0000] {taskinstance.py:2076} INFO - Dependencies all met for dep_context=non-requeueable deps ti=<TaskInstance: Airflow_Lab2.send_email manual__2025-10-07T00:28:30.386153+00:00 [queued]>
[2025-10-07T00:28:58.767+0000] {taskinstance.py:2076} INFO - Dependencies all met for dep_context=requeueable deps ti=<TaskInstance: Airflow_Lab2.send_email manual__2025-10-07T00:28:30.386153+00:00 [queued]>
[2025-10-07T00:28:58.769+0000] {taskinstance.py:2306} INFO - Starting attempt 1 of 1
[2025-10-07T00:28:58.816+0000] {taskinstance.py:2330} INFO - Executing <Task(EmailOperator): send_email> on 2025-10-07 00:28:30.386153+00:00
[2025-10-07T00:28:58.855+0000] {standard_task_runner.py:90} INFO - Running: ['***', 'tasks', 'run', 'Airflow_Lab2', 'send_email', 'manual__2025-10-07T00:28:30.386153+00:00', '--job-id', '36', '--raw', '--subdir', 'DAGS_FOLDER/main.py', '--cfg-path', '/tmp/tmp4zhi7rki']
[2025-10-07T00:28:58.854+0000] {warnings.py:112} WARNING - /home/***/.local/lib/python3.12/site-packages/***/task/task_runner/standard_task_runner.py:61: DeprecationWarning: This process (pid=210) is multi-threaded, use of fork() may lead to deadlocks in the child.
  pid = os.fork()

[2025-10-07T00:28:58.862+0000] {standard_task_runner.py:91} INFO - Job 36: Subtask send_email
[2025-10-07T00:28:58.869+0000] {standard_task_runner.py:63} INFO - Started process 221 to run task
[2025-10-07T00:28:59.006+0000] {task_command.py:426} INFO - Running <TaskInstance: Airflow_Lab2.send_email manual__2025-10-07T00:28:30.386153+00:00 [running]> on host 606dbaf4a6b3
[2025-10-07T00:28:59.478+0000] {taskinstance.py:2648} INFO - Exporting env vars: AIRFLOW_CTX_DAG_OWNER='***' AIRFLOW_CTX_DAG_ID='Airflow_Lab2' AIRFLOW_CTX_TASK_ID='send_email' AIRFLOW_CTX_EXECUTION_DATE='2025-10-07T00:28:30.386153+00:00' AIRFLOW_CTX_TRY_NUMBER='1' AIRFLOW_CTX_DAG_RUN_ID='manual__2025-10-07T00:28:30.386153+00:00'
[2025-10-07T00:28:59.487+0000] {taskinstance.py:430} INFO - ::endgroup::
[2025-10-07T00:28:59.594+0000] {base.py:84} INFO - Using connection ID 'smtp_default' for task execution.
[2025-10-07T00:28:59.606+0000] {email.py:271} INFO - Email alerting: attempt 1
[2025-10-07T00:29:00.240+0000] {email.py:282} INFO - Sent an alert email to ['aidevadarshini2002@gmail.com']
[2025-10-07T00:29:01.133+0000] {taskinstance.py:441} INFO - ::group::Post task execution logs
[2025-10-07T00:29:01.177+0000] {taskinstance.py:1206} INFO - Marking task as SUCCESS. dag_id=Airflow_Lab2, task_id=send_email, run_id=manual__2025-10-07T00:28:30.386153+00:00, execution_date=20251007T002830, start_date=20251007T002858, end_date=20251007T002901
[2025-10-07T00:29:01.249+0000] {local_task_job_runner.py:240} INFO - Task exited with return code 0
[2025-10-07T00:29:01.297+0000] {taskinstance.py:3503} INFO - 0 downstream tasks scheduled from follow-on schedule check
[2025-10-07T00:29:01.301+0000] {local_task_job_runner.py:222} INFO - ::endgroup::
