[2025-10-07T01:09:25.332+0000] {processor.py:161} INFO - Started process (PID=103) to work on /opt/airflow/dags/Flask_API.py
[2025-10-07T01:09:25.332+0000] {processor.py:830} INFO - Processing file /opt/airflow/dags/Flask_API.py for tasks to queue
[2025-10-07T01:09:25.334+0000] {logging_mixin.py:188} INFO - [2025-10-07T01:09:25.334+0000] {dagbag.py:545} INFO - Filling up the DagBag from /opt/airflow/dags/Flask_API.py
[2025-10-07T01:09:25.384+0000] {processor.py:840} INFO - DAG(s) 'Airflow_Lab2_Flask' retrieved from /opt/airflow/dags/Flask_API.py
[2025-10-07T01:09:25.692+0000] {logging_mixin.py:188} INFO - [2025-10-07T01:09:25.691+0000] {override.py:1829} INFO - Created Permission View: can read on DAG:Airflow_Lab2_Flask
[2025-10-07T01:09:25.705+0000] {logging_mixin.py:188} INFO - [2025-10-07T01:09:25.704+0000] {override.py:1829} INFO - Created Permission View: can edit on DAG:Airflow_Lab2_Flask
[2025-10-07T01:09:25.712+0000] {logging_mixin.py:188} INFO - [2025-10-07T01:09:25.712+0000] {override.py:1829} INFO - Created Permission View: can delete on DAG:Airflow_Lab2_Flask
[2025-10-07T01:09:25.713+0000] {logging_mixin.py:188} INFO - [2025-10-07T01:09:25.713+0000] {dag.py:3096} INFO - Sync 1 DAGs
[2025-10-07T01:09:25.725+0000] {logging_mixin.py:188} INFO - [2025-10-07T01:09:25.725+0000] {dag.py:3118} INFO - Creating ORM DAG for Airflow_Lab2_Flask
[2025-10-07T01:09:25.726+0000] {logging_mixin.py:188} INFO - [2025-10-07T01:09:25.726+0000] {dag.py:3954} INFO - Setting next_dagrun for Airflow_Lab2_Flask to None, run_after=None
[2025-10-07T01:09:25.747+0000] {processor.py:183} INFO - Processing /opt/airflow/dags/Flask_API.py took 0.423 seconds
[2025-10-07T01:09:56.101+0000] {processor.py:161} INFO - Started process (PID=126) to work on /opt/airflow/dags/Flask_API.py
[2025-10-07T01:09:56.103+0000] {processor.py:830} INFO - Processing file /opt/airflow/dags/Flask_API.py for tasks to queue
[2025-10-07T01:09:56.109+0000] {logging_mixin.py:188} INFO - [2025-10-07T01:09:56.109+0000] {dagbag.py:545} INFO - Filling up the DagBag from /opt/airflow/dags/Flask_API.py
[2025-10-07T01:09:56.147+0000] {processor.py:840} INFO - DAG(s) 'Airflow_Lab2_Flask' retrieved from /opt/airflow/dags/Flask_API.py
[2025-10-07T01:09:56.275+0000] {logging_mixin.py:188} INFO - [2025-10-07T01:09:56.275+0000] {dag.py:3096} INFO - Sync 1 DAGs
[2025-10-07T01:09:56.287+0000] {logging_mixin.py:188} INFO - [2025-10-07T01:09:56.287+0000] {dag.py:3954} INFO - Setting next_dagrun for Airflow_Lab2_Flask to None, run_after=None
[2025-10-07T01:09:56.307+0000] {processor.py:183} INFO - Processing /opt/airflow/dags/Flask_API.py took 0.220 seconds
[2025-10-07T01:10:26.685+0000] {processor.py:161} INFO - Started process (PID=156) to work on /opt/airflow/dags/Flask_API.py
[2025-10-07T01:10:26.686+0000] {processor.py:830} INFO - Processing file /opt/airflow/dags/Flask_API.py for tasks to queue
[2025-10-07T01:10:26.688+0000] {logging_mixin.py:188} INFO - [2025-10-07T01:10:26.688+0000] {dagbag.py:545} INFO - Filling up the DagBag from /opt/airflow/dags/Flask_API.py
[2025-10-07T01:10:26.707+0000] {processor.py:840} INFO - DAG(s) 'Airflow_Lab2_Flask' retrieved from /opt/airflow/dags/Flask_API.py
[2025-10-07T01:10:26.791+0000] {logging_mixin.py:188} INFO - [2025-10-07T01:10:26.791+0000] {dag.py:3096} INFO - Sync 1 DAGs
[2025-10-07T01:10:26.802+0000] {logging_mixin.py:188} INFO - [2025-10-07T01:10:26.802+0000] {dag.py:3954} INFO - Setting next_dagrun for Airflow_Lab2_Flask to None, run_after=None
[2025-10-07T01:10:26.822+0000] {processor.py:183} INFO - Processing /opt/airflow/dags/Flask_API.py took 0.141 seconds
[2025-10-07T01:10:57.124+0000] {processor.py:161} INFO - Started process (PID=180) to work on /opt/airflow/dags/Flask_API.py
[2025-10-07T01:10:57.125+0000] {processor.py:830} INFO - Processing file /opt/airflow/dags/Flask_API.py for tasks to queue
[2025-10-07T01:10:57.127+0000] {logging_mixin.py:188} INFO - [2025-10-07T01:10:57.127+0000] {dagbag.py:545} INFO - Filling up the DagBag from /opt/airflow/dags/Flask_API.py
[2025-10-07T01:10:57.145+0000] {processor.py:840} INFO - DAG(s) 'Airflow_Lab2_Flask' retrieved from /opt/airflow/dags/Flask_API.py
[2025-10-07T01:10:57.227+0000] {logging_mixin.py:188} INFO - [2025-10-07T01:10:57.226+0000] {dag.py:3096} INFO - Sync 1 DAGs
[2025-10-07T01:10:57.235+0000] {logging_mixin.py:188} INFO - [2025-10-07T01:10:57.235+0000] {dag.py:3954} INFO - Setting next_dagrun for Airflow_Lab2_Flask to None, run_after=None
[2025-10-07T01:10:57.254+0000] {processor.py:183} INFO - Processing /opt/airflow/dags/Flask_API.py took 0.136 seconds
[2025-10-07T01:11:27.369+0000] {processor.py:161} INFO - Started process (PID=204) to work on /opt/airflow/dags/Flask_API.py
[2025-10-07T01:11:27.370+0000] {processor.py:830} INFO - Processing file /opt/airflow/dags/Flask_API.py for tasks to queue
[2025-10-07T01:11:27.372+0000] {logging_mixin.py:188} INFO - [2025-10-07T01:11:27.371+0000] {dagbag.py:545} INFO - Filling up the DagBag from /opt/airflow/dags/Flask_API.py
[2025-10-07T01:11:27.392+0000] {processor.py:840} INFO - DAG(s) 'Airflow_Lab2_Flask' retrieved from /opt/airflow/dags/Flask_API.py
[2025-10-07T01:11:27.484+0000] {logging_mixin.py:188} INFO - [2025-10-07T01:11:27.483+0000] {dag.py:3096} INFO - Sync 1 DAGs
[2025-10-07T01:11:27.495+0000] {logging_mixin.py:188} INFO - [2025-10-07T01:11:27.495+0000] {dag.py:3954} INFO - Setting next_dagrun for Airflow_Lab2_Flask to None, run_after=None
[2025-10-07T01:11:27.514+0000] {processor.py:183} INFO - Processing /opt/airflow/dags/Flask_API.py took 0.151 seconds
[2025-10-07T01:11:57.739+0000] {processor.py:161} INFO - Started process (PID=228) to work on /opt/airflow/dags/Flask_API.py
[2025-10-07T01:11:57.741+0000] {processor.py:830} INFO - Processing file /opt/airflow/dags/Flask_API.py for tasks to queue
[2025-10-07T01:11:57.742+0000] {logging_mixin.py:188} INFO - [2025-10-07T01:11:57.742+0000] {dagbag.py:545} INFO - Filling up the DagBag from /opt/airflow/dags/Flask_API.py
[2025-10-07T01:11:57.758+0000] {processor.py:840} INFO - DAG(s) 'Airflow_Lab2_Flask' retrieved from /opt/airflow/dags/Flask_API.py
[2025-10-07T01:11:57.847+0000] {logging_mixin.py:188} INFO - [2025-10-07T01:11:57.846+0000] {dag.py:3096} INFO - Sync 1 DAGs
[2025-10-07T01:11:57.856+0000] {logging_mixin.py:188} INFO - [2025-10-07T01:11:57.856+0000] {dag.py:3954} INFO - Setting next_dagrun for Airflow_Lab2_Flask to None, run_after=None
[2025-10-07T01:11:57.879+0000] {processor.py:183} INFO - Processing /opt/airflow/dags/Flask_API.py took 0.144 seconds
[2025-10-07T01:12:28.294+0000] {processor.py:161} INFO - Started process (PID=252) to work on /opt/airflow/dags/Flask_API.py
[2025-10-07T01:12:28.295+0000] {processor.py:830} INFO - Processing file /opt/airflow/dags/Flask_API.py for tasks to queue
[2025-10-07T01:12:28.297+0000] {logging_mixin.py:188} INFO - [2025-10-07T01:12:28.297+0000] {dagbag.py:545} INFO - Filling up the DagBag from /opt/airflow/dags/Flask_API.py
[2025-10-07T01:12:28.313+0000] {processor.py:840} INFO - DAG(s) 'Airflow_Lab2_Flask' retrieved from /opt/airflow/dags/Flask_API.py
[2025-10-07T01:12:28.388+0000] {logging_mixin.py:188} INFO - [2025-10-07T01:12:28.387+0000] {dag.py:3096} INFO - Sync 1 DAGs
[2025-10-07T01:12:28.396+0000] {logging_mixin.py:188} INFO - [2025-10-07T01:12:28.395+0000] {dag.py:3954} INFO - Setting next_dagrun for Airflow_Lab2_Flask to None, run_after=None
[2025-10-07T01:12:28.414+0000] {processor.py:183} INFO - Processing /opt/airflow/dags/Flask_API.py took 0.127 seconds
[2025-10-07T01:12:58.728+0000] {processor.py:161} INFO - Started process (PID=276) to work on /opt/airflow/dags/Flask_API.py
[2025-10-07T01:12:58.731+0000] {processor.py:830} INFO - Processing file /opt/airflow/dags/Flask_API.py for tasks to queue
[2025-10-07T01:12:58.734+0000] {logging_mixin.py:188} INFO - [2025-10-07T01:12:58.734+0000] {dagbag.py:545} INFO - Filling up the DagBag from /opt/airflow/dags/Flask_API.py
[2025-10-07T01:12:58.764+0000] {processor.py:840} INFO - DAG(s) 'Airflow_Lab2_Flask' retrieved from /opt/airflow/dags/Flask_API.py
[2025-10-07T01:12:58.875+0000] {logging_mixin.py:188} INFO - [2025-10-07T01:12:58.875+0000] {dag.py:3096} INFO - Sync 1 DAGs
[2025-10-07T01:12:58.888+0000] {logging_mixin.py:188} INFO - [2025-10-07T01:12:58.888+0000] {dag.py:3954} INFO - Setting next_dagrun for Airflow_Lab2_Flask to None, run_after=None
[2025-10-07T01:12:58.914+0000] {processor.py:183} INFO - Processing /opt/airflow/dags/Flask_API.py took 0.191 seconds
[2025-10-07T01:13:29.093+0000] {processor.py:161} INFO - Started process (PID=300) to work on /opt/airflow/dags/Flask_API.py
[2025-10-07T01:13:29.098+0000] {processor.py:830} INFO - Processing file /opt/airflow/dags/Flask_API.py for tasks to queue
[2025-10-07T01:13:29.101+0000] {logging_mixin.py:188} INFO - [2025-10-07T01:13:29.100+0000] {dagbag.py:545} INFO - Filling up the DagBag from /opt/airflow/dags/Flask_API.py
[2025-10-07T01:13:29.130+0000] {processor.py:840} INFO - DAG(s) 'Airflow_Lab2_Flask' retrieved from /opt/airflow/dags/Flask_API.py
[2025-10-07T01:13:29.240+0000] {logging_mixin.py:188} INFO - [2025-10-07T01:13:29.240+0000] {dag.py:3096} INFO - Sync 1 DAGs
[2025-10-07T01:13:29.251+0000] {logging_mixin.py:188} INFO - [2025-10-07T01:13:29.251+0000] {dag.py:3954} INFO - Setting next_dagrun for Airflow_Lab2_Flask to None, run_after=None
[2025-10-07T01:13:29.278+0000] {processor.py:183} INFO - Processing /opt/airflow/dags/Flask_API.py took 0.196 seconds
[2025-10-07T01:13:59.537+0000] {processor.py:161} INFO - Started process (PID=324) to work on /opt/airflow/dags/Flask_API.py
[2025-10-07T01:13:59.537+0000] {processor.py:830} INFO - Processing file /opt/airflow/dags/Flask_API.py for tasks to queue
[2025-10-07T01:13:59.539+0000] {logging_mixin.py:188} INFO - [2025-10-07T01:13:59.539+0000] {dagbag.py:545} INFO - Filling up the DagBag from /opt/airflow/dags/Flask_API.py
[2025-10-07T01:13:59.554+0000] {processor.py:840} INFO - DAG(s) 'Airflow_Lab2_Flask' retrieved from /opt/airflow/dags/Flask_API.py
[2025-10-07T01:13:59.631+0000] {logging_mixin.py:188} INFO - [2025-10-07T01:13:59.631+0000] {dag.py:3096} INFO - Sync 1 DAGs
[2025-10-07T01:13:59.640+0000] {logging_mixin.py:188} INFO - [2025-10-07T01:13:59.639+0000] {dag.py:3954} INFO - Setting next_dagrun for Airflow_Lab2_Flask to None, run_after=None
[2025-10-07T01:13:59.659+0000] {processor.py:183} INFO - Processing /opt/airflow/dags/Flask_API.py took 0.126 seconds
[2025-10-07T01:14:30.151+0000] {processor.py:161} INFO - Started process (PID=348) to work on /opt/airflow/dags/Flask_API.py
[2025-10-07T01:14:30.151+0000] {processor.py:830} INFO - Processing file /opt/airflow/dags/Flask_API.py for tasks to queue
[2025-10-07T01:14:30.153+0000] {logging_mixin.py:188} INFO - [2025-10-07T01:14:30.153+0000] {dagbag.py:545} INFO - Filling up the DagBag from /opt/airflow/dags/Flask_API.py
[2025-10-07T01:14:30.168+0000] {processor.py:840} INFO - DAG(s) 'Airflow_Lab2_Flask' retrieved from /opt/airflow/dags/Flask_API.py
[2025-10-07T01:14:30.243+0000] {logging_mixin.py:188} INFO - [2025-10-07T01:14:30.243+0000] {dag.py:3096} INFO - Sync 1 DAGs
[2025-10-07T01:14:30.251+0000] {logging_mixin.py:188} INFO - [2025-10-07T01:14:30.251+0000] {dag.py:3954} INFO - Setting next_dagrun for Airflow_Lab2_Flask to None, run_after=None
[2025-10-07T01:14:30.269+0000] {processor.py:183} INFO - Processing /opt/airflow/dags/Flask_API.py took 0.123 seconds
[2025-10-07T01:15:00.465+0000] {processor.py:161} INFO - Started process (PID=372) to work on /opt/airflow/dags/Flask_API.py
[2025-10-07T01:15:00.466+0000] {processor.py:830} INFO - Processing file /opt/airflow/dags/Flask_API.py for tasks to queue
[2025-10-07T01:15:00.467+0000] {logging_mixin.py:188} INFO - [2025-10-07T01:15:00.467+0000] {dagbag.py:545} INFO - Filling up the DagBag from /opt/airflow/dags/Flask_API.py
[2025-10-07T01:15:00.484+0000] {processor.py:840} INFO - DAG(s) 'Airflow_Lab2_Flask' retrieved from /opt/airflow/dags/Flask_API.py
[2025-10-07T01:15:00.559+0000] {logging_mixin.py:188} INFO - [2025-10-07T01:15:00.559+0000] {dag.py:3096} INFO - Sync 1 DAGs
[2025-10-07T01:15:00.567+0000] {logging_mixin.py:188} INFO - [2025-10-07T01:15:00.567+0000] {dag.py:3954} INFO - Setting next_dagrun for Airflow_Lab2_Flask to None, run_after=None
[2025-10-07T01:15:00.589+0000] {processor.py:183} INFO - Processing /opt/airflow/dags/Flask_API.py took 0.129 seconds
[2025-10-07T01:15:30.811+0000] {processor.py:161} INFO - Started process (PID=396) to work on /opt/airflow/dags/Flask_API.py
[2025-10-07T01:15:30.811+0000] {processor.py:830} INFO - Processing file /opt/airflow/dags/Flask_API.py for tasks to queue
[2025-10-07T01:15:30.813+0000] {logging_mixin.py:188} INFO - [2025-10-07T01:15:30.813+0000] {dagbag.py:545} INFO - Filling up the DagBag from /opt/airflow/dags/Flask_API.py
[2025-10-07T01:15:30.827+0000] {processor.py:840} INFO - DAG(s) 'Airflow_Lab2_Flask' retrieved from /opt/airflow/dags/Flask_API.py
[2025-10-07T01:15:30.900+0000] {logging_mixin.py:188} INFO - [2025-10-07T01:15:30.900+0000] {dag.py:3096} INFO - Sync 1 DAGs
[2025-10-07T01:15:30.909+0000] {logging_mixin.py:188} INFO - [2025-10-07T01:15:30.909+0000] {dag.py:3954} INFO - Setting next_dagrun for Airflow_Lab2_Flask to None, run_after=None
[2025-10-07T01:15:30.926+0000] {processor.py:183} INFO - Processing /opt/airflow/dags/Flask_API.py took 0.119 seconds
[2025-10-07T01:16:01.058+0000] {processor.py:161} INFO - Started process (PID=420) to work on /opt/airflow/dags/Flask_API.py
[2025-10-07T01:16:01.059+0000] {processor.py:830} INFO - Processing file /opt/airflow/dags/Flask_API.py for tasks to queue
[2025-10-07T01:16:01.060+0000] {logging_mixin.py:188} INFO - [2025-10-07T01:16:01.060+0000] {dagbag.py:545} INFO - Filling up the DagBag from /opt/airflow/dags/Flask_API.py
[2025-10-07T01:16:01.076+0000] {processor.py:840} INFO - DAG(s) 'Airflow_Lab2_Flask' retrieved from /opt/airflow/dags/Flask_API.py
[2025-10-07T01:16:01.149+0000] {logging_mixin.py:188} INFO - [2025-10-07T01:16:01.149+0000] {dag.py:3096} INFO - Sync 1 DAGs
[2025-10-07T01:16:01.157+0000] {logging_mixin.py:188} INFO - [2025-10-07T01:16:01.157+0000] {dag.py:3954} INFO - Setting next_dagrun for Airflow_Lab2_Flask to None, run_after=None
[2025-10-07T01:16:01.176+0000] {processor.py:183} INFO - Processing /opt/airflow/dags/Flask_API.py took 0.122 seconds
[2025-10-07T01:16:31.380+0000] {processor.py:161} INFO - Started process (PID=444) to work on /opt/airflow/dags/Flask_API.py
[2025-10-07T01:16:31.381+0000] {processor.py:830} INFO - Processing file /opt/airflow/dags/Flask_API.py for tasks to queue
[2025-10-07T01:16:31.382+0000] {logging_mixin.py:188} INFO - [2025-10-07T01:16:31.382+0000] {dagbag.py:545} INFO - Filling up the DagBag from /opt/airflow/dags/Flask_API.py
[2025-10-07T01:16:31.404+0000] {processor.py:840} INFO - DAG(s) 'Airflow_Lab2_Flask' retrieved from /opt/airflow/dags/Flask_API.py
[2025-10-07T01:16:31.489+0000] {logging_mixin.py:188} INFO - [2025-10-07T01:16:31.489+0000] {dag.py:3096} INFO - Sync 1 DAGs
[2025-10-07T01:16:31.499+0000] {logging_mixin.py:188} INFO - [2025-10-07T01:16:31.499+0000] {dag.py:3954} INFO - Setting next_dagrun for Airflow_Lab2_Flask to None, run_after=None
[2025-10-07T01:16:31.521+0000] {processor.py:183} INFO - Processing /opt/airflow/dags/Flask_API.py took 0.146 seconds
[2025-10-07T01:17:01.676+0000] {processor.py:161} INFO - Started process (PID=468) to work on /opt/airflow/dags/Flask_API.py
[2025-10-07T01:17:01.676+0000] {processor.py:830} INFO - Processing file /opt/airflow/dags/Flask_API.py for tasks to queue
[2025-10-07T01:17:01.678+0000] {logging_mixin.py:188} INFO - [2025-10-07T01:17:01.678+0000] {dagbag.py:545} INFO - Filling up the DagBag from /opt/airflow/dags/Flask_API.py
[2025-10-07T01:17:01.693+0000] {processor.py:840} INFO - DAG(s) 'Airflow_Lab2_Flask' retrieved from /opt/airflow/dags/Flask_API.py
[2025-10-07T01:17:01.773+0000] {logging_mixin.py:188} INFO - [2025-10-07T01:17:01.773+0000] {dag.py:3096} INFO - Sync 1 DAGs
[2025-10-07T01:17:01.781+0000] {logging_mixin.py:188} INFO - [2025-10-07T01:17:01.781+0000] {dag.py:3954} INFO - Setting next_dagrun for Airflow_Lab2_Flask to None, run_after=None
[2025-10-07T01:17:01.799+0000] {processor.py:183} INFO - Processing /opt/airflow/dags/Flask_API.py took 0.127 seconds
[2025-10-07T01:17:31.913+0000] {processor.py:161} INFO - Started process (PID=492) to work on /opt/airflow/dags/Flask_API.py
[2025-10-07T01:17:31.914+0000] {processor.py:830} INFO - Processing file /opt/airflow/dags/Flask_API.py for tasks to queue
[2025-10-07T01:17:31.915+0000] {logging_mixin.py:188} INFO - [2025-10-07T01:17:31.915+0000] {dagbag.py:545} INFO - Filling up the DagBag from /opt/airflow/dags/Flask_API.py
[2025-10-07T01:17:31.933+0000] {processor.py:840} INFO - DAG(s) 'Airflow_Lab2_Flask' retrieved from /opt/airflow/dags/Flask_API.py
[2025-10-07T01:17:32.011+0000] {logging_mixin.py:188} INFO - [2025-10-07T01:17:32.011+0000] {dag.py:3096} INFO - Sync 1 DAGs
[2025-10-07T01:17:32.020+0000] {logging_mixin.py:188} INFO - [2025-10-07T01:17:32.020+0000] {dag.py:3954} INFO - Setting next_dagrun for Airflow_Lab2_Flask to None, run_after=None
[2025-10-07T01:17:32.040+0000] {processor.py:183} INFO - Processing /opt/airflow/dags/Flask_API.py took 0.131 seconds
[2025-10-07T01:18:02.298+0000] {processor.py:161} INFO - Started process (PID=516) to work on /opt/airflow/dags/Flask_API.py
[2025-10-07T01:18:02.299+0000] {processor.py:830} INFO - Processing file /opt/airflow/dags/Flask_API.py for tasks to queue
[2025-10-07T01:18:02.300+0000] {logging_mixin.py:188} INFO - [2025-10-07T01:18:02.300+0000] {dagbag.py:545} INFO - Filling up the DagBag from /opt/airflow/dags/Flask_API.py
[2025-10-07T01:18:02.319+0000] {processor.py:840} INFO - DAG(s) 'Airflow_Lab2_Flask' retrieved from /opt/airflow/dags/Flask_API.py
[2025-10-07T01:18:02.409+0000] {logging_mixin.py:188} INFO - [2025-10-07T01:18:02.409+0000] {dag.py:3096} INFO - Sync 1 DAGs
[2025-10-07T01:18:02.418+0000] {logging_mixin.py:188} INFO - [2025-10-07T01:18:02.418+0000] {dag.py:3954} INFO - Setting next_dagrun for Airflow_Lab2_Flask to None, run_after=None
[2025-10-07T01:18:02.448+0000] {processor.py:183} INFO - Processing /opt/airflow/dags/Flask_API.py took 0.154 seconds
[2025-10-07T01:18:32.650+0000] {processor.py:161} INFO - Started process (PID=540) to work on /opt/airflow/dags/Flask_API.py
[2025-10-07T01:18:32.650+0000] {processor.py:830} INFO - Processing file /opt/airflow/dags/Flask_API.py for tasks to queue
[2025-10-07T01:18:32.652+0000] {logging_mixin.py:188} INFO - [2025-10-07T01:18:32.652+0000] {dagbag.py:545} INFO - Filling up the DagBag from /opt/airflow/dags/Flask_API.py
[2025-10-07T01:18:32.668+0000] {processor.py:840} INFO - DAG(s) 'Airflow_Lab2_Flask' retrieved from /opt/airflow/dags/Flask_API.py
[2025-10-07T01:18:32.744+0000] {logging_mixin.py:188} INFO - [2025-10-07T01:18:32.744+0000] {dag.py:3096} INFO - Sync 1 DAGs
[2025-10-07T01:18:32.754+0000] {logging_mixin.py:188} INFO - [2025-10-07T01:18:32.753+0000] {dag.py:3954} INFO - Setting next_dagrun for Airflow_Lab2_Flask to None, run_after=None
[2025-10-07T01:18:32.771+0000] {processor.py:183} INFO - Processing /opt/airflow/dags/Flask_API.py took 0.125 seconds
[2025-10-07T01:19:03.229+0000] {processor.py:161} INFO - Started process (PID=564) to work on /opt/airflow/dags/Flask_API.py
[2025-10-07T01:19:03.230+0000] {processor.py:830} INFO - Processing file /opt/airflow/dags/Flask_API.py for tasks to queue
[2025-10-07T01:19:03.231+0000] {logging_mixin.py:188} INFO - [2025-10-07T01:19:03.231+0000] {dagbag.py:545} INFO - Filling up the DagBag from /opt/airflow/dags/Flask_API.py
[2025-10-07T01:19:03.246+0000] {processor.py:840} INFO - DAG(s) 'Airflow_Lab2_Flask' retrieved from /opt/airflow/dags/Flask_API.py
[2025-10-07T01:19:03.318+0000] {logging_mixin.py:188} INFO - [2025-10-07T01:19:03.318+0000] {dag.py:3096} INFO - Sync 1 DAGs
[2025-10-07T01:19:03.326+0000] {logging_mixin.py:188} INFO - [2025-10-07T01:19:03.326+0000] {dag.py:3954} INFO - Setting next_dagrun for Airflow_Lab2_Flask to None, run_after=None
[2025-10-07T01:19:03.354+0000] {processor.py:183} INFO - Processing /opt/airflow/dags/Flask_API.py took 0.129 seconds
[2025-10-07T01:19:33.626+0000] {processor.py:161} INFO - Started process (PID=588) to work on /opt/airflow/dags/Flask_API.py
[2025-10-07T01:19:33.627+0000] {processor.py:830} INFO - Processing file /opt/airflow/dags/Flask_API.py for tasks to queue
[2025-10-07T01:19:33.628+0000] {logging_mixin.py:188} INFO - [2025-10-07T01:19:33.628+0000] {dagbag.py:545} INFO - Filling up the DagBag from /opt/airflow/dags/Flask_API.py
[2025-10-07T01:19:33.644+0000] {processor.py:840} INFO - DAG(s) 'Airflow_Lab2_Flask' retrieved from /opt/airflow/dags/Flask_API.py
[2025-10-07T01:19:33.730+0000] {logging_mixin.py:188} INFO - [2025-10-07T01:19:33.730+0000] {dag.py:3096} INFO - Sync 1 DAGs
[2025-10-07T01:19:33.741+0000] {logging_mixin.py:188} INFO - [2025-10-07T01:19:33.741+0000] {dag.py:3954} INFO - Setting next_dagrun for Airflow_Lab2_Flask to None, run_after=None
[2025-10-07T01:19:33.761+0000] {processor.py:183} INFO - Processing /opt/airflow/dags/Flask_API.py took 0.139 seconds
[2025-10-07T01:20:04.026+0000] {processor.py:161} INFO - Started process (PID=612) to work on /opt/airflow/dags/Flask_API.py
[2025-10-07T01:20:04.027+0000] {processor.py:830} INFO - Processing file /opt/airflow/dags/Flask_API.py for tasks to queue
[2025-10-07T01:20:04.029+0000] {logging_mixin.py:188} INFO - [2025-10-07T01:20:04.029+0000] {dagbag.py:545} INFO - Filling up the DagBag from /opt/airflow/dags/Flask_API.py
[2025-10-07T01:20:04.046+0000] {processor.py:840} INFO - DAG(s) 'Airflow_Lab2_Flask' retrieved from /opt/airflow/dags/Flask_API.py
[2025-10-07T01:20:04.131+0000] {logging_mixin.py:188} INFO - [2025-10-07T01:20:04.130+0000] {dag.py:3096} INFO - Sync 1 DAGs
[2025-10-07T01:20:04.141+0000] {logging_mixin.py:188} INFO - [2025-10-07T01:20:04.141+0000] {dag.py:3954} INFO - Setting next_dagrun for Airflow_Lab2_Flask to None, run_after=None
[2025-10-07T01:20:04.160+0000] {processor.py:183} INFO - Processing /opt/airflow/dags/Flask_API.py took 0.138 seconds
[2025-10-07T01:20:34.319+0000] {processor.py:161} INFO - Started process (PID=642) to work on /opt/airflow/dags/Flask_API.py
[2025-10-07T01:20:34.320+0000] {processor.py:830} INFO - Processing file /opt/airflow/dags/Flask_API.py for tasks to queue
[2025-10-07T01:20:34.322+0000] {logging_mixin.py:188} INFO - [2025-10-07T01:20:34.321+0000] {dagbag.py:545} INFO - Filling up the DagBag from /opt/airflow/dags/Flask_API.py
[2025-10-07T01:20:34.341+0000] {processor.py:840} INFO - DAG(s) 'Airflow_Lab2_Flask' retrieved from /opt/airflow/dags/Flask_API.py
[2025-10-07T01:20:34.427+0000] {logging_mixin.py:188} INFO - [2025-10-07T01:20:34.427+0000] {dag.py:3096} INFO - Sync 1 DAGs
[2025-10-07T01:20:34.437+0000] {logging_mixin.py:188} INFO - [2025-10-07T01:20:34.437+0000] {dag.py:3954} INFO - Setting next_dagrun for Airflow_Lab2_Flask to None, run_after=None
[2025-10-07T01:20:34.461+0000] {processor.py:183} INFO - Processing /opt/airflow/dags/Flask_API.py took 0.147 seconds
[2025-10-07T01:21:04.612+0000] {processor.py:161} INFO - Started process (PID=666) to work on /opt/airflow/dags/Flask_API.py
[2025-10-07T01:21:04.613+0000] {processor.py:830} INFO - Processing file /opt/airflow/dags/Flask_API.py for tasks to queue
[2025-10-07T01:21:04.615+0000] {logging_mixin.py:188} INFO - [2025-10-07T01:21:04.614+0000] {dagbag.py:545} INFO - Filling up the DagBag from /opt/airflow/dags/Flask_API.py
[2025-10-07T01:21:04.630+0000] {processor.py:840} INFO - DAG(s) 'Airflow_Lab2_Flask' retrieved from /opt/airflow/dags/Flask_API.py
[2025-10-07T01:21:04.706+0000] {logging_mixin.py:188} INFO - [2025-10-07T01:21:04.706+0000] {dag.py:3096} INFO - Sync 1 DAGs
[2025-10-07T01:21:04.718+0000] {logging_mixin.py:188} INFO - [2025-10-07T01:21:04.717+0000] {dag.py:3954} INFO - Setting next_dagrun for Airflow_Lab2_Flask to None, run_after=None
[2025-10-07T01:21:04.738+0000] {processor.py:183} INFO - Processing /opt/airflow/dags/Flask_API.py took 0.130 seconds
[2025-10-07T01:21:34.920+0000] {processor.py:161} INFO - Started process (PID=691) to work on /opt/airflow/dags/Flask_API.py
[2025-10-07T01:21:34.920+0000] {processor.py:830} INFO - Processing file /opt/airflow/dags/Flask_API.py for tasks to queue
[2025-10-07T01:21:34.922+0000] {logging_mixin.py:188} INFO - [2025-10-07T01:21:34.921+0000] {dagbag.py:545} INFO - Filling up the DagBag from /opt/airflow/dags/Flask_API.py
[2025-10-07T01:21:34.939+0000] {processor.py:840} INFO - DAG(s) 'Airflow_Lab2_Flask' retrieved from /opt/airflow/dags/Flask_API.py
[2025-10-07T01:21:35.015+0000] {logging_mixin.py:188} INFO - [2025-10-07T01:21:35.014+0000] {dag.py:3096} INFO - Sync 1 DAGs
[2025-10-07T01:21:35.022+0000] {logging_mixin.py:188} INFO - [2025-10-07T01:21:35.022+0000] {dag.py:3954} INFO - Setting next_dagrun for Airflow_Lab2_Flask to None, run_after=None
[2025-10-07T01:21:35.043+0000] {processor.py:183} INFO - Processing /opt/airflow/dags/Flask_API.py took 0.128 seconds
[2025-10-07T01:22:05.250+0000] {processor.py:161} INFO - Started process (PID=715) to work on /opt/airflow/dags/Flask_API.py
[2025-10-07T01:22:05.251+0000] {processor.py:830} INFO - Processing file /opt/airflow/dags/Flask_API.py for tasks to queue
[2025-10-07T01:22:05.252+0000] {logging_mixin.py:188} INFO - [2025-10-07T01:22:05.252+0000] {dagbag.py:545} INFO - Filling up the DagBag from /opt/airflow/dags/Flask_API.py
[2025-10-07T01:22:05.266+0000] {processor.py:840} INFO - DAG(s) 'Airflow_Lab2_Flask' retrieved from /opt/airflow/dags/Flask_API.py
[2025-10-07T01:22:05.340+0000] {logging_mixin.py:188} INFO - [2025-10-07T01:22:05.340+0000] {dag.py:3096} INFO - Sync 1 DAGs
[2025-10-07T01:22:05.351+0000] {logging_mixin.py:188} INFO - [2025-10-07T01:22:05.351+0000] {dag.py:3954} INFO - Setting next_dagrun for Airflow_Lab2_Flask to None, run_after=None
[2025-10-07T01:22:05.372+0000] {processor.py:183} INFO - Processing /opt/airflow/dags/Flask_API.py took 0.126 seconds
[2025-10-07T01:22:35.596+0000] {processor.py:161} INFO - Started process (PID=739) to work on /opt/airflow/dags/Flask_API.py
[2025-10-07T01:22:35.597+0000] {processor.py:830} INFO - Processing file /opt/airflow/dags/Flask_API.py for tasks to queue
[2025-10-07T01:22:35.598+0000] {logging_mixin.py:188} INFO - [2025-10-07T01:22:35.598+0000] {dagbag.py:545} INFO - Filling up the DagBag from /opt/airflow/dags/Flask_API.py
[2025-10-07T01:22:35.615+0000] {processor.py:840} INFO - DAG(s) 'Airflow_Lab2_Flask' retrieved from /opt/airflow/dags/Flask_API.py
[2025-10-07T01:22:35.702+0000] {logging_mixin.py:188} INFO - [2025-10-07T01:22:35.702+0000] {dag.py:3096} INFO - Sync 1 DAGs
[2025-10-07T01:22:35.713+0000] {logging_mixin.py:188} INFO - [2025-10-07T01:22:35.713+0000] {dag.py:3954} INFO - Setting next_dagrun for Airflow_Lab2_Flask to None, run_after=None
[2025-10-07T01:22:35.770+0000] {processor.py:183} INFO - Processing /opt/airflow/dags/Flask_API.py took 0.177 seconds
[2025-10-07T01:23:05.910+0000] {processor.py:161} INFO - Started process (PID=763) to work on /opt/airflow/dags/Flask_API.py
[2025-10-07T01:23:05.911+0000] {processor.py:830} INFO - Processing file /opt/airflow/dags/Flask_API.py for tasks to queue
[2025-10-07T01:23:05.914+0000] {logging_mixin.py:188} INFO - [2025-10-07T01:23:05.912+0000] {dagbag.py:545} INFO - Filling up the DagBag from /opt/airflow/dags/Flask_API.py
[2025-10-07T01:23:05.940+0000] {processor.py:840} INFO - DAG(s) 'Airflow_Lab2_Flask' retrieved from /opt/airflow/dags/Flask_API.py
[2025-10-07T01:23:06.048+0000] {logging_mixin.py:188} INFO - [2025-10-07T01:23:06.048+0000] {dag.py:3096} INFO - Sync 1 DAGs
[2025-10-07T01:23:06.061+0000] {logging_mixin.py:188} INFO - [2025-10-07T01:23:06.061+0000] {dag.py:3954} INFO - Setting next_dagrun for Airflow_Lab2_Flask to None, run_after=None
[2025-10-07T01:23:06.103+0000] {processor.py:183} INFO - Processing /opt/airflow/dags/Flask_API.py took 0.227 seconds
[2025-10-07T01:23:36.200+0000] {processor.py:161} INFO - Started process (PID=771) to work on /opt/airflow/dags/Flask_API.py
[2025-10-07T01:23:36.200+0000] {processor.py:830} INFO - Processing file /opt/airflow/dags/Flask_API.py for tasks to queue
[2025-10-07T01:23:36.202+0000] {logging_mixin.py:188} INFO - [2025-10-07T01:23:36.201+0000] {dagbag.py:545} INFO - Filling up the DagBag from /opt/airflow/dags/Flask_API.py
[2025-10-07T01:23:36.220+0000] {processor.py:840} INFO - DAG(s) 'Airflow_Lab2_Flask' retrieved from /opt/airflow/dags/Flask_API.py
[2025-10-07T01:23:36.303+0000] {logging_mixin.py:188} INFO - [2025-10-07T01:23:36.303+0000] {dag.py:3096} INFO - Sync 1 DAGs
[2025-10-07T01:23:36.313+0000] {logging_mixin.py:188} INFO - [2025-10-07T01:23:36.312+0000] {dag.py:3954} INFO - Setting next_dagrun for Airflow_Lab2_Flask to None, run_after=None
[2025-10-07T01:23:36.331+0000] {processor.py:183} INFO - Processing /opt/airflow/dags/Flask_API.py took 0.136 seconds
[2025-10-07T01:24:06.449+0000] {processor.py:161} INFO - Started process (PID=794) to work on /opt/airflow/dags/Flask_API.py
[2025-10-07T01:24:06.450+0000] {processor.py:830} INFO - Processing file /opt/airflow/dags/Flask_API.py for tasks to queue
[2025-10-07T01:24:06.451+0000] {logging_mixin.py:188} INFO - [2025-10-07T01:24:06.451+0000] {dagbag.py:545} INFO - Filling up the DagBag from /opt/airflow/dags/Flask_API.py
[2025-10-07T01:24:06.468+0000] {processor.py:840} INFO - DAG(s) 'Airflow_Lab2_Flask' retrieved from /opt/airflow/dags/Flask_API.py
[2025-10-07T01:24:06.560+0000] {logging_mixin.py:188} INFO - [2025-10-07T01:24:06.559+0000] {dag.py:3096} INFO - Sync 1 DAGs
[2025-10-07T01:24:06.575+0000] {logging_mixin.py:188} INFO - [2025-10-07T01:24:06.575+0000] {dag.py:3954} INFO - Setting next_dagrun for Airflow_Lab2_Flask to None, run_after=None
[2025-10-07T01:24:06.597+0000] {processor.py:183} INFO - Processing /opt/airflow/dags/Flask_API.py took 0.151 seconds
[2025-10-07T01:24:36.924+0000] {processor.py:161} INFO - Started process (PID=819) to work on /opt/airflow/dags/Flask_API.py
[2025-10-07T01:24:36.924+0000] {processor.py:830} INFO - Processing file /opt/airflow/dags/Flask_API.py for tasks to queue
[2025-10-07T01:24:36.926+0000] {logging_mixin.py:188} INFO - [2025-10-07T01:24:36.926+0000] {dagbag.py:545} INFO - Filling up the DagBag from /opt/airflow/dags/Flask_API.py
[2025-10-07T01:24:36.941+0000] {processor.py:840} INFO - DAG(s) 'Airflow_Lab2_Flask' retrieved from /opt/airflow/dags/Flask_API.py
[2025-10-07T01:24:37.016+0000] {logging_mixin.py:188} INFO - [2025-10-07T01:24:37.016+0000] {dag.py:3096} INFO - Sync 1 DAGs
[2025-10-07T01:24:37.026+0000] {logging_mixin.py:188} INFO - [2025-10-07T01:24:37.026+0000] {dag.py:3954} INFO - Setting next_dagrun for Airflow_Lab2_Flask to None, run_after=None
[2025-10-07T01:24:37.046+0000] {processor.py:183} INFO - Processing /opt/airflow/dags/Flask_API.py took 0.125 seconds
[2025-10-07T01:25:07.274+0000] {processor.py:161} INFO - Started process (PID=843) to work on /opt/airflow/dags/Flask_API.py
[2025-10-07T01:25:07.275+0000] {processor.py:830} INFO - Processing file /opt/airflow/dags/Flask_API.py for tasks to queue
[2025-10-07T01:25:07.276+0000] {logging_mixin.py:188} INFO - [2025-10-07T01:25:07.276+0000] {dagbag.py:545} INFO - Filling up the DagBag from /opt/airflow/dags/Flask_API.py
[2025-10-07T01:25:07.299+0000] {processor.py:840} INFO - DAG(s) 'Airflow_Lab2_Flask' retrieved from /opt/airflow/dags/Flask_API.py
[2025-10-07T01:25:07.393+0000] {logging_mixin.py:188} INFO - [2025-10-07T01:25:07.393+0000] {dag.py:3096} INFO - Sync 1 DAGs
[2025-10-07T01:25:07.407+0000] {logging_mixin.py:188} INFO - [2025-10-07T01:25:07.406+0000] {dag.py:3954} INFO - Setting next_dagrun for Airflow_Lab2_Flask to None, run_after=None
[2025-10-07T01:25:07.432+0000] {processor.py:183} INFO - Processing /opt/airflow/dags/Flask_API.py took 0.163 seconds
[2025-10-07T01:25:37.709+0000] {processor.py:161} INFO - Started process (PID=867) to work on /opt/airflow/dags/Flask_API.py
[2025-10-07T01:25:37.710+0000] {processor.py:830} INFO - Processing file /opt/airflow/dags/Flask_API.py for tasks to queue
[2025-10-07T01:25:37.711+0000] {logging_mixin.py:188} INFO - [2025-10-07T01:25:37.711+0000] {dagbag.py:545} INFO - Filling up the DagBag from /opt/airflow/dags/Flask_API.py
[2025-10-07T01:25:37.729+0000] {processor.py:840} INFO - DAG(s) 'Airflow_Lab2_Flask' retrieved from /opt/airflow/dags/Flask_API.py
[2025-10-07T01:25:37.815+0000] {logging_mixin.py:188} INFO - [2025-10-07T01:25:37.815+0000] {dag.py:3096} INFO - Sync 1 DAGs
[2025-10-07T01:25:37.823+0000] {logging_mixin.py:188} INFO - [2025-10-07T01:25:37.823+0000] {dag.py:3954} INFO - Setting next_dagrun for Airflow_Lab2_Flask to None, run_after=None
[2025-10-07T01:25:37.843+0000] {processor.py:183} INFO - Processing /opt/airflow/dags/Flask_API.py took 0.139 seconds
[2025-10-07T01:26:08.055+0000] {processor.py:161} INFO - Started process (PID=891) to work on /opt/airflow/dags/Flask_API.py
[2025-10-07T01:26:08.056+0000] {processor.py:830} INFO - Processing file /opt/airflow/dags/Flask_API.py for tasks to queue
[2025-10-07T01:26:08.058+0000] {logging_mixin.py:188} INFO - [2025-10-07T01:26:08.058+0000] {dagbag.py:545} INFO - Filling up the DagBag from /opt/airflow/dags/Flask_API.py
[2025-10-07T01:26:08.079+0000] {processor.py:840} INFO - DAG(s) 'Airflow_Lab2_Flask' retrieved from /opt/airflow/dags/Flask_API.py
[2025-10-07T01:26:08.173+0000] {logging_mixin.py:188} INFO - [2025-10-07T01:26:08.173+0000] {dag.py:3096} INFO - Sync 1 DAGs
[2025-10-07T01:26:08.183+0000] {logging_mixin.py:188} INFO - [2025-10-07T01:26:08.183+0000] {dag.py:3954} INFO - Setting next_dagrun for Airflow_Lab2_Flask to None, run_after=None
[2025-10-07T01:26:08.209+0000] {processor.py:183} INFO - Processing /opt/airflow/dags/Flask_API.py took 0.160 seconds
[2025-10-07T01:26:38.299+0000] {processor.py:161} INFO - Started process (PID=915) to work on /opt/airflow/dags/Flask_API.py
[2025-10-07T01:26:38.300+0000] {processor.py:830} INFO - Processing file /opt/airflow/dags/Flask_API.py for tasks to queue
[2025-10-07T01:26:38.301+0000] {logging_mixin.py:188} INFO - [2025-10-07T01:26:38.301+0000] {dagbag.py:545} INFO - Filling up the DagBag from /opt/airflow/dags/Flask_API.py
[2025-10-07T01:26:38.320+0000] {processor.py:840} INFO - DAG(s) 'Airflow_Lab2_Flask' retrieved from /opt/airflow/dags/Flask_API.py
[2025-10-07T01:26:38.396+0000] {logging_mixin.py:188} INFO - [2025-10-07T01:26:38.396+0000] {dag.py:3096} INFO - Sync 1 DAGs
[2025-10-07T01:26:38.407+0000] {logging_mixin.py:188} INFO - [2025-10-07T01:26:38.406+0000] {dag.py:3954} INFO - Setting next_dagrun for Airflow_Lab2_Flask to None, run_after=None
[2025-10-07T01:26:38.427+0000] {processor.py:183} INFO - Processing /opt/airflow/dags/Flask_API.py took 0.132 seconds
[2025-10-07T01:27:08.606+0000] {processor.py:161} INFO - Started process (PID=939) to work on /opt/airflow/dags/Flask_API.py
[2025-10-07T01:27:08.607+0000] {processor.py:830} INFO - Processing file /opt/airflow/dags/Flask_API.py for tasks to queue
[2025-10-07T01:27:08.609+0000] {logging_mixin.py:188} INFO - [2025-10-07T01:27:08.608+0000] {dagbag.py:545} INFO - Filling up the DagBag from /opt/airflow/dags/Flask_API.py
[2025-10-07T01:27:08.623+0000] {processor.py:840} INFO - DAG(s) 'Airflow_Lab2_Flask' retrieved from /opt/airflow/dags/Flask_API.py
[2025-10-07T01:27:08.698+0000] {logging_mixin.py:188} INFO - [2025-10-07T01:27:08.697+0000] {dag.py:3096} INFO - Sync 1 DAGs
[2025-10-07T01:27:08.705+0000] {logging_mixin.py:188} INFO - [2025-10-07T01:27:08.705+0000] {dag.py:3954} INFO - Setting next_dagrun for Airflow_Lab2_Flask to None, run_after=None
[2025-10-07T01:27:08.721+0000] {processor.py:183} INFO - Processing /opt/airflow/dags/Flask_API.py took 0.119 seconds
[2025-10-07T01:27:39.051+0000] {processor.py:161} INFO - Started process (PID=963) to work on /opt/airflow/dags/Flask_API.py
[2025-10-07T01:27:39.052+0000] {processor.py:830} INFO - Processing file /opt/airflow/dags/Flask_API.py for tasks to queue
[2025-10-07T01:27:39.054+0000] {logging_mixin.py:188} INFO - [2025-10-07T01:27:39.054+0000] {dagbag.py:545} INFO - Filling up the DagBag from /opt/airflow/dags/Flask_API.py
[2025-10-07T01:27:39.074+0000] {processor.py:840} INFO - DAG(s) 'Airflow_Lab2_Flask' retrieved from /opt/airflow/dags/Flask_API.py
[2025-10-07T01:27:39.239+0000] {logging_mixin.py:188} INFO - [2025-10-07T01:27:39.239+0000] {dag.py:3096} INFO - Sync 1 DAGs
[2025-10-07T01:27:39.248+0000] {logging_mixin.py:188} INFO - [2025-10-07T01:27:39.248+0000] {dag.py:3954} INFO - Setting next_dagrun for Airflow_Lab2_Flask to None, run_after=None
[2025-10-07T01:27:39.270+0000] {processor.py:183} INFO - Processing /opt/airflow/dags/Flask_API.py took 0.227 seconds
[2025-10-07T01:28:09.401+0000] {processor.py:161} INFO - Started process (PID=987) to work on /opt/airflow/dags/Flask_API.py
[2025-10-07T01:28:09.402+0000] {processor.py:830} INFO - Processing file /opt/airflow/dags/Flask_API.py for tasks to queue
[2025-10-07T01:28:09.404+0000] {logging_mixin.py:188} INFO - [2025-10-07T01:28:09.404+0000] {dagbag.py:545} INFO - Filling up the DagBag from /opt/airflow/dags/Flask_API.py
[2025-10-07T01:28:09.424+0000] {processor.py:840} INFO - DAG(s) 'Airflow_Lab2_Flask' retrieved from /opt/airflow/dags/Flask_API.py
[2025-10-07T01:28:09.516+0000] {logging_mixin.py:188} INFO - [2025-10-07T01:28:09.516+0000] {dag.py:3096} INFO - Sync 1 DAGs
[2025-10-07T01:28:09.524+0000] {logging_mixin.py:188} INFO - [2025-10-07T01:28:09.524+0000] {dag.py:3954} INFO - Setting next_dagrun for Airflow_Lab2_Flask to None, run_after=None
[2025-10-07T01:28:09.547+0000] {processor.py:183} INFO - Processing /opt/airflow/dags/Flask_API.py took 0.151 seconds
[2025-10-07T01:28:39.872+0000] {processor.py:161} INFO - Started process (PID=1011) to work on /opt/airflow/dags/Flask_API.py
[2025-10-07T01:28:39.873+0000] {processor.py:830} INFO - Processing file /opt/airflow/dags/Flask_API.py for tasks to queue
[2025-10-07T01:28:39.875+0000] {logging_mixin.py:188} INFO - [2025-10-07T01:28:39.874+0000] {dagbag.py:545} INFO - Filling up the DagBag from /opt/airflow/dags/Flask_API.py
[2025-10-07T01:28:39.893+0000] {processor.py:840} INFO - DAG(s) 'Airflow_Lab2_Flask' retrieved from /opt/airflow/dags/Flask_API.py
[2025-10-07T01:28:39.975+0000] {logging_mixin.py:188} INFO - [2025-10-07T01:28:39.975+0000] {dag.py:3096} INFO - Sync 1 DAGs
[2025-10-07T01:28:39.985+0000] {logging_mixin.py:188} INFO - [2025-10-07T01:28:39.985+0000] {dag.py:3954} INFO - Setting next_dagrun for Airflow_Lab2_Flask to None, run_after=None
[2025-10-07T01:28:40.002+0000] {processor.py:183} INFO - Processing /opt/airflow/dags/Flask_API.py took 0.136 seconds
[2025-10-07T01:29:10.232+0000] {processor.py:161} INFO - Started process (PID=1035) to work on /opt/airflow/dags/Flask_API.py
[2025-10-07T01:29:10.233+0000] {processor.py:830} INFO - Processing file /opt/airflow/dags/Flask_API.py for tasks to queue
[2025-10-07T01:29:10.234+0000] {logging_mixin.py:188} INFO - [2025-10-07T01:29:10.234+0000] {dagbag.py:545} INFO - Filling up the DagBag from /opt/airflow/dags/Flask_API.py
[2025-10-07T01:29:10.251+0000] {processor.py:840} INFO - DAG(s) 'Airflow_Lab2_Flask' retrieved from /opt/airflow/dags/Flask_API.py
[2025-10-07T01:29:10.328+0000] {logging_mixin.py:188} INFO - [2025-10-07T01:29:10.328+0000] {dag.py:3096} INFO - Sync 1 DAGs
[2025-10-07T01:29:10.338+0000] {logging_mixin.py:188} INFO - [2025-10-07T01:29:10.338+0000] {dag.py:3954} INFO - Setting next_dagrun for Airflow_Lab2_Flask to None, run_after=None
[2025-10-07T01:29:10.355+0000] {processor.py:183} INFO - Processing /opt/airflow/dags/Flask_API.py took 0.127 seconds
[2025-10-07T01:29:40.662+0000] {processor.py:161} INFO - Started process (PID=1059) to work on /opt/airflow/dags/Flask_API.py
[2025-10-07T01:29:40.662+0000] {processor.py:830} INFO - Processing file /opt/airflow/dags/Flask_API.py for tasks to queue
[2025-10-07T01:29:40.664+0000] {logging_mixin.py:188} INFO - [2025-10-07T01:29:40.664+0000] {dagbag.py:545} INFO - Filling up the DagBag from /opt/airflow/dags/Flask_API.py
[2025-10-07T01:29:40.684+0000] {processor.py:840} INFO - DAG(s) 'Airflow_Lab2_Flask' retrieved from /opt/airflow/dags/Flask_API.py
[2025-10-07T01:29:40.762+0000] {logging_mixin.py:188} INFO - [2025-10-07T01:29:40.761+0000] {dag.py:3096} INFO - Sync 1 DAGs
[2025-10-07T01:29:40.770+0000] {logging_mixin.py:188} INFO - [2025-10-07T01:29:40.770+0000] {dag.py:3954} INFO - Setting next_dagrun for Airflow_Lab2_Flask to None, run_after=None
[2025-10-07T01:29:40.790+0000] {processor.py:183} INFO - Processing /opt/airflow/dags/Flask_API.py took 0.133 seconds
[2025-10-07T01:30:10.976+0000] {processor.py:161} INFO - Started process (PID=1083) to work on /opt/airflow/dags/Flask_API.py
[2025-10-07T01:30:10.977+0000] {processor.py:830} INFO - Processing file /opt/airflow/dags/Flask_API.py for tasks to queue
[2025-10-07T01:30:10.979+0000] {logging_mixin.py:188} INFO - [2025-10-07T01:30:10.979+0000] {dagbag.py:545} INFO - Filling up the DagBag from /opt/airflow/dags/Flask_API.py
[2025-10-07T01:30:10.997+0000] {processor.py:840} INFO - DAG(s) 'Airflow_Lab2_Flask' retrieved from /opt/airflow/dags/Flask_API.py
[2025-10-07T01:30:11.088+0000] {logging_mixin.py:188} INFO - [2025-10-07T01:30:11.088+0000] {dag.py:3096} INFO - Sync 1 DAGs
[2025-10-07T01:30:11.099+0000] {logging_mixin.py:188} INFO - [2025-10-07T01:30:11.098+0000] {dag.py:3954} INFO - Setting next_dagrun for Airflow_Lab2_Flask to None, run_after=None
[2025-10-07T01:30:11.128+0000] {processor.py:183} INFO - Processing /opt/airflow/dags/Flask_API.py took 0.156 seconds
[2025-10-07T01:30:41.309+0000] {processor.py:161} INFO - Started process (PID=1107) to work on /opt/airflow/dags/Flask_API.py
[2025-10-07T01:30:41.310+0000] {processor.py:830} INFO - Processing file /opt/airflow/dags/Flask_API.py for tasks to queue
[2025-10-07T01:30:41.312+0000] {logging_mixin.py:188} INFO - [2025-10-07T01:30:41.312+0000] {dagbag.py:545} INFO - Filling up the DagBag from /opt/airflow/dags/Flask_API.py
[2025-10-07T01:30:41.329+0000] {processor.py:840} INFO - DAG(s) 'Airflow_Lab2_Flask' retrieved from /opt/airflow/dags/Flask_API.py
[2025-10-07T01:30:41.409+0000] {logging_mixin.py:188} INFO - [2025-10-07T01:30:41.409+0000] {dag.py:3096} INFO - Sync 1 DAGs
[2025-10-07T01:30:41.420+0000] {logging_mixin.py:188} INFO - [2025-10-07T01:30:41.419+0000] {dag.py:3954} INFO - Setting next_dagrun for Airflow_Lab2_Flask to None, run_after=None
[2025-10-07T01:30:41.441+0000] {processor.py:183} INFO - Processing /opt/airflow/dags/Flask_API.py took 0.136 seconds
[2025-10-07T01:31:11.591+0000] {processor.py:161} INFO - Started process (PID=1131) to work on /opt/airflow/dags/Flask_API.py
[2025-10-07T01:31:11.593+0000] {processor.py:830} INFO - Processing file /opt/airflow/dags/Flask_API.py for tasks to queue
[2025-10-07T01:31:11.596+0000] {logging_mixin.py:188} INFO - [2025-10-07T01:31:11.596+0000] {dagbag.py:545} INFO - Filling up the DagBag from /opt/airflow/dags/Flask_API.py
[2025-10-07T01:31:11.621+0000] {processor.py:840} INFO - DAG(s) 'Airflow_Lab2_Flask' retrieved from /opt/airflow/dags/Flask_API.py
[2025-10-07T01:31:11.715+0000] {logging_mixin.py:188} INFO - [2025-10-07T01:31:11.715+0000] {dag.py:3096} INFO - Sync 1 DAGs
[2025-10-07T01:31:11.728+0000] {logging_mixin.py:188} INFO - [2025-10-07T01:31:11.728+0000] {dag.py:3954} INFO - Setting next_dagrun for Airflow_Lab2_Flask to None, run_after=None
[2025-10-07T01:31:11.752+0000] {processor.py:183} INFO - Processing /opt/airflow/dags/Flask_API.py took 0.171 seconds
[2025-10-07T01:31:42.033+0000] {processor.py:161} INFO - Started process (PID=1161) to work on /opt/airflow/dags/Flask_API.py
[2025-10-07T01:31:42.035+0000] {processor.py:830} INFO - Processing file /opt/airflow/dags/Flask_API.py for tasks to queue
[2025-10-07T01:31:42.038+0000] {logging_mixin.py:188} INFO - [2025-10-07T01:31:42.037+0000] {dagbag.py:545} INFO - Filling up the DagBag from /opt/airflow/dags/Flask_API.py
[2025-10-07T01:31:42.057+0000] {processor.py:840} INFO - DAG(s) 'Airflow_Lab2_Flask' retrieved from /opt/airflow/dags/Flask_API.py
[2025-10-07T01:31:42.158+0000] {logging_mixin.py:188} INFO - [2025-10-07T01:31:42.157+0000] {dag.py:3096} INFO - Sync 1 DAGs
[2025-10-07T01:31:42.176+0000] {logging_mixin.py:188} INFO - [2025-10-07T01:31:42.176+0000] {dag.py:3954} INFO - Setting next_dagrun for Airflow_Lab2_Flask to None, run_after=None
[2025-10-07T01:31:42.204+0000] {processor.py:183} INFO - Processing /opt/airflow/dags/Flask_API.py took 0.179 seconds
[2025-10-07T01:32:12.283+0000] {processor.py:161} INFO - Started process (PID=1185) to work on /opt/airflow/dags/Flask_API.py
[2025-10-07T01:32:12.284+0000] {processor.py:830} INFO - Processing file /opt/airflow/dags/Flask_API.py for tasks to queue
[2025-10-07T01:32:12.286+0000] {logging_mixin.py:188} INFO - [2025-10-07T01:32:12.285+0000] {dagbag.py:545} INFO - Filling up the DagBag from /opt/airflow/dags/Flask_API.py
[2025-10-07T01:32:12.300+0000] {processor.py:840} INFO - DAG(s) 'Airflow_Lab2_Flask' retrieved from /opt/airflow/dags/Flask_API.py
[2025-10-07T01:32:12.378+0000] {logging_mixin.py:188} INFO - [2025-10-07T01:32:12.378+0000] {dag.py:3096} INFO - Sync 1 DAGs
[2025-10-07T01:32:12.389+0000] {logging_mixin.py:188} INFO - [2025-10-07T01:32:12.388+0000] {dag.py:3954} INFO - Setting next_dagrun for Airflow_Lab2_Flask to None, run_after=None
[2025-10-07T01:32:12.404+0000] {processor.py:183} INFO - Processing /opt/airflow/dags/Flask_API.py took 0.125 seconds
[2025-10-07T01:32:42.770+0000] {processor.py:161} INFO - Started process (PID=1209) to work on /opt/airflow/dags/Flask_API.py
[2025-10-07T01:32:42.771+0000] {processor.py:830} INFO - Processing file /opt/airflow/dags/Flask_API.py for tasks to queue
[2025-10-07T01:32:42.772+0000] {logging_mixin.py:188} INFO - [2025-10-07T01:32:42.772+0000] {dagbag.py:545} INFO - Filling up the DagBag from /opt/airflow/dags/Flask_API.py
[2025-10-07T01:32:42.788+0000] {processor.py:840} INFO - DAG(s) 'Airflow_Lab2_Flask' retrieved from /opt/airflow/dags/Flask_API.py
[2025-10-07T01:32:42.866+0000] {logging_mixin.py:188} INFO - [2025-10-07T01:32:42.866+0000] {dag.py:3096} INFO - Sync 1 DAGs
[2025-10-07T01:32:42.874+0000] {logging_mixin.py:188} INFO - [2025-10-07T01:32:42.874+0000] {dag.py:3954} INFO - Setting next_dagrun for Airflow_Lab2_Flask to None, run_after=None
[2025-10-07T01:32:42.890+0000] {processor.py:183} INFO - Processing /opt/airflow/dags/Flask_API.py took 0.124 seconds
[2025-10-07T01:33:13.156+0000] {processor.py:161} INFO - Started process (PID=1233) to work on /opt/airflow/dags/Flask_API.py
[2025-10-07T01:33:13.156+0000] {processor.py:830} INFO - Processing file /opt/airflow/dags/Flask_API.py for tasks to queue
[2025-10-07T01:33:13.158+0000] {logging_mixin.py:188} INFO - [2025-10-07T01:33:13.157+0000] {dagbag.py:545} INFO - Filling up the DagBag from /opt/airflow/dags/Flask_API.py
[2025-10-07T01:33:13.174+0000] {processor.py:840} INFO - DAG(s) 'Airflow_Lab2_Flask' retrieved from /opt/airflow/dags/Flask_API.py
[2025-10-07T01:33:13.247+0000] {logging_mixin.py:188} INFO - [2025-10-07T01:33:13.246+0000] {dag.py:3096} INFO - Sync 1 DAGs
[2025-10-07T01:33:13.255+0000] {logging_mixin.py:188} INFO - [2025-10-07T01:33:13.255+0000] {dag.py:3954} INFO - Setting next_dagrun for Airflow_Lab2_Flask to None, run_after=None
[2025-10-07T01:33:13.271+0000] {processor.py:183} INFO - Processing /opt/airflow/dags/Flask_API.py took 0.120 seconds
[2025-10-07T01:33:43.641+0000] {processor.py:161} INFO - Started process (PID=1257) to work on /opt/airflow/dags/Flask_API.py
[2025-10-07T01:33:43.642+0000] {processor.py:830} INFO - Processing file /opt/airflow/dags/Flask_API.py for tasks to queue
[2025-10-07T01:33:43.644+0000] {logging_mixin.py:188} INFO - [2025-10-07T01:33:43.643+0000] {dagbag.py:545} INFO - Filling up the DagBag from /opt/airflow/dags/Flask_API.py
[2025-10-07T01:33:43.661+0000] {processor.py:840} INFO - DAG(s) 'Airflow_Lab2_Flask' retrieved from /opt/airflow/dags/Flask_API.py
[2025-10-07T01:33:43.742+0000] {logging_mixin.py:188} INFO - [2025-10-07T01:33:43.742+0000] {dag.py:3096} INFO - Sync 1 DAGs
[2025-10-07T01:33:43.751+0000] {logging_mixin.py:188} INFO - [2025-10-07T01:33:43.751+0000] {dag.py:3954} INFO - Setting next_dagrun for Airflow_Lab2_Flask to None, run_after=None
[2025-10-07T01:33:43.770+0000] {processor.py:183} INFO - Processing /opt/airflow/dags/Flask_API.py took 0.134 seconds
[2025-10-07T01:34:13.870+0000] {processor.py:161} INFO - Started process (PID=1281) to work on /opt/airflow/dags/Flask_API.py
[2025-10-07T01:34:13.871+0000] {processor.py:830} INFO - Processing file /opt/airflow/dags/Flask_API.py for tasks to queue
[2025-10-07T01:34:13.873+0000] {logging_mixin.py:188} INFO - [2025-10-07T01:34:13.873+0000] {dagbag.py:545} INFO - Filling up the DagBag from /opt/airflow/dags/Flask_API.py
[2025-10-07T01:34:13.888+0000] {processor.py:840} INFO - DAG(s) 'Airflow_Lab2_Flask' retrieved from /opt/airflow/dags/Flask_API.py
[2025-10-07T01:34:13.960+0000] {logging_mixin.py:188} INFO - [2025-10-07T01:34:13.960+0000] {dag.py:3096} INFO - Sync 1 DAGs
[2025-10-07T01:34:13.969+0000] {logging_mixin.py:188} INFO - [2025-10-07T01:34:13.969+0000] {dag.py:3954} INFO - Setting next_dagrun for Airflow_Lab2_Flask to None, run_after=None
[2025-10-07T01:34:13.986+0000] {processor.py:183} INFO - Processing /opt/airflow/dags/Flask_API.py took 0.122 seconds
[2025-10-07T01:34:44.235+0000] {processor.py:161} INFO - Started process (PID=1305) to work on /opt/airflow/dags/Flask_API.py
[2025-10-07T01:34:44.236+0000] {processor.py:830} INFO - Processing file /opt/airflow/dags/Flask_API.py for tasks to queue
[2025-10-07T01:34:44.237+0000] {logging_mixin.py:188} INFO - [2025-10-07T01:34:44.237+0000] {dagbag.py:545} INFO - Filling up the DagBag from /opt/airflow/dags/Flask_API.py
[2025-10-07T01:34:44.253+0000] {processor.py:840} INFO - DAG(s) 'Airflow_Lab2_Flask' retrieved from /opt/airflow/dags/Flask_API.py
[2025-10-07T01:34:44.330+0000] {logging_mixin.py:188} INFO - [2025-10-07T01:34:44.330+0000] {dag.py:3096} INFO - Sync 1 DAGs
[2025-10-07T01:34:44.339+0000] {logging_mixin.py:188} INFO - [2025-10-07T01:34:44.339+0000] {dag.py:3954} INFO - Setting next_dagrun for Airflow_Lab2_Flask to None, run_after=None
[2025-10-07T01:34:44.365+0000] {processor.py:183} INFO - Processing /opt/airflow/dags/Flask_API.py took 0.135 seconds
[2025-10-07T01:35:14.545+0000] {processor.py:161} INFO - Started process (PID=1329) to work on /opt/airflow/dags/Flask_API.py
[2025-10-07T01:35:14.546+0000] {processor.py:830} INFO - Processing file /opt/airflow/dags/Flask_API.py for tasks to queue
[2025-10-07T01:35:14.549+0000] {logging_mixin.py:188} INFO - [2025-10-07T01:35:14.548+0000] {dagbag.py:545} INFO - Filling up the DagBag from /opt/airflow/dags/Flask_API.py
[2025-10-07T01:35:14.567+0000] {processor.py:840} INFO - DAG(s) 'Airflow_Lab2_Flask' retrieved from /opt/airflow/dags/Flask_API.py
[2025-10-07T01:35:14.657+0000] {logging_mixin.py:188} INFO - [2025-10-07T01:35:14.657+0000] {dag.py:3096} INFO - Sync 1 DAGs
[2025-10-07T01:35:14.667+0000] {logging_mixin.py:188} INFO - [2025-10-07T01:35:14.666+0000] {dag.py:3954} INFO - Setting next_dagrun for Airflow_Lab2_Flask to None, run_after=None
[2025-10-07T01:35:14.688+0000] {processor.py:183} INFO - Processing /opt/airflow/dags/Flask_API.py took 0.147 seconds
[2025-10-07T01:35:44.896+0000] {processor.py:161} INFO - Started process (PID=1353) to work on /opt/airflow/dags/Flask_API.py
[2025-10-07T01:35:44.897+0000] {processor.py:830} INFO - Processing file /opt/airflow/dags/Flask_API.py for tasks to queue
[2025-10-07T01:35:44.898+0000] {logging_mixin.py:188} INFO - [2025-10-07T01:35:44.898+0000] {dagbag.py:545} INFO - Filling up the DagBag from /opt/airflow/dags/Flask_API.py
[2025-10-07T01:35:44.916+0000] {processor.py:840} INFO - DAG(s) 'Airflow_Lab2_Flask' retrieved from /opt/airflow/dags/Flask_API.py
[2025-10-07T01:35:45.016+0000] {logging_mixin.py:188} INFO - [2025-10-07T01:35:45.015+0000] {dag.py:3096} INFO - Sync 1 DAGs
[2025-10-07T01:35:45.025+0000] {logging_mixin.py:188} INFO - [2025-10-07T01:35:45.025+0000] {dag.py:3954} INFO - Setting next_dagrun for Airflow_Lab2_Flask to None, run_after=None
[2025-10-07T01:35:45.046+0000] {processor.py:183} INFO - Processing /opt/airflow/dags/Flask_API.py took 0.153 seconds
[2025-10-07T01:36:15.213+0000] {processor.py:161} INFO - Started process (PID=1377) to work on /opt/airflow/dags/Flask_API.py
[2025-10-07T01:36:15.215+0000] {processor.py:830} INFO - Processing file /opt/airflow/dags/Flask_API.py for tasks to queue
[2025-10-07T01:36:15.218+0000] {logging_mixin.py:188} INFO - [2025-10-07T01:36:15.217+0000] {dagbag.py:545} INFO - Filling up the DagBag from /opt/airflow/dags/Flask_API.py
[2025-10-07T01:36:15.247+0000] {processor.py:840} INFO - DAG(s) 'Airflow_Lab2_Flask' retrieved from /opt/airflow/dags/Flask_API.py
[2025-10-07T01:36:15.376+0000] {logging_mixin.py:188} INFO - [2025-10-07T01:36:15.375+0000] {dag.py:3096} INFO - Sync 1 DAGs
[2025-10-07T01:36:15.391+0000] {logging_mixin.py:188} INFO - [2025-10-07T01:36:15.391+0000] {dag.py:3954} INFO - Setting next_dagrun for Airflow_Lab2_Flask to None, run_after=None
[2025-10-07T01:36:15.416+0000] {processor.py:183} INFO - Processing /opt/airflow/dags/Flask_API.py took 0.209 seconds
[2025-10-07T01:36:45.609+0000] {processor.py:161} INFO - Started process (PID=1401) to work on /opt/airflow/dags/Flask_API.py
[2025-10-07T01:36:45.610+0000] {processor.py:830} INFO - Processing file /opt/airflow/dags/Flask_API.py for tasks to queue
[2025-10-07T01:36:45.613+0000] {logging_mixin.py:188} INFO - [2025-10-07T01:36:45.612+0000] {dagbag.py:545} INFO - Filling up the DagBag from /opt/airflow/dags/Flask_API.py
[2025-10-07T01:36:45.636+0000] {processor.py:840} INFO - DAG(s) 'Airflow_Lab2_Flask' retrieved from /opt/airflow/dags/Flask_API.py
[2025-10-07T01:36:45.760+0000] {logging_mixin.py:188} INFO - [2025-10-07T01:36:45.759+0000] {dag.py:3096} INFO - Sync 1 DAGs
[2025-10-07T01:36:45.771+0000] {logging_mixin.py:188} INFO - [2025-10-07T01:36:45.771+0000] {dag.py:3954} INFO - Setting next_dagrun for Airflow_Lab2_Flask to None, run_after=None
[2025-10-07T01:36:45.792+0000] {processor.py:183} INFO - Processing /opt/airflow/dags/Flask_API.py took 0.199 seconds
[2025-10-07T01:37:15.983+0000] {processor.py:161} INFO - Started process (PID=1425) to work on /opt/airflow/dags/Flask_API.py
[2025-10-07T01:37:15.985+0000] {processor.py:830} INFO - Processing file /opt/airflow/dags/Flask_API.py for tasks to queue
[2025-10-07T01:37:15.988+0000] {logging_mixin.py:188} INFO - [2025-10-07T01:37:15.988+0000] {dagbag.py:545} INFO - Filling up the DagBag from /opt/airflow/dags/Flask_API.py
[2025-10-07T01:37:16.014+0000] {processor.py:840} INFO - DAG(s) 'Airflow_Lab2_Flask' retrieved from /opt/airflow/dags/Flask_API.py
[2025-10-07T01:37:16.128+0000] {logging_mixin.py:188} INFO - [2025-10-07T01:37:16.128+0000] {dag.py:3096} INFO - Sync 1 DAGs
[2025-10-07T01:37:16.143+0000] {logging_mixin.py:188} INFO - [2025-10-07T01:37:16.143+0000] {dag.py:3954} INFO - Setting next_dagrun for Airflow_Lab2_Flask to None, run_after=None
[2025-10-07T01:37:16.167+0000] {processor.py:183} INFO - Processing /opt/airflow/dags/Flask_API.py took 0.192 seconds
[2025-10-07T01:37:46.240+0000] {processor.py:161} INFO - Started process (PID=1449) to work on /opt/airflow/dags/Flask_API.py
[2025-10-07T01:37:46.241+0000] {processor.py:830} INFO - Processing file /opt/airflow/dags/Flask_API.py for tasks to queue
[2025-10-07T01:37:46.244+0000] {logging_mixin.py:188} INFO - [2025-10-07T01:37:46.243+0000] {dagbag.py:545} INFO - Filling up the DagBag from /opt/airflow/dags/Flask_API.py
[2025-10-07T01:37:46.262+0000] {processor.py:840} INFO - DAG(s) 'Airflow_Lab2_Flask' retrieved from /opt/airflow/dags/Flask_API.py
[2025-10-07T01:37:46.350+0000] {logging_mixin.py:188} INFO - [2025-10-07T01:37:46.349+0000] {dag.py:3096} INFO - Sync 1 DAGs
[2025-10-07T01:37:46.360+0000] {logging_mixin.py:188} INFO - [2025-10-07T01:37:46.360+0000] {dag.py:3954} INFO - Setting next_dagrun for Airflow_Lab2_Flask to None, run_after=None
[2025-10-07T01:37:46.381+0000] {processor.py:183} INFO - Processing /opt/airflow/dags/Flask_API.py took 0.146 seconds
[2025-10-07T01:38:16.522+0000] {processor.py:161} INFO - Started process (PID=1473) to work on /opt/airflow/dags/Flask_API.py
[2025-10-07T01:38:16.523+0000] {processor.py:830} INFO - Processing file /opt/airflow/dags/Flask_API.py for tasks to queue
[2025-10-07T01:38:16.525+0000] {logging_mixin.py:188} INFO - [2025-10-07T01:38:16.524+0000] {dagbag.py:545} INFO - Filling up the DagBag from /opt/airflow/dags/Flask_API.py
[2025-10-07T01:38:16.548+0000] {processor.py:840} INFO - DAG(s) 'Airflow_Lab2_Flask' retrieved from /opt/airflow/dags/Flask_API.py
[2025-10-07T01:38:16.654+0000] {logging_mixin.py:188} INFO - [2025-10-07T01:38:16.654+0000] {dag.py:3096} INFO - Sync 1 DAGs
[2025-10-07T01:38:16.664+0000] {logging_mixin.py:188} INFO - [2025-10-07T01:38:16.664+0000] {dag.py:3954} INFO - Setting next_dagrun for Airflow_Lab2_Flask to None, run_after=None
[2025-10-07T01:38:16.684+0000] {processor.py:183} INFO - Processing /opt/airflow/dags/Flask_API.py took 0.174 seconds
[2025-10-07T01:38:46.791+0000] {processor.py:161} INFO - Started process (PID=1481) to work on /opt/airflow/dags/Flask_API.py
[2025-10-07T01:38:46.792+0000] {processor.py:830} INFO - Processing file /opt/airflow/dags/Flask_API.py for tasks to queue
[2025-10-07T01:38:46.793+0000] {logging_mixin.py:188} INFO - [2025-10-07T01:38:46.793+0000] {dagbag.py:545} INFO - Filling up the DagBag from /opt/airflow/dags/Flask_API.py
[2025-10-07T01:38:46.811+0000] {processor.py:840} INFO - DAG(s) 'Airflow_Lab2_Flask' retrieved from /opt/airflow/dags/Flask_API.py
[2025-10-07T01:38:46.898+0000] {logging_mixin.py:188} INFO - [2025-10-07T01:38:46.898+0000] {dag.py:3096} INFO - Sync 1 DAGs
[2025-10-07T01:38:46.908+0000] {logging_mixin.py:188} INFO - [2025-10-07T01:38:46.907+0000] {dag.py:3954} INFO - Setting next_dagrun for Airflow_Lab2_Flask to None, run_after=None
[2025-10-07T01:38:46.930+0000] {processor.py:183} INFO - Processing /opt/airflow/dags/Flask_API.py took 0.144 seconds
[2025-10-07T01:39:17.203+0000] {processor.py:161} INFO - Started process (PID=1504) to work on /opt/airflow/dags/Flask_API.py
[2025-10-07T01:39:17.204+0000] {processor.py:830} INFO - Processing file /opt/airflow/dags/Flask_API.py for tasks to queue
[2025-10-07T01:39:17.206+0000] {logging_mixin.py:188} INFO - [2025-10-07T01:39:17.205+0000] {dagbag.py:545} INFO - Filling up the DagBag from /opt/airflow/dags/Flask_API.py
[2025-10-07T01:39:17.231+0000] {processor.py:840} INFO - DAG(s) 'Airflow_Lab2_Flask' retrieved from /opt/airflow/dags/Flask_API.py
[2025-10-07T01:39:17.323+0000] {logging_mixin.py:188} INFO - [2025-10-07T01:39:17.323+0000] {dag.py:3096} INFO - Sync 1 DAGs
[2025-10-07T01:39:17.332+0000] {logging_mixin.py:188} INFO - [2025-10-07T01:39:17.332+0000] {dag.py:3954} INFO - Setting next_dagrun for Airflow_Lab2_Flask to None, run_after=None
[2025-10-07T01:39:17.351+0000] {processor.py:183} INFO - Processing /opt/airflow/dags/Flask_API.py took 0.152 seconds
[2025-10-07T01:39:47.480+0000] {processor.py:161} INFO - Started process (PID=1528) to work on /opt/airflow/dags/Flask_API.py
[2025-10-07T01:39:47.481+0000] {processor.py:830} INFO - Processing file /opt/airflow/dags/Flask_API.py for tasks to queue
[2025-10-07T01:39:47.483+0000] {logging_mixin.py:188} INFO - [2025-10-07T01:39:47.482+0000] {dagbag.py:545} INFO - Filling up the DagBag from /opt/airflow/dags/Flask_API.py
[2025-10-07T01:39:47.504+0000] {processor.py:840} INFO - DAG(s) 'Airflow_Lab2_Flask' retrieved from /opt/airflow/dags/Flask_API.py
[2025-10-07T01:39:47.613+0000] {logging_mixin.py:188} INFO - [2025-10-07T01:39:47.613+0000] {dag.py:3096} INFO - Sync 1 DAGs
[2025-10-07T01:39:47.624+0000] {logging_mixin.py:188} INFO - [2025-10-07T01:39:47.623+0000] {dag.py:3954} INFO - Setting next_dagrun for Airflow_Lab2_Flask to None, run_after=None
[2025-10-07T01:39:47.645+0000] {processor.py:183} INFO - Processing /opt/airflow/dags/Flask_API.py took 0.171 seconds
[2025-10-07T01:40:17.833+0000] {processor.py:161} INFO - Started process (PID=1552) to work on /opt/airflow/dags/Flask_API.py
[2025-10-07T01:40:17.834+0000] {processor.py:830} INFO - Processing file /opt/airflow/dags/Flask_API.py for tasks to queue
[2025-10-07T01:40:17.835+0000] {logging_mixin.py:188} INFO - [2025-10-07T01:40:17.835+0000] {dagbag.py:545} INFO - Filling up the DagBag from /opt/airflow/dags/Flask_API.py
[2025-10-07T01:40:17.856+0000] {processor.py:840} INFO - DAG(s) 'Airflow_Lab2_Flask' retrieved from /opt/airflow/dags/Flask_API.py
[2025-10-07T01:40:17.935+0000] {logging_mixin.py:188} INFO - [2025-10-07T01:40:17.935+0000] {dag.py:3096} INFO - Sync 1 DAGs
[2025-10-07T01:40:17.946+0000] {logging_mixin.py:188} INFO - [2025-10-07T01:40:17.946+0000] {dag.py:3954} INFO - Setting next_dagrun for Airflow_Lab2_Flask to None, run_after=None
[2025-10-07T01:40:17.965+0000] {processor.py:183} INFO - Processing /opt/airflow/dags/Flask_API.py took 0.135 seconds
[2025-10-07T01:40:48.115+0000] {processor.py:161} INFO - Started process (PID=1576) to work on /opt/airflow/dags/Flask_API.py
[2025-10-07T01:40:48.115+0000] {processor.py:830} INFO - Processing file /opt/airflow/dags/Flask_API.py for tasks to queue
[2025-10-07T01:40:48.117+0000] {logging_mixin.py:188} INFO - [2025-10-07T01:40:48.116+0000] {dagbag.py:545} INFO - Filling up the DagBag from /opt/airflow/dags/Flask_API.py
[2025-10-07T01:40:48.133+0000] {processor.py:840} INFO - DAG(s) 'Airflow_Lab2_Flask' retrieved from /opt/airflow/dags/Flask_API.py
[2025-10-07T01:40:48.208+0000] {logging_mixin.py:188} INFO - [2025-10-07T01:40:48.208+0000] {dag.py:3096} INFO - Sync 1 DAGs
[2025-10-07T01:40:48.217+0000] {logging_mixin.py:188} INFO - [2025-10-07T01:40:48.217+0000] {dag.py:3954} INFO - Setting next_dagrun for Airflow_Lab2_Flask to None, run_after=None
[2025-10-07T01:40:48.233+0000] {processor.py:183} INFO - Processing /opt/airflow/dags/Flask_API.py took 0.122 seconds
[2025-10-07T01:41:18.344+0000] {processor.py:161} INFO - Started process (PID=1600) to work on /opt/airflow/dags/Flask_API.py
[2025-10-07T01:41:18.345+0000] {processor.py:830} INFO - Processing file /opt/airflow/dags/Flask_API.py for tasks to queue
[2025-10-07T01:41:18.348+0000] {logging_mixin.py:188} INFO - [2025-10-07T01:41:18.347+0000] {dagbag.py:545} INFO - Filling up the DagBag from /opt/airflow/dags/Flask_API.py
[2025-10-07T01:41:18.366+0000] {processor.py:840} INFO - DAG(s) 'Airflow_Lab2_Flask' retrieved from /opt/airflow/dags/Flask_API.py
[2025-10-07T01:41:18.455+0000] {logging_mixin.py:188} INFO - [2025-10-07T01:41:18.455+0000] {dag.py:3096} INFO - Sync 1 DAGs
[2025-10-07T01:41:18.464+0000] {logging_mixin.py:188} INFO - [2025-10-07T01:41:18.464+0000] {dag.py:3954} INFO - Setting next_dagrun for Airflow_Lab2_Flask to None, run_after=None
[2025-10-07T01:41:18.484+0000] {processor.py:183} INFO - Processing /opt/airflow/dags/Flask_API.py took 0.144 seconds
[2025-10-07T01:41:48.598+0000] {processor.py:161} INFO - Started process (PID=1624) to work on /opt/airflow/dags/Flask_API.py
[2025-10-07T01:41:48.599+0000] {processor.py:830} INFO - Processing file /opt/airflow/dags/Flask_API.py for tasks to queue
[2025-10-07T01:41:48.600+0000] {logging_mixin.py:188} INFO - [2025-10-07T01:41:48.600+0000] {dagbag.py:545} INFO - Filling up the DagBag from /opt/airflow/dags/Flask_API.py
[2025-10-07T01:41:48.619+0000] {processor.py:840} INFO - DAG(s) 'Airflow_Lab2_Flask' retrieved from /opt/airflow/dags/Flask_API.py
[2025-10-07T01:41:48.692+0000] {logging_mixin.py:188} INFO - [2025-10-07T01:41:48.691+0000] {dag.py:3096} INFO - Sync 1 DAGs
[2025-10-07T01:41:48.700+0000] {logging_mixin.py:188} INFO - [2025-10-07T01:41:48.700+0000] {dag.py:3954} INFO - Setting next_dagrun for Airflow_Lab2_Flask to None, run_after=None
[2025-10-07T01:41:48.715+0000] {processor.py:183} INFO - Processing /opt/airflow/dags/Flask_API.py took 0.121 seconds
[2025-10-07T01:42:19.186+0000] {processor.py:161} INFO - Started process (PID=1654) to work on /opt/airflow/dags/Flask_API.py
[2025-10-07T01:42:19.187+0000] {processor.py:830} INFO - Processing file /opt/airflow/dags/Flask_API.py for tasks to queue
[2025-10-07T01:42:19.189+0000] {logging_mixin.py:188} INFO - [2025-10-07T01:42:19.188+0000] {dagbag.py:545} INFO - Filling up the DagBag from /opt/airflow/dags/Flask_API.py
[2025-10-07T01:42:19.206+0000] {processor.py:840} INFO - DAG(s) 'Airflow_Lab2_Flask' retrieved from /opt/airflow/dags/Flask_API.py
[2025-10-07T01:42:19.287+0000] {logging_mixin.py:188} INFO - [2025-10-07T01:42:19.287+0000] {dag.py:3096} INFO - Sync 1 DAGs
[2025-10-07T01:42:19.298+0000] {logging_mixin.py:188} INFO - [2025-10-07T01:42:19.297+0000] {dag.py:3954} INFO - Setting next_dagrun for Airflow_Lab2_Flask to None, run_after=None
[2025-10-07T01:42:19.316+0000] {processor.py:183} INFO - Processing /opt/airflow/dags/Flask_API.py took 0.135 seconds
[2025-10-07T01:42:49.615+0000] {processor.py:161} INFO - Started process (PID=1678) to work on /opt/airflow/dags/Flask_API.py
[2025-10-07T01:42:49.616+0000] {processor.py:830} INFO - Processing file /opt/airflow/dags/Flask_API.py for tasks to queue
[2025-10-07T01:42:49.618+0000] {logging_mixin.py:188} INFO - [2025-10-07T01:42:49.617+0000] {dagbag.py:545} INFO - Filling up the DagBag from /opt/airflow/dags/Flask_API.py
[2025-10-07T01:42:49.636+0000] {processor.py:840} INFO - DAG(s) 'Airflow_Lab2_Flask' retrieved from /opt/airflow/dags/Flask_API.py
[2025-10-07T01:42:49.720+0000] {logging_mixin.py:188} INFO - [2025-10-07T01:42:49.720+0000] {dag.py:3096} INFO - Sync 1 DAGs
[2025-10-07T01:42:49.732+0000] {logging_mixin.py:188} INFO - [2025-10-07T01:42:49.732+0000] {dag.py:3954} INFO - Setting next_dagrun for Airflow_Lab2_Flask to None, run_after=None
[2025-10-07T01:42:49.752+0000] {processor.py:183} INFO - Processing /opt/airflow/dags/Flask_API.py took 0.141 seconds
[2025-10-07T01:43:19.837+0000] {processor.py:161} INFO - Started process (PID=1702) to work on /opt/airflow/dags/Flask_API.py
[2025-10-07T01:43:19.838+0000] {processor.py:830} INFO - Processing file /opt/airflow/dags/Flask_API.py for tasks to queue
[2025-10-07T01:43:19.839+0000] {logging_mixin.py:188} INFO - [2025-10-07T01:43:19.839+0000] {dagbag.py:545} INFO - Filling up the DagBag from /opt/airflow/dags/Flask_API.py
[2025-10-07T01:43:19.859+0000] {processor.py:840} INFO - DAG(s) 'Airflow_Lab2_Flask' retrieved from /opt/airflow/dags/Flask_API.py
[2025-10-07T01:43:19.943+0000] {logging_mixin.py:188} INFO - [2025-10-07T01:43:19.943+0000] {dag.py:3096} INFO - Sync 1 DAGs
[2025-10-07T01:43:19.952+0000] {logging_mixin.py:188} INFO - [2025-10-07T01:43:19.951+0000] {dag.py:3954} INFO - Setting next_dagrun for Airflow_Lab2_Flask to None, run_after=None
[2025-10-07T01:43:19.969+0000] {processor.py:183} INFO - Processing /opt/airflow/dags/Flask_API.py took 0.136 seconds
[2025-10-07T01:43:50.280+0000] {processor.py:161} INFO - Started process (PID=1726) to work on /opt/airflow/dags/Flask_API.py
[2025-10-07T01:43:50.280+0000] {processor.py:830} INFO - Processing file /opt/airflow/dags/Flask_API.py for tasks to queue
[2025-10-07T01:43:50.282+0000] {logging_mixin.py:188} INFO - [2025-10-07T01:43:50.282+0000] {dagbag.py:545} INFO - Filling up the DagBag from /opt/airflow/dags/Flask_API.py
[2025-10-07T01:43:50.298+0000] {processor.py:840} INFO - DAG(s) 'Airflow_Lab2_Flask' retrieved from /opt/airflow/dags/Flask_API.py
[2025-10-07T01:43:50.381+0000] {logging_mixin.py:188} INFO - [2025-10-07T01:43:50.380+0000] {dag.py:3096} INFO - Sync 1 DAGs
[2025-10-07T01:43:50.390+0000] {logging_mixin.py:188} INFO - [2025-10-07T01:43:50.389+0000] {dag.py:3954} INFO - Setting next_dagrun for Airflow_Lab2_Flask to None, run_after=None
[2025-10-07T01:43:50.407+0000] {processor.py:183} INFO - Processing /opt/airflow/dags/Flask_API.py took 0.131 seconds
[2025-10-07T01:44:20.620+0000] {processor.py:161} INFO - Started process (PID=1750) to work on /opt/airflow/dags/Flask_API.py
[2025-10-07T01:44:20.621+0000] {processor.py:830} INFO - Processing file /opt/airflow/dags/Flask_API.py for tasks to queue
[2025-10-07T01:44:20.622+0000] {logging_mixin.py:188} INFO - [2025-10-07T01:44:20.622+0000] {dagbag.py:545} INFO - Filling up the DagBag from /opt/airflow/dags/Flask_API.py
[2025-10-07T01:44:20.641+0000] {processor.py:840} INFO - DAG(s) 'Airflow_Lab2_Flask' retrieved from /opt/airflow/dags/Flask_API.py
[2025-10-07T01:44:20.716+0000] {logging_mixin.py:188} INFO - [2025-10-07T01:44:20.716+0000] {dag.py:3096} INFO - Sync 1 DAGs
[2025-10-07T01:44:20.725+0000] {logging_mixin.py:188} INFO - [2025-10-07T01:44:20.725+0000] {dag.py:3954} INFO - Setting next_dagrun for Airflow_Lab2_Flask to None, run_after=None
[2025-10-07T01:44:20.742+0000] {processor.py:183} INFO - Processing /opt/airflow/dags/Flask_API.py took 0.126 seconds
[2025-10-07T01:44:50.891+0000] {processor.py:161} INFO - Started process (PID=1774) to work on /opt/airflow/dags/Flask_API.py
[2025-10-07T01:44:50.892+0000] {processor.py:830} INFO - Processing file /opt/airflow/dags/Flask_API.py for tasks to queue
[2025-10-07T01:44:50.895+0000] {logging_mixin.py:188} INFO - [2025-10-07T01:44:50.894+0000] {dagbag.py:545} INFO - Filling up the DagBag from /opt/airflow/dags/Flask_API.py
[2025-10-07T01:44:50.911+0000] {processor.py:840} INFO - DAG(s) 'Airflow_Lab2_Flask' retrieved from /opt/airflow/dags/Flask_API.py
[2025-10-07T01:44:50.981+0000] {logging_mixin.py:188} INFO - [2025-10-07T01:44:50.981+0000] {dag.py:3096} INFO - Sync 1 DAGs
[2025-10-07T01:44:50.989+0000] {logging_mixin.py:188} INFO - [2025-10-07T01:44:50.989+0000] {dag.py:3954} INFO - Setting next_dagrun for Airflow_Lab2_Flask to None, run_after=None
[2025-10-07T01:44:51.004+0000] {processor.py:183} INFO - Processing /opt/airflow/dags/Flask_API.py took 0.118 seconds
[2025-10-07T01:45:21.080+0000] {processor.py:161} INFO - Started process (PID=1798) to work on /opt/airflow/dags/Flask_API.py
[2025-10-07T01:45:21.081+0000] {processor.py:830} INFO - Processing file /opt/airflow/dags/Flask_API.py for tasks to queue
[2025-10-07T01:45:21.083+0000] {logging_mixin.py:188} INFO - [2025-10-07T01:45:21.082+0000] {dagbag.py:545} INFO - Filling up the DagBag from /opt/airflow/dags/Flask_API.py
[2025-10-07T01:45:21.097+0000] {processor.py:840} INFO - DAG(s) 'Airflow_Lab2_Flask' retrieved from /opt/airflow/dags/Flask_API.py
[2025-10-07T01:45:21.179+0000] {logging_mixin.py:188} INFO - [2025-10-07T01:45:21.178+0000] {dag.py:3096} INFO - Sync 1 DAGs
[2025-10-07T01:45:21.186+0000] {logging_mixin.py:188} INFO - [2025-10-07T01:45:21.186+0000] {dag.py:3954} INFO - Setting next_dagrun for Airflow_Lab2_Flask to None, run_after=None
[2025-10-07T01:45:21.203+0000] {processor.py:183} INFO - Processing /opt/airflow/dags/Flask_API.py took 0.127 seconds
[2025-10-07T01:45:51.313+0000] {processor.py:161} INFO - Started process (PID=1822) to work on /opt/airflow/dags/Flask_API.py
[2025-10-07T01:45:51.314+0000] {processor.py:830} INFO - Processing file /opt/airflow/dags/Flask_API.py for tasks to queue
[2025-10-07T01:45:51.315+0000] {logging_mixin.py:188} INFO - [2025-10-07T01:45:51.315+0000] {dagbag.py:545} INFO - Filling up the DagBag from /opt/airflow/dags/Flask_API.py
[2025-10-07T01:45:51.334+0000] {processor.py:840} INFO - DAG(s) 'Airflow_Lab2_Flask' retrieved from /opt/airflow/dags/Flask_API.py
[2025-10-07T01:45:51.422+0000] {logging_mixin.py:188} INFO - [2025-10-07T01:45:51.422+0000] {dag.py:3096} INFO - Sync 1 DAGs
[2025-10-07T01:45:51.434+0000] {logging_mixin.py:188} INFO - [2025-10-07T01:45:51.434+0000] {dag.py:3954} INFO - Setting next_dagrun for Airflow_Lab2_Flask to None, run_after=None
[2025-10-07T01:45:51.452+0000] {processor.py:183} INFO - Processing /opt/airflow/dags/Flask_API.py took 0.145 seconds
[2025-10-07T01:46:21.653+0000] {processor.py:161} INFO - Started process (PID=1846) to work on /opt/airflow/dags/Flask_API.py
[2025-10-07T01:46:21.654+0000] {processor.py:830} INFO - Processing file /opt/airflow/dags/Flask_API.py for tasks to queue
[2025-10-07T01:46:21.656+0000] {logging_mixin.py:188} INFO - [2025-10-07T01:46:21.656+0000] {dagbag.py:545} INFO - Filling up the DagBag from /opt/airflow/dags/Flask_API.py
[2025-10-07T01:46:21.673+0000] {processor.py:840} INFO - DAG(s) 'Airflow_Lab2_Flask' retrieved from /opt/airflow/dags/Flask_API.py
[2025-10-07T01:46:21.751+0000] {logging_mixin.py:188} INFO - [2025-10-07T01:46:21.750+0000] {dag.py:3096} INFO - Sync 1 DAGs
[2025-10-07T01:46:21.759+0000] {logging_mixin.py:188} INFO - [2025-10-07T01:46:21.758+0000] {dag.py:3954} INFO - Setting next_dagrun for Airflow_Lab2_Flask to None, run_after=None
[2025-10-07T01:46:21.774+0000] {processor.py:183} INFO - Processing /opt/airflow/dags/Flask_API.py took 0.125 seconds
[2025-10-07T01:46:51.856+0000] {processor.py:161} INFO - Started process (PID=1870) to work on /opt/airflow/dags/Flask_API.py
[2025-10-07T01:46:51.857+0000] {processor.py:830} INFO - Processing file /opt/airflow/dags/Flask_API.py for tasks to queue
[2025-10-07T01:46:51.858+0000] {logging_mixin.py:188} INFO - [2025-10-07T01:46:51.858+0000] {dagbag.py:545} INFO - Filling up the DagBag from /opt/airflow/dags/Flask_API.py
[2025-10-07T01:46:51.873+0000] {processor.py:840} INFO - DAG(s) 'Airflow_Lab2_Flask' retrieved from /opt/airflow/dags/Flask_API.py
[2025-10-07T01:46:51.944+0000] {logging_mixin.py:188} INFO - [2025-10-07T01:46:51.944+0000] {dag.py:3096} INFO - Sync 1 DAGs
[2025-10-07T01:46:51.952+0000] {logging_mixin.py:188} INFO - [2025-10-07T01:46:51.952+0000] {dag.py:3954} INFO - Setting next_dagrun for Airflow_Lab2_Flask to None, run_after=None
[2025-10-07T01:46:51.969+0000] {processor.py:183} INFO - Processing /opt/airflow/dags/Flask_API.py took 0.117 seconds
[2025-10-07T01:47:22.180+0000] {processor.py:161} INFO - Started process (PID=1894) to work on /opt/airflow/dags/Flask_API.py
[2025-10-07T01:47:22.180+0000] {processor.py:830} INFO - Processing file /opt/airflow/dags/Flask_API.py for tasks to queue
[2025-10-07T01:47:22.182+0000] {logging_mixin.py:188} INFO - [2025-10-07T01:47:22.182+0000] {dagbag.py:545} INFO - Filling up the DagBag from /opt/airflow/dags/Flask_API.py
[2025-10-07T01:47:22.201+0000] {processor.py:840} INFO - DAG(s) 'Airflow_Lab2_Flask' retrieved from /opt/airflow/dags/Flask_API.py
[2025-10-07T01:47:22.295+0000] {logging_mixin.py:188} INFO - [2025-10-07T01:47:22.295+0000] {dag.py:3096} INFO - Sync 1 DAGs
[2025-10-07T01:47:22.306+0000] {logging_mixin.py:188} INFO - [2025-10-07T01:47:22.306+0000] {dag.py:3954} INFO - Setting next_dagrun for Airflow_Lab2_Flask to None, run_after=None
[2025-10-07T01:47:22.324+0000] {processor.py:183} INFO - Processing /opt/airflow/dags/Flask_API.py took 0.149 seconds
[2025-10-07T01:47:52.544+0000] {processor.py:161} INFO - Started process (PID=1918) to work on /opt/airflow/dags/Flask_API.py
[2025-10-07T01:47:52.545+0000] {processor.py:830} INFO - Processing file /opt/airflow/dags/Flask_API.py for tasks to queue
[2025-10-07T01:47:52.546+0000] {logging_mixin.py:188} INFO - [2025-10-07T01:47:52.546+0000] {dagbag.py:545} INFO - Filling up the DagBag from /opt/airflow/dags/Flask_API.py
[2025-10-07T01:47:52.565+0000] {processor.py:840} INFO - DAG(s) 'Airflow_Lab2_Flask' retrieved from /opt/airflow/dags/Flask_API.py
[2025-10-07T01:47:52.649+0000] {logging_mixin.py:188} INFO - [2025-10-07T01:47:52.649+0000] {dag.py:3096} INFO - Sync 1 DAGs
[2025-10-07T01:47:52.658+0000] {logging_mixin.py:188} INFO - [2025-10-07T01:47:52.658+0000] {dag.py:3954} INFO - Setting next_dagrun for Airflow_Lab2_Flask to None, run_after=None
[2025-10-07T01:47:52.677+0000] {processor.py:183} INFO - Processing /opt/airflow/dags/Flask_API.py took 0.139 seconds
[2025-10-07T01:48:22.847+0000] {processor.py:161} INFO - Started process (PID=1942) to work on /opt/airflow/dags/Flask_API.py
[2025-10-07T01:48:22.848+0000] {processor.py:830} INFO - Processing file /opt/airflow/dags/Flask_API.py for tasks to queue
[2025-10-07T01:48:22.850+0000] {logging_mixin.py:188} INFO - [2025-10-07T01:48:22.850+0000] {dagbag.py:545} INFO - Filling up the DagBag from /opt/airflow/dags/Flask_API.py
[2025-10-07T01:48:22.870+0000] {processor.py:840} INFO - DAG(s) 'Airflow_Lab2_Flask' retrieved from /opt/airflow/dags/Flask_API.py
[2025-10-07T01:48:22.958+0000] {logging_mixin.py:188} INFO - [2025-10-07T01:48:22.958+0000] {dag.py:3096} INFO - Sync 1 DAGs
[2025-10-07T01:48:22.971+0000] {logging_mixin.py:188} INFO - [2025-10-07T01:48:22.970+0000] {dag.py:3954} INFO - Setting next_dagrun for Airflow_Lab2_Flask to None, run_after=None
[2025-10-07T01:48:22.991+0000] {processor.py:183} INFO - Processing /opt/airflow/dags/Flask_API.py took 0.148 seconds
[2025-10-07T01:48:53.048+0000] {processor.py:161} INFO - Started process (PID=1966) to work on /opt/airflow/dags/Flask_API.py
[2025-10-07T01:48:53.049+0000] {processor.py:830} INFO - Processing file /opt/airflow/dags/Flask_API.py for tasks to queue
[2025-10-07T01:48:53.051+0000] {logging_mixin.py:188} INFO - [2025-10-07T01:48:53.050+0000] {dagbag.py:545} INFO - Filling up the DagBag from /opt/airflow/dags/Flask_API.py
[2025-10-07T01:48:53.068+0000] {processor.py:840} INFO - DAG(s) 'Airflow_Lab2_Flask' retrieved from /opt/airflow/dags/Flask_API.py
[2025-10-07T01:48:53.150+0000] {logging_mixin.py:188} INFO - [2025-10-07T01:48:53.150+0000] {dag.py:3096} INFO - Sync 1 DAGs
[2025-10-07T01:48:53.158+0000] {logging_mixin.py:188} INFO - [2025-10-07T01:48:53.158+0000] {dag.py:3954} INFO - Setting next_dagrun for Airflow_Lab2_Flask to None, run_after=None
[2025-10-07T01:48:53.184+0000] {processor.py:183} INFO - Processing /opt/airflow/dags/Flask_API.py took 0.140 seconds
[2025-10-07T01:49:23.411+0000] {processor.py:161} INFO - Started process (PID=1990) to work on /opt/airflow/dags/Flask_API.py
[2025-10-07T01:49:23.412+0000] {processor.py:830} INFO - Processing file /opt/airflow/dags/Flask_API.py for tasks to queue
[2025-10-07T01:49:23.414+0000] {logging_mixin.py:188} INFO - [2025-10-07T01:49:23.414+0000] {dagbag.py:545} INFO - Filling up the DagBag from /opt/airflow/dags/Flask_API.py
[2025-10-07T01:49:23.439+0000] {processor.py:840} INFO - DAG(s) 'Airflow_Lab2_Flask' retrieved from /opt/airflow/dags/Flask_API.py
[2025-10-07T01:49:23.536+0000] {logging_mixin.py:188} INFO - [2025-10-07T01:49:23.535+0000] {dag.py:3096} INFO - Sync 1 DAGs
[2025-10-07T01:49:23.547+0000] {logging_mixin.py:188} INFO - [2025-10-07T01:49:23.547+0000] {dag.py:3954} INFO - Setting next_dagrun for Airflow_Lab2_Flask to None, run_after=None
[2025-10-07T01:49:23.579+0000] {processor.py:183} INFO - Processing /opt/airflow/dags/Flask_API.py took 0.173 seconds
