[2025-10-07T01:09:25.327+0000] {processor.py:161} INFO - Started process (PID=102) to work on /opt/airflow/dags/main.py
[2025-10-07T01:09:25.329+0000] {processor.py:830} INFO - Processing file /opt/airflow/dags/main.py for tasks to queue
[2025-10-07T01:09:25.332+0000] {logging_mixin.py:188} INFO - [2025-10-07T01:09:25.331+0000] {dagbag.py:545} INFO - Filling up the DagBag from /opt/airflow/dags/main.py
[2025-10-07T01:09:27.901+0000] {processor.py:840} INFO - DAG(s) 'Airflow_Lab2' retrieved from /opt/airflow/dags/main.py
[2025-10-07T01:09:28.023+0000] {logging_mixin.py:188} INFO - [2025-10-07T01:09:28.022+0000] {override.py:1829} INFO - Created Permission View: can read on DAG:Airflow_Lab2
[2025-10-07T01:09:28.035+0000] {logging_mixin.py:188} INFO - [2025-10-07T01:09:28.035+0000] {override.py:1829} INFO - Created Permission View: can edit on DAG:Airflow_Lab2
[2025-10-07T01:09:28.045+0000] {logging_mixin.py:188} INFO - [2025-10-07T01:09:28.044+0000] {override.py:1829} INFO - Created Permission View: can delete on DAG:Airflow_Lab2
[2025-10-07T01:09:28.046+0000] {logging_mixin.py:188} INFO - [2025-10-07T01:09:28.045+0000] {dag.py:3096} INFO - Sync 1 DAGs
[2025-10-07T01:09:28.058+0000] {logging_mixin.py:188} INFO - [2025-10-07T01:09:28.057+0000] {dag.py:3118} INFO - Creating ORM DAG for Airflow_Lab2
[2025-10-07T01:09:28.068+0000] {logging_mixin.py:188} INFO - [2025-10-07T01:09:28.068+0000] {dag.py:3954} INFO - Setting next_dagrun for Airflow_Lab2 to 2025-10-08 00:00:00+00:00, run_after=2025-10-09 00:00:00+00:00
[2025-10-07T01:09:28.091+0000] {processor.py:183} INFO - Processing /opt/airflow/dags/main.py took 2.775 seconds
[2025-10-07T01:09:58.276+0000] {processor.py:161} INFO - Started process (PID=133) to work on /opt/airflow/dags/main.py
[2025-10-07T01:09:58.277+0000] {processor.py:830} INFO - Processing file /opt/airflow/dags/main.py for tasks to queue
[2025-10-07T01:09:58.279+0000] {logging_mixin.py:188} INFO - [2025-10-07T01:09:58.279+0000] {dagbag.py:545} INFO - Filling up the DagBag from /opt/airflow/dags/main.py
[2025-10-07T01:09:59.338+0000] {processor.py:840} INFO - DAG(s) 'Airflow_Lab2' retrieved from /opt/airflow/dags/main.py
[2025-10-07T01:09:59.415+0000] {logging_mixin.py:188} INFO - [2025-10-07T01:09:59.414+0000] {dag.py:3096} INFO - Sync 1 DAGs
[2025-10-07T01:09:59.431+0000] {logging_mixin.py:188} INFO - [2025-10-07T01:09:59.431+0000] {dag.py:3954} INFO - Setting next_dagrun for Airflow_Lab2 to 2025-10-08 00:00:00+00:00, run_after=2025-10-09 00:00:00+00:00
[2025-10-07T01:09:59.450+0000] {processor.py:183} INFO - Processing /opt/airflow/dags/main.py took 1.177 seconds
[2025-10-07T01:10:29.724+0000] {processor.py:161} INFO - Started process (PID=157) to work on /opt/airflow/dags/main.py
[2025-10-07T01:10:29.724+0000] {processor.py:830} INFO - Processing file /opt/airflow/dags/main.py for tasks to queue
[2025-10-07T01:10:29.726+0000] {logging_mixin.py:188} INFO - [2025-10-07T01:10:29.726+0000] {dagbag.py:545} INFO - Filling up the DagBag from /opt/airflow/dags/main.py
[2025-10-07T01:10:30.749+0000] {processor.py:840} INFO - DAG(s) 'Airflow_Lab2' retrieved from /opt/airflow/dags/main.py
[2025-10-07T01:10:30.839+0000] {logging_mixin.py:188} INFO - [2025-10-07T01:10:30.838+0000] {dag.py:3096} INFO - Sync 1 DAGs
[2025-10-07T01:10:30.857+0000] {logging_mixin.py:188} INFO - [2025-10-07T01:10:30.857+0000] {dag.py:3954} INFO - Setting next_dagrun for Airflow_Lab2 to 2025-10-08 00:00:00+00:00, run_after=2025-10-09 00:00:00+00:00
[2025-10-07T01:10:30.883+0000] {processor.py:183} INFO - Processing /opt/airflow/dags/main.py took 1.164 seconds
[2025-10-07T01:11:01.189+0000] {processor.py:161} INFO - Started process (PID=181) to work on /opt/airflow/dags/main.py
[2025-10-07T01:11:01.191+0000] {processor.py:830} INFO - Processing file /opt/airflow/dags/main.py for tasks to queue
[2025-10-07T01:11:01.192+0000] {logging_mixin.py:188} INFO - [2025-10-07T01:11:01.192+0000] {dagbag.py:545} INFO - Filling up the DagBag from /opt/airflow/dags/main.py
[2025-10-07T01:11:02.111+0000] {processor.py:840} INFO - DAG(s) 'Airflow_Lab2' retrieved from /opt/airflow/dags/main.py
[2025-10-07T01:11:02.181+0000] {logging_mixin.py:188} INFO - [2025-10-07T01:11:02.181+0000] {dag.py:3096} INFO - Sync 1 DAGs
[2025-10-07T01:11:02.196+0000] {logging_mixin.py:188} INFO - [2025-10-07T01:11:02.195+0000] {dag.py:3954} INFO - Setting next_dagrun for Airflow_Lab2 to 2025-10-08 00:00:00+00:00, run_after=2025-10-09 00:00:00+00:00
[2025-10-07T01:11:02.215+0000] {processor.py:183} INFO - Processing /opt/airflow/dags/main.py took 1.030 seconds
[2025-10-07T01:11:32.437+0000] {processor.py:161} INFO - Started process (PID=205) to work on /opt/airflow/dags/main.py
[2025-10-07T01:11:32.438+0000] {processor.py:830} INFO - Processing file /opt/airflow/dags/main.py for tasks to queue
[2025-10-07T01:11:32.439+0000] {logging_mixin.py:188} INFO - [2025-10-07T01:11:32.439+0000] {dagbag.py:545} INFO - Filling up the DagBag from /opt/airflow/dags/main.py
[2025-10-07T01:11:33.516+0000] {processor.py:840} INFO - DAG(s) 'Airflow_Lab2' retrieved from /opt/airflow/dags/main.py
[2025-10-07T01:11:33.598+0000] {logging_mixin.py:188} INFO - [2025-10-07T01:11:33.598+0000] {dag.py:3096} INFO - Sync 1 DAGs
[2025-10-07T01:11:33.615+0000] {logging_mixin.py:188} INFO - [2025-10-07T01:11:33.615+0000] {dag.py:3954} INFO - Setting next_dagrun for Airflow_Lab2 to 2025-10-08 00:00:00+00:00, run_after=2025-10-09 00:00:00+00:00
[2025-10-07T01:11:33.639+0000] {processor.py:183} INFO - Processing /opt/airflow/dags/main.py took 1.208 seconds
[2025-10-07T01:12:03.814+0000] {processor.py:161} INFO - Started process (PID=229) to work on /opt/airflow/dags/main.py
[2025-10-07T01:12:03.815+0000] {processor.py:830} INFO - Processing file /opt/airflow/dags/main.py for tasks to queue
[2025-10-07T01:12:03.817+0000] {logging_mixin.py:188} INFO - [2025-10-07T01:12:03.817+0000] {dagbag.py:545} INFO - Filling up the DagBag from /opt/airflow/dags/main.py
[2025-10-07T01:12:04.796+0000] {processor.py:840} INFO - DAG(s) 'Airflow_Lab2' retrieved from /opt/airflow/dags/main.py
[2025-10-07T01:12:04.887+0000] {logging_mixin.py:188} INFO - [2025-10-07T01:12:04.887+0000] {dag.py:3096} INFO - Sync 1 DAGs
[2025-10-07T01:12:04.903+0000] {logging_mixin.py:188} INFO - [2025-10-07T01:12:04.903+0000] {dag.py:3954} INFO - Setting next_dagrun for Airflow_Lab2 to 2025-10-08 00:00:00+00:00, run_after=2025-10-09 00:00:00+00:00
[2025-10-07T01:12:04.923+0000] {processor.py:183} INFO - Processing /opt/airflow/dags/main.py took 1.114 seconds
[2025-10-07T01:12:35.379+0000] {processor.py:161} INFO - Started process (PID=253) to work on /opt/airflow/dags/main.py
[2025-10-07T01:12:35.380+0000] {processor.py:830} INFO - Processing file /opt/airflow/dags/main.py for tasks to queue
[2025-10-07T01:12:35.381+0000] {logging_mixin.py:188} INFO - [2025-10-07T01:12:35.381+0000] {dagbag.py:545} INFO - Filling up the DagBag from /opt/airflow/dags/main.py
[2025-10-07T01:12:36.459+0000] {processor.py:840} INFO - DAG(s) 'Airflow_Lab2' retrieved from /opt/airflow/dags/main.py
[2025-10-07T01:12:36.539+0000] {logging_mixin.py:188} INFO - [2025-10-07T01:12:36.538+0000] {dag.py:3096} INFO - Sync 1 DAGs
[2025-10-07T01:12:36.558+0000] {logging_mixin.py:188} INFO - [2025-10-07T01:12:36.557+0000] {dag.py:3954} INFO - Setting next_dagrun for Airflow_Lab2 to 2025-10-08 00:00:00+00:00, run_after=2025-10-09 00:00:00+00:00
[2025-10-07T01:12:36.580+0000] {processor.py:183} INFO - Processing /opt/airflow/dags/main.py took 1.205 seconds
[2025-10-07T01:13:06.789+0000] {processor.py:161} INFO - Started process (PID=277) to work on /opt/airflow/dags/main.py
[2025-10-07T01:13:06.791+0000] {processor.py:830} INFO - Processing file /opt/airflow/dags/main.py for tasks to queue
[2025-10-07T01:13:06.794+0000] {logging_mixin.py:188} INFO - [2025-10-07T01:13:06.793+0000] {dagbag.py:545} INFO - Filling up the DagBag from /opt/airflow/dags/main.py
[2025-10-07T01:13:09.094+0000] {processor.py:840} INFO - DAG(s) 'Airflow_Lab2' retrieved from /opt/airflow/dags/main.py
[2025-10-07T01:13:09.250+0000] {logging_mixin.py:188} INFO - [2025-10-07T01:13:09.250+0000] {dag.py:3096} INFO - Sync 1 DAGs
[2025-10-07T01:13:09.276+0000] {logging_mixin.py:188} INFO - [2025-10-07T01:13:09.275+0000] {dag.py:3954} INFO - Setting next_dagrun for Airflow_Lab2 to 2025-10-08 00:00:00+00:00, run_after=2025-10-09 00:00:00+00:00
[2025-10-07T01:13:09.302+0000] {processor.py:183} INFO - Processing /opt/airflow/dags/main.py took 2.519 seconds
[2025-10-07T01:13:39.354+0000] {processor.py:161} INFO - Started process (PID=301) to work on /opt/airflow/dags/main.py
[2025-10-07T01:13:39.355+0000] {processor.py:830} INFO - Processing file /opt/airflow/dags/main.py for tasks to queue
[2025-10-07T01:13:39.358+0000] {logging_mixin.py:188} INFO - [2025-10-07T01:13:39.357+0000] {dagbag.py:545} INFO - Filling up the DagBag from /opt/airflow/dags/main.py
[2025-10-07T01:13:40.592+0000] {processor.py:840} INFO - DAG(s) 'Airflow_Lab2' retrieved from /opt/airflow/dags/main.py
[2025-10-07T01:13:40.669+0000] {logging_mixin.py:188} INFO - [2025-10-07T01:13:40.669+0000] {dag.py:3096} INFO - Sync 1 DAGs
[2025-10-07T01:13:40.686+0000] {logging_mixin.py:188} INFO - [2025-10-07T01:13:40.686+0000] {dag.py:3954} INFO - Setting next_dagrun for Airflow_Lab2 to 2025-10-08 00:00:00+00:00, run_after=2025-10-09 00:00:00+00:00
[2025-10-07T01:13:40.714+0000] {processor.py:183} INFO - Processing /opt/airflow/dags/main.py took 1.367 seconds
[2025-10-07T01:14:11.602+0000] {processor.py:161} INFO - Started process (PID=325) to work on /opt/airflow/dags/main.py
[2025-10-07T01:14:11.603+0000] {processor.py:830} INFO - Processing file /opt/airflow/dags/main.py for tasks to queue
[2025-10-07T01:14:11.606+0000] {logging_mixin.py:188} INFO - [2025-10-07T01:14:11.605+0000] {dagbag.py:545} INFO - Filling up the DagBag from /opt/airflow/dags/main.py
[2025-10-07T01:14:12.585+0000] {processor.py:840} INFO - DAG(s) 'Airflow_Lab2' retrieved from /opt/airflow/dags/main.py
[2025-10-07T01:14:12.662+0000] {logging_mixin.py:188} INFO - [2025-10-07T01:14:12.662+0000] {dag.py:3096} INFO - Sync 1 DAGs
[2025-10-07T01:14:12.679+0000] {logging_mixin.py:188} INFO - [2025-10-07T01:14:12.679+0000] {dag.py:3954} INFO - Setting next_dagrun for Airflow_Lab2 to 2025-10-08 00:00:00+00:00, run_after=2025-10-09 00:00:00+00:00
[2025-10-07T01:14:12.700+0000] {processor.py:183} INFO - Processing /opt/airflow/dags/main.py took 1.104 seconds
[2025-10-07T01:14:43.326+0000] {processor.py:161} INFO - Started process (PID=349) to work on /opt/airflow/dags/main.py
[2025-10-07T01:14:43.327+0000] {processor.py:830} INFO - Processing file /opt/airflow/dags/main.py for tasks to queue
[2025-10-07T01:14:43.329+0000] {logging_mixin.py:188} INFO - [2025-10-07T01:14:43.329+0000] {dagbag.py:545} INFO - Filling up the DagBag from /opt/airflow/dags/main.py
[2025-10-07T01:14:44.253+0000] {processor.py:840} INFO - DAG(s) 'Airflow_Lab2' retrieved from /opt/airflow/dags/main.py
[2025-10-07T01:14:44.328+0000] {logging_mixin.py:188} INFO - [2025-10-07T01:14:44.328+0000] {dag.py:3096} INFO - Sync 1 DAGs
[2025-10-07T01:14:44.342+0000] {logging_mixin.py:188} INFO - [2025-10-07T01:14:44.342+0000] {dag.py:3954} INFO - Setting next_dagrun for Airflow_Lab2 to 2025-10-08 00:00:00+00:00, run_after=2025-10-09 00:00:00+00:00
[2025-10-07T01:14:44.360+0000] {processor.py:183} INFO - Processing /opt/airflow/dags/main.py took 1.040 seconds
[2025-10-07T01:15:14.576+0000] {processor.py:161} INFO - Started process (PID=373) to work on /opt/airflow/dags/main.py
[2025-10-07T01:15:14.577+0000] {processor.py:830} INFO - Processing file /opt/airflow/dags/main.py for tasks to queue
[2025-10-07T01:15:14.579+0000] {logging_mixin.py:188} INFO - [2025-10-07T01:15:14.579+0000] {dagbag.py:545} INFO - Filling up the DagBag from /opt/airflow/dags/main.py
[2025-10-07T01:15:15.626+0000] {processor.py:840} INFO - DAG(s) 'Airflow_Lab2' retrieved from /opt/airflow/dags/main.py
[2025-10-07T01:15:15.706+0000] {logging_mixin.py:188} INFO - [2025-10-07T01:15:15.706+0000] {dag.py:3096} INFO - Sync 1 DAGs
[2025-10-07T01:15:15.720+0000] {logging_mixin.py:188} INFO - [2025-10-07T01:15:15.720+0000] {dag.py:3954} INFO - Setting next_dagrun for Airflow_Lab2 to 2025-10-08 00:00:00+00:00, run_after=2025-10-09 00:00:00+00:00
[2025-10-07T01:15:15.740+0000] {processor.py:183} INFO - Processing /opt/airflow/dags/main.py took 1.168 seconds
[2025-10-07T01:15:45.903+0000] {processor.py:161} INFO - Started process (PID=403) to work on /opt/airflow/dags/main.py
[2025-10-07T01:15:45.904+0000] {processor.py:830} INFO - Processing file /opt/airflow/dags/main.py for tasks to queue
[2025-10-07T01:15:45.905+0000] {logging_mixin.py:188} INFO - [2025-10-07T01:15:45.905+0000] {dagbag.py:545} INFO - Filling up the DagBag from /opt/airflow/dags/main.py
[2025-10-07T01:15:46.935+0000] {processor.py:840} INFO - DAG(s) 'Airflow_Lab2' retrieved from /opt/airflow/dags/main.py
[2025-10-07T01:15:47.015+0000] {logging_mixin.py:188} INFO - [2025-10-07T01:15:47.014+0000] {dag.py:3096} INFO - Sync 1 DAGs
[2025-10-07T01:15:47.030+0000] {logging_mixin.py:188} INFO - [2025-10-07T01:15:47.030+0000] {dag.py:3954} INFO - Setting next_dagrun for Airflow_Lab2 to 2025-10-08 00:00:00+00:00, run_after=2025-10-09 00:00:00+00:00
[2025-10-07T01:15:47.049+0000] {processor.py:183} INFO - Processing /opt/airflow/dags/main.py took 1.150 seconds
[2025-10-07T01:16:17.269+0000] {processor.py:161} INFO - Started process (PID=427) to work on /opt/airflow/dags/main.py
[2025-10-07T01:16:17.270+0000] {processor.py:830} INFO - Processing file /opt/airflow/dags/main.py for tasks to queue
[2025-10-07T01:16:17.271+0000] {logging_mixin.py:188} INFO - [2025-10-07T01:16:17.271+0000] {dagbag.py:545} INFO - Filling up the DagBag from /opt/airflow/dags/main.py
[2025-10-07T01:16:18.276+0000] {processor.py:840} INFO - DAG(s) 'Airflow_Lab2' retrieved from /opt/airflow/dags/main.py
[2025-10-07T01:16:18.359+0000] {logging_mixin.py:188} INFO - [2025-10-07T01:16:18.358+0000] {dag.py:3096} INFO - Sync 1 DAGs
[2025-10-07T01:16:18.376+0000] {logging_mixin.py:188} INFO - [2025-10-07T01:16:18.376+0000] {dag.py:3954} INFO - Setting next_dagrun for Airflow_Lab2 to 2025-10-08 00:00:00+00:00, run_after=2025-10-09 00:00:00+00:00
[2025-10-07T01:16:18.398+0000] {processor.py:183} INFO - Processing /opt/airflow/dags/main.py took 1.133 seconds
[2025-10-07T01:16:48.591+0000] {processor.py:161} INFO - Started process (PID=451) to work on /opt/airflow/dags/main.py
[2025-10-07T01:16:48.591+0000] {processor.py:830} INFO - Processing file /opt/airflow/dags/main.py for tasks to queue
[2025-10-07T01:16:48.593+0000] {logging_mixin.py:188} INFO - [2025-10-07T01:16:48.592+0000] {dagbag.py:545} INFO - Filling up the DagBag from /opt/airflow/dags/main.py
[2025-10-07T01:16:49.639+0000] {processor.py:840} INFO - DAG(s) 'Airflow_Lab2' retrieved from /opt/airflow/dags/main.py
[2025-10-07T01:16:49.723+0000] {logging_mixin.py:188} INFO - [2025-10-07T01:16:49.723+0000] {dag.py:3096} INFO - Sync 1 DAGs
[2025-10-07T01:16:49.744+0000] {logging_mixin.py:188} INFO - [2025-10-07T01:16:49.743+0000] {dag.py:3954} INFO - Setting next_dagrun for Airflow_Lab2 to 2025-10-08 00:00:00+00:00, run_after=2025-10-09 00:00:00+00:00
[2025-10-07T01:16:49.763+0000] {processor.py:183} INFO - Processing /opt/airflow/dags/main.py took 1.176 seconds
[2025-10-07T01:17:19.832+0000] {processor.py:161} INFO - Started process (PID=475) to work on /opt/airflow/dags/main.py
[2025-10-07T01:17:19.832+0000] {processor.py:830} INFO - Processing file /opt/airflow/dags/main.py for tasks to queue
[2025-10-07T01:17:19.834+0000] {logging_mixin.py:188} INFO - [2025-10-07T01:17:19.833+0000] {dagbag.py:545} INFO - Filling up the DagBag from /opt/airflow/dags/main.py
[2025-10-07T01:17:20.793+0000] {processor.py:840} INFO - DAG(s) 'Airflow_Lab2' retrieved from /opt/airflow/dags/main.py
[2025-10-07T01:17:20.870+0000] {logging_mixin.py:188} INFO - [2025-10-07T01:17:20.869+0000] {dag.py:3096} INFO - Sync 1 DAGs
[2025-10-07T01:17:20.887+0000] {logging_mixin.py:188} INFO - [2025-10-07T01:17:20.886+0000] {dag.py:3954} INFO - Setting next_dagrun for Airflow_Lab2 to 2025-10-08 00:00:00+00:00, run_after=2025-10-09 00:00:00+00:00
[2025-10-07T01:17:20.907+0000] {processor.py:183} INFO - Processing /opt/airflow/dags/main.py took 1.079 seconds
[2025-10-07T01:17:51.166+0000] {processor.py:161} INFO - Started process (PID=499) to work on /opt/airflow/dags/main.py
[2025-10-07T01:17:51.167+0000] {processor.py:830} INFO - Processing file /opt/airflow/dags/main.py for tasks to queue
[2025-10-07T01:17:51.168+0000] {logging_mixin.py:188} INFO - [2025-10-07T01:17:51.167+0000] {dagbag.py:545} INFO - Filling up the DagBag from /opt/airflow/dags/main.py
[2025-10-07T01:17:52.128+0000] {processor.py:840} INFO - DAG(s) 'Airflow_Lab2' retrieved from /opt/airflow/dags/main.py
[2025-10-07T01:17:52.208+0000] {logging_mixin.py:188} INFO - [2025-10-07T01:17:52.208+0000] {dag.py:3096} INFO - Sync 1 DAGs
[2025-10-07T01:17:52.223+0000] {logging_mixin.py:188} INFO - [2025-10-07T01:17:52.223+0000] {dag.py:3954} INFO - Setting next_dagrun for Airflow_Lab2 to 2025-10-08 00:00:00+00:00, run_after=2025-10-09 00:00:00+00:00
[2025-10-07T01:17:52.243+0000] {processor.py:183} INFO - Processing /opt/airflow/dags/main.py took 1.081 seconds
[2025-10-07T01:18:22.595+0000] {processor.py:161} INFO - Started process (PID=523) to work on /opt/airflow/dags/main.py
[2025-10-07T01:18:22.596+0000] {processor.py:830} INFO - Processing file /opt/airflow/dags/main.py for tasks to queue
[2025-10-07T01:18:22.599+0000] {logging_mixin.py:188} INFO - [2025-10-07T01:18:22.598+0000] {dagbag.py:545} INFO - Filling up the DagBag from /opt/airflow/dags/main.py
[2025-10-07T01:18:23.912+0000] {processor.py:840} INFO - DAG(s) 'Airflow_Lab2' retrieved from /opt/airflow/dags/main.py
[2025-10-07T01:18:24.022+0000] {logging_mixin.py:188} INFO - [2025-10-07T01:18:24.022+0000] {dag.py:3096} INFO - Sync 1 DAGs
[2025-10-07T01:18:24.054+0000] {logging_mixin.py:188} INFO - [2025-10-07T01:18:24.054+0000] {dag.py:3954} INFO - Setting next_dagrun for Airflow_Lab2 to 2025-10-08 00:00:00+00:00, run_after=2025-10-09 00:00:00+00:00
[2025-10-07T01:18:24.077+0000] {processor.py:183} INFO - Processing /opt/airflow/dags/main.py took 1.487 seconds
[2025-10-07T01:18:54.161+0000] {processor.py:161} INFO - Started process (PID=547) to work on /opt/airflow/dags/main.py
[2025-10-07T01:18:54.162+0000] {processor.py:830} INFO - Processing file /opt/airflow/dags/main.py for tasks to queue
[2025-10-07T01:18:54.164+0000] {logging_mixin.py:188} INFO - [2025-10-07T01:18:54.163+0000] {dagbag.py:545} INFO - Filling up the DagBag from /opt/airflow/dags/main.py
[2025-10-07T01:18:55.134+0000] {processor.py:840} INFO - DAG(s) 'Airflow_Lab2' retrieved from /opt/airflow/dags/main.py
[2025-10-07T01:18:55.205+0000] {logging_mixin.py:188} INFO - [2025-10-07T01:18:55.205+0000] {dag.py:3096} INFO - Sync 1 DAGs
[2025-10-07T01:18:55.219+0000] {logging_mixin.py:188} INFO - [2025-10-07T01:18:55.219+0000] {dag.py:3954} INFO - Setting next_dagrun for Airflow_Lab2 to 2025-10-08 00:00:00+00:00, run_after=2025-10-09 00:00:00+00:00
[2025-10-07T01:18:55.241+0000] {processor.py:183} INFO - Processing /opt/airflow/dags/main.py took 1.084 seconds
[2025-10-07T01:19:25.478+0000] {processor.py:161} INFO - Started process (PID=571) to work on /opt/airflow/dags/main.py
[2025-10-07T01:19:25.479+0000] {processor.py:830} INFO - Processing file /opt/airflow/dags/main.py for tasks to queue
[2025-10-07T01:19:25.480+0000] {logging_mixin.py:188} INFO - [2025-10-07T01:19:25.480+0000] {dagbag.py:545} INFO - Filling up the DagBag from /opt/airflow/dags/main.py
[2025-10-07T01:19:25.359+0000] {processor.py:840} INFO - DAG(s) 'Airflow_Lab2' retrieved from /opt/airflow/dags/main.py
[2025-10-07T01:19:25.438+0000] {logging_mixin.py:188} INFO - [2025-10-07T01:19:25.438+0000] {dag.py:3096} INFO - Sync 1 DAGs
[2025-10-07T01:19:25.455+0000] {logging_mixin.py:188} INFO - [2025-10-07T01:19:25.455+0000] {dag.py:3954} INFO - Setting next_dagrun for Airflow_Lab2 to 2025-10-08 00:00:00+00:00, run_after=2025-10-09 00:00:00+00:00
[2025-10-07T01:19:25.479+0000] {processor.py:183} INFO - Processing /opt/airflow/dags/main.py took 1.072 seconds
[2025-10-07T01:19:55.755+0000] {processor.py:161} INFO - Started process (PID=595) to work on /opt/airflow/dags/main.py
[2025-10-07T01:19:55.756+0000] {processor.py:830} INFO - Processing file /opt/airflow/dags/main.py for tasks to queue
[2025-10-07T01:19:55.758+0000] {logging_mixin.py:188} INFO - [2025-10-07T01:19:55.758+0000] {dagbag.py:545} INFO - Filling up the DagBag from /opt/airflow/dags/main.py
[2025-10-07T01:19:56.798+0000] {processor.py:840} INFO - DAG(s) 'Airflow_Lab2' retrieved from /opt/airflow/dags/main.py
[2025-10-07T01:19:56.871+0000] {logging_mixin.py:188} INFO - [2025-10-07T01:19:56.871+0000] {dag.py:3096} INFO - Sync 1 DAGs
[2025-10-07T01:19:56.887+0000] {logging_mixin.py:188} INFO - [2025-10-07T01:19:56.886+0000] {dag.py:3954} INFO - Setting next_dagrun for Airflow_Lab2 to 2025-10-08 00:00:00+00:00, run_after=2025-10-09 00:00:00+00:00
[2025-10-07T01:19:56.907+0000] {processor.py:183} INFO - Processing /opt/airflow/dags/main.py took 1.156 seconds
[2025-10-07T01:20:27.152+0000] {processor.py:161} INFO - Started process (PID=619) to work on /opt/airflow/dags/main.py
[2025-10-07T01:20:27.153+0000] {processor.py:830} INFO - Processing file /opt/airflow/dags/main.py for tasks to queue
[2025-10-07T01:20:27.154+0000] {logging_mixin.py:188} INFO - [2025-10-07T01:20:27.154+0000] {dagbag.py:545} INFO - Filling up the DagBag from /opt/airflow/dags/main.py
[2025-10-07T01:20:28.119+0000] {processor.py:840} INFO - DAG(s) 'Airflow_Lab2' retrieved from /opt/airflow/dags/main.py
[2025-10-07T01:20:28.203+0000] {logging_mixin.py:188} INFO - [2025-10-07T01:20:28.203+0000] {dag.py:3096} INFO - Sync 1 DAGs
[2025-10-07T01:20:28.220+0000] {logging_mixin.py:188} INFO - [2025-10-07T01:20:28.219+0000] {dag.py:3954} INFO - Setting next_dagrun for Airflow_Lab2 to 2025-10-08 00:00:00+00:00, run_after=2025-10-09 00:00:00+00:00
[2025-10-07T01:20:28.241+0000] {processor.py:183} INFO - Processing /opt/airflow/dags/main.py took 1.093 seconds
[2025-10-07T01:20:58.531+0000] {processor.py:161} INFO - Started process (PID=643) to work on /opt/airflow/dags/main.py
[2025-10-07T01:20:58.532+0000] {processor.py:830} INFO - Processing file /opt/airflow/dags/main.py for tasks to queue
[2025-10-07T01:20:58.534+0000] {logging_mixin.py:188} INFO - [2025-10-07T01:20:58.533+0000] {dagbag.py:545} INFO - Filling up the DagBag from /opt/airflow/dags/main.py
[2025-10-07T01:20:59.515+0000] {processor.py:840} INFO - DAG(s) 'Airflow_Lab2' retrieved from /opt/airflow/dags/main.py
[2025-10-07T01:20:59.589+0000] {logging_mixin.py:188} INFO - [2025-10-07T01:20:59.589+0000] {dag.py:3096} INFO - Sync 1 DAGs
[2025-10-07T01:20:59.609+0000] {logging_mixin.py:188} INFO - [2025-10-07T01:20:59.608+0000] {dag.py:3954} INFO - Setting next_dagrun for Airflow_Lab2 to 2025-10-08 00:00:00+00:00, run_after=2025-10-09 00:00:00+00:00
[2025-10-07T01:20:59.629+0000] {processor.py:183} INFO - Processing /opt/airflow/dags/main.py took 1.102 seconds
[2025-10-07T01:21:29.866+0000] {processor.py:161} INFO - Started process (PID=667) to work on /opt/airflow/dags/main.py
[2025-10-07T01:21:29.866+0000] {processor.py:830} INFO - Processing file /opt/airflow/dags/main.py for tasks to queue
[2025-10-07T01:21:29.868+0000] {logging_mixin.py:188} INFO - [2025-10-07T01:21:29.868+0000] {dagbag.py:545} INFO - Filling up the DagBag from /opt/airflow/dags/main.py
[2025-10-07T01:21:30.811+0000] {processor.py:840} INFO - DAG(s) 'Airflow_Lab2' retrieved from /opt/airflow/dags/main.py
[2025-10-07T01:21:30.901+0000] {logging_mixin.py:188} INFO - [2025-10-07T01:21:30.901+0000] {dag.py:3096} INFO - Sync 1 DAGs
[2025-10-07T01:21:30.919+0000] {logging_mixin.py:188} INFO - [2025-10-07T01:21:30.918+0000] {dag.py:3954} INFO - Setting next_dagrun for Airflow_Lab2 to 2025-10-08 00:00:00+00:00, run_after=2025-10-09 00:00:00+00:00
[2025-10-07T01:21:30.941+0000] {processor.py:183} INFO - Processing /opt/airflow/dags/main.py took 1.079 seconds
[2025-10-07T01:22:01.191+0000] {processor.py:161} INFO - Started process (PID=698) to work on /opt/airflow/dags/main.py
[2025-10-07T01:22:01.192+0000] {processor.py:830} INFO - Processing file /opt/airflow/dags/main.py for tasks to queue
[2025-10-07T01:22:01.194+0000] {logging_mixin.py:188} INFO - [2025-10-07T01:22:01.193+0000] {dagbag.py:545} INFO - Filling up the DagBag from /opt/airflow/dags/main.py
[2025-10-07T01:22:02.154+0000] {processor.py:840} INFO - DAG(s) 'Airflow_Lab2' retrieved from /opt/airflow/dags/main.py
[2025-10-07T01:22:02.234+0000] {logging_mixin.py:188} INFO - [2025-10-07T01:22:02.234+0000] {dag.py:3096} INFO - Sync 1 DAGs
[2025-10-07T01:22:02.250+0000] {logging_mixin.py:188} INFO - [2025-10-07T01:22:02.249+0000] {dag.py:3954} INFO - Setting next_dagrun for Airflow_Lab2 to 2025-10-08 00:00:00+00:00, run_after=2025-10-09 00:00:00+00:00
[2025-10-07T01:22:02.282+0000] {processor.py:183} INFO - Processing /opt/airflow/dags/main.py took 1.095 seconds
[2025-10-07T01:22:32.566+0000] {processor.py:161} INFO - Started process (PID=722) to work on /opt/airflow/dags/main.py
[2025-10-07T01:22:32.567+0000] {processor.py:830} INFO - Processing file /opt/airflow/dags/main.py for tasks to queue
[2025-10-07T01:22:32.569+0000] {logging_mixin.py:188} INFO - [2025-10-07T01:22:32.568+0000] {dagbag.py:545} INFO - Filling up the DagBag from /opt/airflow/dags/main.py
[2025-10-07T01:22:34.004+0000] {processor.py:840} INFO - DAG(s) 'Airflow_Lab2' retrieved from /opt/airflow/dags/main.py
[2025-10-07T01:22:34.160+0000] {logging_mixin.py:188} INFO - [2025-10-07T01:22:34.160+0000] {dag.py:3096} INFO - Sync 1 DAGs
[2025-10-07T01:22:34.186+0000] {logging_mixin.py:188} INFO - [2025-10-07T01:22:34.185+0000] {dag.py:3954} INFO - Setting next_dagrun for Airflow_Lab2 to 2025-10-08 00:00:00+00:00, run_after=2025-10-09 00:00:00+00:00
[2025-10-07T01:22:34.218+0000] {processor.py:183} INFO - Processing /opt/airflow/dags/main.py took 1.657 seconds
[2025-10-07T01:23:04.856+0000] {processor.py:161} INFO - Started process (PID=746) to work on /opt/airflow/dags/main.py
[2025-10-07T01:23:04.857+0000] {processor.py:830} INFO - Processing file /opt/airflow/dags/main.py for tasks to queue
[2025-10-07T01:23:04.859+0000] {logging_mixin.py:188} INFO - [2025-10-07T01:23:04.859+0000] {dagbag.py:545} INFO - Filling up the DagBag from /opt/airflow/dags/main.py
[2025-10-07T01:23:05.766+0000] {processor.py:840} INFO - DAG(s) 'Airflow_Lab2' retrieved from /opt/airflow/dags/main.py
[2025-10-07T01:23:05.854+0000] {logging_mixin.py:188} INFO - [2025-10-07T01:23:05.854+0000] {dag.py:3096} INFO - Sync 1 DAGs
[2025-10-07T01:23:05.899+0000] {logging_mixin.py:188} INFO - [2025-10-07T01:23:05.899+0000] {dag.py:3954} INFO - Setting next_dagrun for Airflow_Lab2 to 2025-10-08 00:00:00+00:00, run_after=2025-10-09 00:00:00+00:00
[2025-10-07T01:23:05.926+0000] {processor.py:183} INFO - Processing /opt/airflow/dags/main.py took 1.076 seconds
[2025-10-07T01:23:36.193+0000] {processor.py:161} INFO - Started process (PID=770) to work on /opt/airflow/dags/main.py
[2025-10-07T01:23:36.194+0000] {processor.py:830} INFO - Processing file /opt/airflow/dags/main.py for tasks to queue
[2025-10-07T01:23:36.195+0000] {logging_mixin.py:188} INFO - [2025-10-07T01:23:36.195+0000] {dagbag.py:545} INFO - Filling up the DagBag from /opt/airflow/dags/main.py
[2025-10-07T01:23:37.142+0000] {processor.py:840} INFO - DAG(s) 'Airflow_Lab2' retrieved from /opt/airflow/dags/main.py
[2025-10-07T01:23:37.211+0000] {logging_mixin.py:188} INFO - [2025-10-07T01:23:37.211+0000] {dag.py:3096} INFO - Sync 1 DAGs
[2025-10-07T01:23:37.225+0000] {logging_mixin.py:188} INFO - [2025-10-07T01:23:37.225+0000] {dag.py:3954} INFO - Setting next_dagrun for Airflow_Lab2 to 2025-10-08 00:00:00+00:00, run_after=2025-10-09 00:00:00+00:00
[2025-10-07T01:23:37.245+0000] {processor.py:183} INFO - Processing /opt/airflow/dags/main.py took 1.057 seconds
[2025-10-07T01:24:07.473+0000] {processor.py:161} INFO - Started process (PID=795) to work on /opt/airflow/dags/main.py
[2025-10-07T01:24:07.474+0000] {processor.py:830} INFO - Processing file /opt/airflow/dags/main.py for tasks to queue
[2025-10-07T01:24:07.476+0000] {logging_mixin.py:188} INFO - [2025-10-07T01:24:07.475+0000] {dagbag.py:545} INFO - Filling up the DagBag from /opt/airflow/dags/main.py
[2025-10-07T01:24:08.463+0000] {processor.py:840} INFO - DAG(s) 'Airflow_Lab2' retrieved from /opt/airflow/dags/main.py
[2025-10-07T01:24:08.538+0000] {logging_mixin.py:188} INFO - [2025-10-07T01:24:08.537+0000] {dag.py:3096} INFO - Sync 1 DAGs
[2025-10-07T01:24:08.552+0000] {logging_mixin.py:188} INFO - [2025-10-07T01:24:08.552+0000] {dag.py:3954} INFO - Setting next_dagrun for Airflow_Lab2 to 2025-10-08 00:00:00+00:00, run_after=2025-10-09 00:00:00+00:00
[2025-10-07T01:24:08.570+0000] {processor.py:183} INFO - Processing /opt/airflow/dags/main.py took 1.101 seconds
[2025-10-07T01:24:38.965+0000] {processor.py:161} INFO - Started process (PID=820) to work on /opt/airflow/dags/main.py
[2025-10-07T01:24:38.966+0000] {processor.py:830} INFO - Processing file /opt/airflow/dags/main.py for tasks to queue
[2025-10-07T01:24:38.967+0000] {logging_mixin.py:188} INFO - [2025-10-07T01:24:38.967+0000] {dagbag.py:545} INFO - Filling up the DagBag from /opt/airflow/dags/main.py
[2025-10-07T01:24:39.938+0000] {processor.py:840} INFO - DAG(s) 'Airflow_Lab2' retrieved from /opt/airflow/dags/main.py
[2025-10-07T01:24:40.015+0000] {logging_mixin.py:188} INFO - [2025-10-07T01:24:40.014+0000] {dag.py:3096} INFO - Sync 1 DAGs
[2025-10-07T01:24:40.043+0000] {logging_mixin.py:188} INFO - [2025-10-07T01:24:40.042+0000] {dag.py:3954} INFO - Setting next_dagrun for Airflow_Lab2 to 2025-10-08 00:00:00+00:00, run_after=2025-10-09 00:00:00+00:00
[2025-10-07T01:24:40.067+0000] {processor.py:183} INFO - Processing /opt/airflow/dags/main.py took 1.106 seconds
[2025-10-07T01:25:10.310+0000] {processor.py:161} INFO - Started process (PID=844) to work on /opt/airflow/dags/main.py
[2025-10-07T01:25:10.311+0000] {processor.py:830} INFO - Processing file /opt/airflow/dags/main.py for tasks to queue
[2025-10-07T01:25:10.313+0000] {logging_mixin.py:188} INFO - [2025-10-07T01:25:10.313+0000] {dagbag.py:545} INFO - Filling up the DagBag from /opt/airflow/dags/main.py
[2025-10-07T01:25:11.304+0000] {processor.py:840} INFO - DAG(s) 'Airflow_Lab2' retrieved from /opt/airflow/dags/main.py
[2025-10-07T01:25:11.522+0000] {logging_mixin.py:188} INFO - [2025-10-07T01:25:11.521+0000] {dag.py:3096} INFO - Sync 1 DAGs
[2025-10-07T01:25:11.554+0000] {logging_mixin.py:188} INFO - [2025-10-07T01:25:11.554+0000] {dag.py:3954} INFO - Setting next_dagrun for Airflow_Lab2 to 2025-10-08 00:00:00+00:00, run_after=2025-10-09 00:00:00+00:00
[2025-10-07T01:25:11.587+0000] {processor.py:183} INFO - Processing /opt/airflow/dags/main.py took 1.280 seconds
[2025-10-07T01:25:41.770+0000] {processor.py:161} INFO - Started process (PID=868) to work on /opt/airflow/dags/main.py
[2025-10-07T01:25:41.771+0000] {processor.py:830} INFO - Processing file /opt/airflow/dags/main.py for tasks to queue
[2025-10-07T01:25:41.773+0000] {logging_mixin.py:188} INFO - [2025-10-07T01:25:41.772+0000] {dagbag.py:545} INFO - Filling up the DagBag from /opt/airflow/dags/main.py
[2025-10-07T01:25:41.645+0000] {processor.py:840} INFO - DAG(s) 'Airflow_Lab2' retrieved from /opt/airflow/dags/main.py
[2025-10-07T01:25:41.782+0000] {logging_mixin.py:188} INFO - [2025-10-07T01:25:41.782+0000] {dag.py:3096} INFO - Sync 1 DAGs
[2025-10-07T01:25:41.825+0000] {logging_mixin.py:188} INFO - [2025-10-07T01:25:41.825+0000] {dag.py:3954} INFO - Setting next_dagrun for Airflow_Lab2 to 2025-10-08 00:00:00+00:00, run_after=2025-10-09 00:00:00+00:00
[2025-10-07T01:25:41.856+0000] {processor.py:183} INFO - Processing /opt/airflow/dags/main.py took 1.179 seconds
[2025-10-07T01:26:12.055+0000] {processor.py:161} INFO - Started process (PID=892) to work on /opt/airflow/dags/main.py
[2025-10-07T01:26:12.056+0000] {processor.py:830} INFO - Processing file /opt/airflow/dags/main.py for tasks to queue
[2025-10-07T01:26:12.057+0000] {logging_mixin.py:188} INFO - [2025-10-07T01:26:12.057+0000] {dagbag.py:545} INFO - Filling up the DagBag from /opt/airflow/dags/main.py
[2025-10-07T01:26:12.948+0000] {processor.py:840} INFO - DAG(s) 'Airflow_Lab2' retrieved from /opt/airflow/dags/main.py
[2025-10-07T01:26:13.028+0000] {logging_mixin.py:188} INFO - [2025-10-07T01:26:13.027+0000] {dag.py:3096} INFO - Sync 1 DAGs
[2025-10-07T01:26:13.043+0000] {logging_mixin.py:188} INFO - [2025-10-07T01:26:13.043+0000] {dag.py:3954} INFO - Setting next_dagrun for Airflow_Lab2 to 2025-10-08 00:00:00+00:00, run_after=2025-10-09 00:00:00+00:00
[2025-10-07T01:26:13.061+0000] {processor.py:183} INFO - Processing /opt/airflow/dags/main.py took 1.010 seconds
[2025-10-07T01:26:43.265+0000] {processor.py:161} INFO - Started process (PID=916) to work on /opt/airflow/dags/main.py
[2025-10-07T01:26:43.266+0000] {processor.py:830} INFO - Processing file /opt/airflow/dags/main.py for tasks to queue
[2025-10-07T01:26:43.268+0000] {logging_mixin.py:188} INFO - [2025-10-07T01:26:43.268+0000] {dagbag.py:545} INFO - Filling up the DagBag from /opt/airflow/dags/main.py
[2025-10-07T01:26:44.261+0000] {processor.py:840} INFO - DAG(s) 'Airflow_Lab2' retrieved from /opt/airflow/dags/main.py
[2025-10-07T01:26:44.331+0000] {logging_mixin.py:188} INFO - [2025-10-07T01:26:44.330+0000] {dag.py:3096} INFO - Sync 1 DAGs
[2025-10-07T01:26:44.346+0000] {logging_mixin.py:188} INFO - [2025-10-07T01:26:44.346+0000] {dag.py:3954} INFO - Setting next_dagrun for Airflow_Lab2 to 2025-10-08 00:00:00+00:00, run_after=2025-10-09 00:00:00+00:00
[2025-10-07T01:26:44.365+0000] {processor.py:183} INFO - Processing /opt/airflow/dags/main.py took 1.105 seconds
[2025-10-07T01:27:14.609+0000] {processor.py:161} INFO - Started process (PID=940) to work on /opt/airflow/dags/main.py
[2025-10-07T01:27:14.609+0000] {processor.py:830} INFO - Processing file /opt/airflow/dags/main.py for tasks to queue
[2025-10-07T01:27:14.611+0000] {logging_mixin.py:188} INFO - [2025-10-07T01:27:14.610+0000] {dagbag.py:545} INFO - Filling up the DagBag from /opt/airflow/dags/main.py
[2025-10-07T01:27:15.474+0000] {processor.py:840} INFO - DAG(s) 'Airflow_Lab2' retrieved from /opt/airflow/dags/main.py
[2025-10-07T01:27:15.540+0000] {logging_mixin.py:188} INFO - [2025-10-07T01:27:15.540+0000] {dag.py:3096} INFO - Sync 1 DAGs
[2025-10-07T01:27:15.555+0000] {logging_mixin.py:188} INFO - [2025-10-07T01:27:15.554+0000] {dag.py:3954} INFO - Setting next_dagrun for Airflow_Lab2 to 2025-10-08 00:00:00+00:00, run_after=2025-10-09 00:00:00+00:00
[2025-10-07T01:27:15.573+0000] {processor.py:183} INFO - Processing /opt/airflow/dags/main.py took 0.969 seconds
[2025-10-07T01:27:46.137+0000] {processor.py:161} INFO - Started process (PID=964) to work on /opt/airflow/dags/main.py
[2025-10-07T01:27:46.137+0000] {processor.py:830} INFO - Processing file /opt/airflow/dags/main.py for tasks to queue
[2025-10-07T01:27:46.139+0000] {logging_mixin.py:188} INFO - [2025-10-07T01:27:46.139+0000] {dagbag.py:545} INFO - Filling up the DagBag from /opt/airflow/dags/main.py
[2025-10-07T01:27:47.055+0000] {processor.py:840} INFO - DAG(s) 'Airflow_Lab2' retrieved from /opt/airflow/dags/main.py
[2025-10-07T01:27:47.125+0000] {logging_mixin.py:188} INFO - [2025-10-07T01:27:47.125+0000] {dag.py:3096} INFO - Sync 1 DAGs
[2025-10-07T01:27:47.139+0000] {logging_mixin.py:188} INFO - [2025-10-07T01:27:47.138+0000] {dag.py:3954} INFO - Setting next_dagrun for Airflow_Lab2 to 2025-10-08 00:00:00+00:00, run_after=2025-10-09 00:00:00+00:00
[2025-10-07T01:27:47.155+0000] {processor.py:183} INFO - Processing /opt/airflow/dags/main.py took 1.022 seconds
[2025-10-07T01:28:17.497+0000] {processor.py:161} INFO - Started process (PID=988) to work on /opt/airflow/dags/main.py
[2025-10-07T01:28:17.498+0000] {processor.py:830} INFO - Processing file /opt/airflow/dags/main.py for tasks to queue
[2025-10-07T01:28:17.500+0000] {logging_mixin.py:188} INFO - [2025-10-07T01:28:17.499+0000] {dagbag.py:545} INFO - Filling up the DagBag from /opt/airflow/dags/main.py
[2025-10-07T01:28:18.480+0000] {processor.py:840} INFO - DAG(s) 'Airflow_Lab2' retrieved from /opt/airflow/dags/main.py
[2025-10-07T01:28:18.552+0000] {logging_mixin.py:188} INFO - [2025-10-07T01:28:18.551+0000] {dag.py:3096} INFO - Sync 1 DAGs
[2025-10-07T01:28:18.569+0000] {logging_mixin.py:188} INFO - [2025-10-07T01:28:18.569+0000] {dag.py:3954} INFO - Setting next_dagrun for Airflow_Lab2 to 2025-10-08 00:00:00+00:00, run_after=2025-10-09 00:00:00+00:00
[2025-10-07T01:28:18.589+0000] {processor.py:183} INFO - Processing /opt/airflow/dags/main.py took 1.097 seconds
[2025-10-07T01:28:49.003+0000] {processor.py:161} INFO - Started process (PID=1018) to work on /opt/airflow/dags/main.py
[2025-10-07T01:28:49.004+0000] {processor.py:830} INFO - Processing file /opt/airflow/dags/main.py for tasks to queue
[2025-10-07T01:28:49.005+0000] {logging_mixin.py:188} INFO - [2025-10-07T01:28:49.005+0000] {dagbag.py:545} INFO - Filling up the DagBag from /opt/airflow/dags/main.py
[2025-10-07T01:28:49.999+0000] {processor.py:840} INFO - DAG(s) 'Airflow_Lab2' retrieved from /opt/airflow/dags/main.py
[2025-10-07T01:28:50.072+0000] {logging_mixin.py:188} INFO - [2025-10-07T01:28:50.072+0000] {dag.py:3096} INFO - Sync 1 DAGs
[2025-10-07T01:28:50.090+0000] {logging_mixin.py:188} INFO - [2025-10-07T01:28:50.089+0000] {dag.py:3954} INFO - Setting next_dagrun for Airflow_Lab2 to 2025-10-08 00:00:00+00:00, run_after=2025-10-09 00:00:00+00:00
[2025-10-07T01:28:50.110+0000] {processor.py:183} INFO - Processing /opt/airflow/dags/main.py took 1.112 seconds
[2025-10-07T01:29:20.358+0000] {processor.py:161} INFO - Started process (PID=1042) to work on /opt/airflow/dags/main.py
[2025-10-07T01:29:20.358+0000] {processor.py:830} INFO - Processing file /opt/airflow/dags/main.py for tasks to queue
[2025-10-07T01:29:20.360+0000] {logging_mixin.py:188} INFO - [2025-10-07T01:29:20.360+0000] {dagbag.py:545} INFO - Filling up the DagBag from /opt/airflow/dags/main.py
[2025-10-07T01:29:21.247+0000] {processor.py:840} INFO - DAG(s) 'Airflow_Lab2' retrieved from /opt/airflow/dags/main.py
[2025-10-07T01:29:21.320+0000] {logging_mixin.py:188} INFO - [2025-10-07T01:29:21.320+0000] {dag.py:3096} INFO - Sync 1 DAGs
[2025-10-07T01:29:21.336+0000] {logging_mixin.py:188} INFO - [2025-10-07T01:29:21.336+0000] {dag.py:3954} INFO - Setting next_dagrun for Airflow_Lab2 to 2025-10-08 00:00:00+00:00, run_after=2025-10-09 00:00:00+00:00
[2025-10-07T01:29:21.354+0000] {processor.py:183} INFO - Processing /opt/airflow/dags/main.py took 1.001 seconds
[2025-10-07T01:29:51.746+0000] {processor.py:161} INFO - Started process (PID=1066) to work on /opt/airflow/dags/main.py
[2025-10-07T01:29:51.747+0000] {processor.py:830} INFO - Processing file /opt/airflow/dags/main.py for tasks to queue
[2025-10-07T01:29:51.748+0000] {logging_mixin.py:188} INFO - [2025-10-07T01:29:51.748+0000] {dagbag.py:545} INFO - Filling up the DagBag from /opt/airflow/dags/main.py
[2025-10-07T01:29:52.673+0000] {processor.py:840} INFO - DAG(s) 'Airflow_Lab2' retrieved from /opt/airflow/dags/main.py
[2025-10-07T01:29:52.758+0000] {logging_mixin.py:188} INFO - [2025-10-07T01:29:52.758+0000] {dag.py:3096} INFO - Sync 1 DAGs
[2025-10-07T01:29:52.773+0000] {logging_mixin.py:188} INFO - [2025-10-07T01:29:52.772+0000] {dag.py:3954} INFO - Setting next_dagrun for Airflow_Lab2 to 2025-10-08 00:00:00+00:00, run_after=2025-10-09 00:00:00+00:00
[2025-10-07T01:29:52.803+0000] {processor.py:183} INFO - Processing /opt/airflow/dags/main.py took 1.060 seconds
[2025-10-07T01:30:23.097+0000] {processor.py:161} INFO - Started process (PID=1090) to work on /opt/airflow/dags/main.py
[2025-10-07T01:30:23.098+0000] {processor.py:830} INFO - Processing file /opt/airflow/dags/main.py for tasks to queue
[2025-10-07T01:30:23.100+0000] {logging_mixin.py:188} INFO - [2025-10-07T01:30:23.099+0000] {dagbag.py:545} INFO - Filling up the DagBag from /opt/airflow/dags/main.py
[2025-10-07T01:30:24.034+0000] {processor.py:840} INFO - DAG(s) 'Airflow_Lab2' retrieved from /opt/airflow/dags/main.py
[2025-10-07T01:30:24.120+0000] {logging_mixin.py:188} INFO - [2025-10-07T01:30:24.119+0000] {dag.py:3096} INFO - Sync 1 DAGs
[2025-10-07T01:30:24.146+0000] {logging_mixin.py:188} INFO - [2025-10-07T01:30:24.146+0000] {dag.py:3954} INFO - Setting next_dagrun for Airflow_Lab2 to 2025-10-08 00:00:00+00:00, run_after=2025-10-09 00:00:00+00:00
[2025-10-07T01:30:24.169+0000] {processor.py:183} INFO - Processing /opt/airflow/dags/main.py took 1.076 seconds
[2025-10-07T01:30:54.478+0000] {processor.py:161} INFO - Started process (PID=1114) to work on /opt/airflow/dags/main.py
[2025-10-07T01:30:54.479+0000] {processor.py:830} INFO - Processing file /opt/airflow/dags/main.py for tasks to queue
[2025-10-07T01:30:54.481+0000] {logging_mixin.py:188} INFO - [2025-10-07T01:30:54.481+0000] {dagbag.py:545} INFO - Filling up the DagBag from /opt/airflow/dags/main.py
[2025-10-07T01:30:55.345+0000] {processor.py:840} INFO - DAG(s) 'Airflow_Lab2' retrieved from /opt/airflow/dags/main.py
[2025-10-07T01:30:55.421+0000] {logging_mixin.py:188} INFO - [2025-10-07T01:30:55.420+0000] {dag.py:3096} INFO - Sync 1 DAGs
[2025-10-07T01:30:55.436+0000] {logging_mixin.py:188} INFO - [2025-10-07T01:30:55.436+0000] {dag.py:3954} INFO - Setting next_dagrun for Airflow_Lab2 to 2025-10-08 00:00:00+00:00, run_after=2025-10-09 00:00:00+00:00
[2025-10-07T01:30:55.454+0000] {processor.py:183} INFO - Processing /opt/airflow/dags/main.py took 0.980 seconds
[2025-10-07T01:31:25.877+0000] {processor.py:161} INFO - Started process (PID=1138) to work on /opt/airflow/dags/main.py
[2025-10-07T01:31:25.878+0000] {processor.py:830} INFO - Processing file /opt/airflow/dags/main.py for tasks to queue
[2025-10-07T01:31:25.879+0000] {logging_mixin.py:188} INFO - [2025-10-07T01:31:25.879+0000] {dagbag.py:545} INFO - Filling up the DagBag from /opt/airflow/dags/main.py
[2025-10-07T01:31:26.809+0000] {processor.py:840} INFO - DAG(s) 'Airflow_Lab2' retrieved from /opt/airflow/dags/main.py
[2025-10-07T01:31:26.892+0000] {logging_mixin.py:188} INFO - [2025-10-07T01:31:26.892+0000] {dag.py:3096} INFO - Sync 1 DAGs
[2025-10-07T01:31:26.908+0000] {logging_mixin.py:188} INFO - [2025-10-07T01:31:26.908+0000] {dag.py:3954} INFO - Setting next_dagrun for Airflow_Lab2 to 2025-10-08 00:00:00+00:00, run_after=2025-10-09 00:00:00+00:00
[2025-10-07T01:31:26.927+0000] {processor.py:183} INFO - Processing /opt/airflow/dags/main.py took 1.054 seconds
[2025-10-07T01:31:57.197+0000] {processor.py:161} INFO - Started process (PID=1162) to work on /opt/airflow/dags/main.py
[2025-10-07T01:31:57.198+0000] {processor.py:830} INFO - Processing file /opt/airflow/dags/main.py for tasks to queue
[2025-10-07T01:31:57.200+0000] {logging_mixin.py:188} INFO - [2025-10-07T01:31:57.200+0000] {dagbag.py:545} INFO - Filling up the DagBag from /opt/airflow/dags/main.py
[2025-10-07T01:31:58.194+0000] {processor.py:840} INFO - DAG(s) 'Airflow_Lab2' retrieved from /opt/airflow/dags/main.py
[2025-10-07T01:31:58.265+0000] {logging_mixin.py:188} INFO - [2025-10-07T01:31:58.264+0000] {dag.py:3096} INFO - Sync 1 DAGs
[2025-10-07T01:31:58.279+0000] {logging_mixin.py:188} INFO - [2025-10-07T01:31:58.279+0000] {dag.py:3954} INFO - Setting next_dagrun for Airflow_Lab2 to 2025-10-08 00:00:00+00:00, run_after=2025-10-09 00:00:00+00:00
[2025-10-07T01:31:58.309+0000] {processor.py:183} INFO - Processing /opt/airflow/dags/main.py took 1.117 seconds
[2025-10-07T01:32:28.587+0000] {processor.py:161} INFO - Started process (PID=1186) to work on /opt/airflow/dags/main.py
[2025-10-07T01:32:28.587+0000] {processor.py:830} INFO - Processing file /opt/airflow/dags/main.py for tasks to queue
[2025-10-07T01:32:28.589+0000] {logging_mixin.py:188} INFO - [2025-10-07T01:32:28.589+0000] {dagbag.py:545} INFO - Filling up the DagBag from /opt/airflow/dags/main.py
[2025-10-07T01:32:29.461+0000] {processor.py:840} INFO - DAG(s) 'Airflow_Lab2' retrieved from /opt/airflow/dags/main.py
[2025-10-07T01:32:29.542+0000] {logging_mixin.py:188} INFO - [2025-10-07T01:32:29.542+0000] {dag.py:3096} INFO - Sync 1 DAGs
[2025-10-07T01:32:29.557+0000] {logging_mixin.py:188} INFO - [2025-10-07T01:32:29.557+0000] {dag.py:3954} INFO - Setting next_dagrun for Airflow_Lab2 to 2025-10-08 00:00:00+00:00, run_after=2025-10-09 00:00:00+00:00
[2025-10-07T01:32:29.575+0000] {processor.py:183} INFO - Processing /opt/airflow/dags/main.py took 0.994 seconds
[2025-10-07T01:32:59.871+0000] {processor.py:161} INFO - Started process (PID=1210) to work on /opt/airflow/dags/main.py
[2025-10-07T01:32:59.872+0000] {processor.py:830} INFO - Processing file /opt/airflow/dags/main.py for tasks to queue
[2025-10-07T01:32:59.874+0000] {logging_mixin.py:188} INFO - [2025-10-07T01:32:59.874+0000] {dagbag.py:545} INFO - Filling up the DagBag from /opt/airflow/dags/main.py
[2025-10-07T01:33:00.833+0000] {processor.py:840} INFO - DAG(s) 'Airflow_Lab2' retrieved from /opt/airflow/dags/main.py
[2025-10-07T01:33:00.915+0000] {logging_mixin.py:188} INFO - [2025-10-07T01:33:00.915+0000] {dag.py:3096} INFO - Sync 1 DAGs
[2025-10-07T01:33:00.933+0000] {logging_mixin.py:188} INFO - [2025-10-07T01:33:00.933+0000] {dag.py:3954} INFO - Setting next_dagrun for Airflow_Lab2 to 2025-10-08 00:00:00+00:00, run_after=2025-10-09 00:00:00+00:00
[2025-10-07T01:33:00.959+0000] {processor.py:183} INFO - Processing /opt/airflow/dags/main.py took 1.093 seconds
[2025-10-07T01:33:31.494+0000] {processor.py:161} INFO - Started process (PID=1234) to work on /opt/airflow/dags/main.py
[2025-10-07T01:33:31.494+0000] {processor.py:830} INFO - Processing file /opt/airflow/dags/main.py for tasks to queue
[2025-10-07T01:33:31.496+0000] {logging_mixin.py:188} INFO - [2025-10-07T01:33:31.495+0000] {dagbag.py:545} INFO - Filling up the DagBag from /opt/airflow/dags/main.py
[2025-10-07T01:33:32.420+0000] {processor.py:840} INFO - DAG(s) 'Airflow_Lab2' retrieved from /opt/airflow/dags/main.py
[2025-10-07T01:33:32.498+0000] {logging_mixin.py:188} INFO - [2025-10-07T01:33:32.497+0000] {dag.py:3096} INFO - Sync 1 DAGs
[2025-10-07T01:33:32.515+0000] {logging_mixin.py:188} INFO - [2025-10-07T01:33:32.515+0000] {dag.py:3954} INFO - Setting next_dagrun for Airflow_Lab2 to 2025-10-08 00:00:00+00:00, run_after=2025-10-09 00:00:00+00:00
[2025-10-07T01:33:32.534+0000] {processor.py:183} INFO - Processing /opt/airflow/dags/main.py took 1.044 seconds
[2025-10-07T01:34:02.792+0000] {processor.py:161} INFO - Started process (PID=1258) to work on /opt/airflow/dags/main.py
[2025-10-07T01:34:02.793+0000] {processor.py:830} INFO - Processing file /opt/airflow/dags/main.py for tasks to queue
[2025-10-07T01:34:02.795+0000] {logging_mixin.py:188} INFO - [2025-10-07T01:34:02.795+0000] {dagbag.py:545} INFO - Filling up the DagBag from /opt/airflow/dags/main.py
[2025-10-07T01:34:03.634+0000] {processor.py:840} INFO - DAG(s) 'Airflow_Lab2' retrieved from /opt/airflow/dags/main.py
[2025-10-07T01:34:03.702+0000] {logging_mixin.py:188} INFO - [2025-10-07T01:34:03.702+0000] {dag.py:3096} INFO - Sync 1 DAGs
[2025-10-07T01:34:03.716+0000] {logging_mixin.py:188} INFO - [2025-10-07T01:34:03.716+0000] {dag.py:3954} INFO - Setting next_dagrun for Airflow_Lab2 to 2025-10-08 00:00:00+00:00, run_after=2025-10-09 00:00:00+00:00
[2025-10-07T01:34:03.734+0000] {processor.py:183} INFO - Processing /opt/airflow/dags/main.py took 0.947 seconds
[2025-10-07T01:34:34.129+0000] {processor.py:161} INFO - Started process (PID=1282) to work on /opt/airflow/dags/main.py
[2025-10-07T01:34:34.130+0000] {processor.py:830} INFO - Processing file /opt/airflow/dags/main.py for tasks to queue
[2025-10-07T01:34:34.132+0000] {logging_mixin.py:188} INFO - [2025-10-07T01:34:34.131+0000] {dagbag.py:545} INFO - Filling up the DagBag from /opt/airflow/dags/main.py
[2025-10-07T01:34:35.077+0000] {processor.py:840} INFO - DAG(s) 'Airflow_Lab2' retrieved from /opt/airflow/dags/main.py
[2025-10-07T01:34:35.144+0000] {logging_mixin.py:188} INFO - [2025-10-07T01:34:35.144+0000] {dag.py:3096} INFO - Sync 1 DAGs
[2025-10-07T01:34:35.159+0000] {logging_mixin.py:188} INFO - [2025-10-07T01:34:35.159+0000] {dag.py:3954} INFO - Setting next_dagrun for Airflow_Lab2 to 2025-10-08 00:00:00+00:00, run_after=2025-10-09 00:00:00+00:00
[2025-10-07T01:34:35.181+0000] {processor.py:183} INFO - Processing /opt/airflow/dags/main.py took 1.055 seconds
[2025-10-07T01:35:05.401+0000] {processor.py:161} INFO - Started process (PID=1312) to work on /opt/airflow/dags/main.py
[2025-10-07T01:35:05.402+0000] {processor.py:830} INFO - Processing file /opt/airflow/dags/main.py for tasks to queue
[2025-10-07T01:35:05.404+0000] {logging_mixin.py:188} INFO - [2025-10-07T01:35:05.404+0000] {dagbag.py:545} INFO - Filling up the DagBag from /opt/airflow/dags/main.py
[2025-10-07T01:35:06.360+0000] {processor.py:840} INFO - DAG(s) 'Airflow_Lab2' retrieved from /opt/airflow/dags/main.py
[2025-10-07T01:35:06.436+0000] {logging_mixin.py:188} INFO - [2025-10-07T01:35:06.435+0000] {dag.py:3096} INFO - Sync 1 DAGs
[2025-10-07T01:35:06.452+0000] {logging_mixin.py:188} INFO - [2025-10-07T01:35:06.451+0000] {dag.py:3954} INFO - Setting next_dagrun for Airflow_Lab2 to 2025-10-08 00:00:00+00:00, run_after=2025-10-09 00:00:00+00:00
[2025-10-07T01:35:06.470+0000] {processor.py:183} INFO - Processing /opt/airflow/dags/main.py took 1.073 seconds
[2025-10-07T01:35:36.731+0000] {processor.py:161} INFO - Started process (PID=1336) to work on /opt/airflow/dags/main.py
[2025-10-07T01:35:36.732+0000] {processor.py:830} INFO - Processing file /opt/airflow/dags/main.py for tasks to queue
[2025-10-07T01:35:36.733+0000] {logging_mixin.py:188} INFO - [2025-10-07T01:35:36.733+0000] {dagbag.py:545} INFO - Filling up the DagBag from /opt/airflow/dags/main.py
[2025-10-07T01:35:37.687+0000] {processor.py:840} INFO - DAG(s) 'Airflow_Lab2' retrieved from /opt/airflow/dags/main.py
[2025-10-07T01:35:37.764+0000] {logging_mixin.py:188} INFO - [2025-10-07T01:35:37.764+0000] {dag.py:3096} INFO - Sync 1 DAGs
[2025-10-07T01:35:37.779+0000] {logging_mixin.py:188} INFO - [2025-10-07T01:35:37.779+0000] {dag.py:3954} INFO - Setting next_dagrun for Airflow_Lab2 to 2025-10-08 00:00:00+00:00, run_after=2025-10-09 00:00:00+00:00
[2025-10-07T01:35:37.805+0000] {processor.py:183} INFO - Processing /opt/airflow/dags/main.py took 1.078 seconds
[2025-10-07T01:36:08.017+0000] {processor.py:161} INFO - Started process (PID=1360) to work on /opt/airflow/dags/main.py
[2025-10-07T01:36:08.018+0000] {processor.py:830} INFO - Processing file /opt/airflow/dags/main.py for tasks to queue
[2025-10-07T01:36:08.021+0000] {logging_mixin.py:188} INFO - [2025-10-07T01:36:08.020+0000] {dagbag.py:545} INFO - Filling up the DagBag from /opt/airflow/dags/main.py
[2025-10-07T01:36:09.267+0000] {processor.py:840} INFO - DAG(s) 'Airflow_Lab2' retrieved from /opt/airflow/dags/main.py
[2025-10-07T01:36:09.412+0000] {logging_mixin.py:188} INFO - [2025-10-07T01:36:09.412+0000] {dag.py:3096} INFO - Sync 1 DAGs
[2025-10-07T01:36:09.443+0000] {logging_mixin.py:188} INFO - [2025-10-07T01:36:09.443+0000] {dag.py:3954} INFO - Setting next_dagrun for Airflow_Lab2 to 2025-10-08 00:00:00+00:00, run_after=2025-10-09 00:00:00+00:00
[2025-10-07T01:36:09.473+0000] {processor.py:183} INFO - Processing /opt/airflow/dags/main.py took 1.482 seconds
[2025-10-07T01:36:39.543+0000] {processor.py:161} INFO - Started process (PID=1384) to work on /opt/airflow/dags/main.py
[2025-10-07T01:36:39.544+0000] {processor.py:830} INFO - Processing file /opt/airflow/dags/main.py for tasks to queue
[2025-10-07T01:36:39.545+0000] {logging_mixin.py:188} INFO - [2025-10-07T01:36:39.545+0000] {dagbag.py:545} INFO - Filling up the DagBag from /opt/airflow/dags/main.py
[2025-10-07T01:36:40.650+0000] {processor.py:840} INFO - DAG(s) 'Airflow_Lab2' retrieved from /opt/airflow/dags/main.py
[2025-10-07T01:36:40.750+0000] {logging_mixin.py:188} INFO - [2025-10-07T01:36:40.749+0000] {dag.py:3096} INFO - Sync 1 DAGs
[2025-10-07T01:36:40.795+0000] {logging_mixin.py:188} INFO - [2025-10-07T01:36:40.794+0000] {dag.py:3954} INFO - Setting next_dagrun for Airflow_Lab2 to 2025-10-08 00:00:00+00:00, run_after=2025-10-09 00:00:00+00:00
[2025-10-07T01:36:40.816+0000] {processor.py:183} INFO - Processing /opt/airflow/dags/main.py took 1.277 seconds
[2025-10-07T01:37:10.930+0000] {processor.py:161} INFO - Started process (PID=1408) to work on /opt/airflow/dags/main.py
[2025-10-07T01:37:10.937+0000] {processor.py:830} INFO - Processing file /opt/airflow/dags/main.py for tasks to queue
[2025-10-07T01:37:10.950+0000] {logging_mixin.py:188} INFO - [2025-10-07T01:37:10.948+0000] {dagbag.py:545} INFO - Filling up the DagBag from /opt/airflow/dags/main.py
[2025-10-07T01:37:12.387+0000] {processor.py:840} INFO - DAG(s) 'Airflow_Lab2' retrieved from /opt/airflow/dags/main.py
[2025-10-07T01:37:12.533+0000] {logging_mixin.py:188} INFO - [2025-10-07T01:37:12.533+0000] {dag.py:3096} INFO - Sync 1 DAGs
[2025-10-07T01:37:12.565+0000] {logging_mixin.py:188} INFO - [2025-10-07T01:37:12.565+0000] {dag.py:3954} INFO - Setting next_dagrun for Airflow_Lab2 to 2025-10-08 00:00:00+00:00, run_after=2025-10-09 00:00:00+00:00
[2025-10-07T01:37:12.597+0000] {processor.py:183} INFO - Processing /opt/airflow/dags/main.py took 1.682 seconds
[2025-10-07T01:37:43.111+0000] {processor.py:161} INFO - Started process (PID=1432) to work on /opt/airflow/dags/main.py
[2025-10-07T01:37:43.112+0000] {processor.py:830} INFO - Processing file /opt/airflow/dags/main.py for tasks to queue
[2025-10-07T01:37:43.114+0000] {logging_mixin.py:188} INFO - [2025-10-07T01:37:43.113+0000] {dagbag.py:545} INFO - Filling up the DagBag from /opt/airflow/dags/main.py
[2025-10-07T01:37:44.604+0000] {processor.py:840} INFO - DAG(s) 'Airflow_Lab2' retrieved from /opt/airflow/dags/main.py
[2025-10-07T01:37:44.760+0000] {logging_mixin.py:188} INFO - [2025-10-07T01:37:44.759+0000] {dag.py:3096} INFO - Sync 1 DAGs
[2025-10-07T01:37:44.802+0000] {logging_mixin.py:188} INFO - [2025-10-07T01:37:44.802+0000] {dag.py:3954} INFO - Setting next_dagrun for Airflow_Lab2 to 2025-10-08 00:00:00+00:00, run_after=2025-10-09 00:00:00+00:00
[2025-10-07T01:37:44.834+0000] {processor.py:183} INFO - Processing /opt/airflow/dags/main.py took 1.727 seconds
[2025-10-07T01:38:15.364+0000] {processor.py:161} INFO - Started process (PID=1456) to work on /opt/airflow/dags/main.py
[2025-10-07T01:38:15.365+0000] {processor.py:830} INFO - Processing file /opt/airflow/dags/main.py for tasks to queue
[2025-10-07T01:38:15.368+0000] {logging_mixin.py:188} INFO - [2025-10-07T01:38:15.368+0000] {dagbag.py:545} INFO - Filling up the DagBag from /opt/airflow/dags/main.py
[2025-10-07T01:38:16.387+0000] {processor.py:840} INFO - DAG(s) 'Airflow_Lab2' retrieved from /opt/airflow/dags/main.py
[2025-10-07T01:38:16.471+0000] {logging_mixin.py:188} INFO - [2025-10-07T01:38:16.471+0000] {dag.py:3096} INFO - Sync 1 DAGs
[2025-10-07T01:38:16.487+0000] {logging_mixin.py:188} INFO - [2025-10-07T01:38:16.486+0000] {dag.py:3954} INFO - Setting next_dagrun for Airflow_Lab2 to 2025-10-08 00:00:00+00:00, run_after=2025-10-09 00:00:00+00:00
[2025-10-07T01:38:16.509+0000] {processor.py:183} INFO - Processing /opt/airflow/dags/main.py took 1.150 seconds
[2025-10-07T01:38:46.779+0000] {processor.py:161} INFO - Started process (PID=1480) to work on /opt/airflow/dags/main.py
[2025-10-07T01:38:46.780+0000] {processor.py:830} INFO - Processing file /opt/airflow/dags/main.py for tasks to queue
[2025-10-07T01:38:46.782+0000] {logging_mixin.py:188} INFO - [2025-10-07T01:38:46.782+0000] {dagbag.py:545} INFO - Filling up the DagBag from /opt/airflow/dags/main.py
[2025-10-07T01:38:47.824+0000] {processor.py:840} INFO - DAG(s) 'Airflow_Lab2' retrieved from /opt/airflow/dags/main.py
[2025-10-07T01:38:47.908+0000] {logging_mixin.py:188} INFO - [2025-10-07T01:38:47.908+0000] {dag.py:3096} INFO - Sync 1 DAGs
[2025-10-07T01:38:47.927+0000] {logging_mixin.py:188} INFO - [2025-10-07T01:38:47.926+0000] {dag.py:3954} INFO - Setting next_dagrun for Airflow_Lab2 to 2025-10-08 00:00:00+00:00, run_after=2025-10-09 00:00:00+00:00
[2025-10-07T01:38:47.950+0000] {processor.py:183} INFO - Processing /opt/airflow/dags/main.py took 1.175 seconds
[2025-10-07T01:39:18.224+0000] {processor.py:161} INFO - Started process (PID=1505) to work on /opt/airflow/dags/main.py
[2025-10-07T01:39:18.225+0000] {processor.py:830} INFO - Processing file /opt/airflow/dags/main.py for tasks to queue
[2025-10-07T01:39:18.226+0000] {logging_mixin.py:188} INFO - [2025-10-07T01:39:18.226+0000] {dagbag.py:545} INFO - Filling up the DagBag from /opt/airflow/dags/main.py
[2025-10-07T01:39:19.136+0000] {processor.py:840} INFO - DAG(s) 'Airflow_Lab2' retrieved from /opt/airflow/dags/main.py
[2025-10-07T01:39:19.208+0000] {logging_mixin.py:188} INFO - [2025-10-07T01:39:19.207+0000] {dag.py:3096} INFO - Sync 1 DAGs
[2025-10-07T01:39:19.238+0000] {logging_mixin.py:188} INFO - [2025-10-07T01:39:19.237+0000] {dag.py:3954} INFO - Setting next_dagrun for Airflow_Lab2 to 2025-10-08 00:00:00+00:00, run_after=2025-10-09 00:00:00+00:00
[2025-10-07T01:39:19.262+0000] {processor.py:183} INFO - Processing /opt/airflow/dags/main.py took 1.044 seconds
[2025-10-07T01:39:49.532+0000] {processor.py:161} INFO - Started process (PID=1529) to work on /opt/airflow/dags/main.py
[2025-10-07T01:39:49.533+0000] {processor.py:830} INFO - Processing file /opt/airflow/dags/main.py for tasks to queue
[2025-10-07T01:39:49.535+0000] {logging_mixin.py:188} INFO - [2025-10-07T01:39:49.534+0000] {dagbag.py:545} INFO - Filling up the DagBag from /opt/airflow/dags/main.py
[2025-10-07T01:39:50.623+0000] {processor.py:840} INFO - DAG(s) 'Airflow_Lab2' retrieved from /opt/airflow/dags/main.py
[2025-10-07T01:39:50.730+0000] {logging_mixin.py:188} INFO - [2025-10-07T01:39:50.730+0000] {dag.py:3096} INFO - Sync 1 DAGs
[2025-10-07T01:39:50.767+0000] {logging_mixin.py:188} INFO - [2025-10-07T01:39:50.767+0000] {dag.py:3954} INFO - Setting next_dagrun for Airflow_Lab2 to 2025-10-08 00:00:00+00:00, run_after=2025-10-09 00:00:00+00:00
[2025-10-07T01:39:50.791+0000] {processor.py:183} INFO - Processing /opt/airflow/dags/main.py took 1.263 seconds
[2025-10-07T01:40:20.955+0000] {processor.py:161} INFO - Started process (PID=1553) to work on /opt/airflow/dags/main.py
[2025-10-07T01:40:20.956+0000] {processor.py:830} INFO - Processing file /opt/airflow/dags/main.py for tasks to queue
[2025-10-07T01:40:20.958+0000] {logging_mixin.py:188} INFO - [2025-10-07T01:40:20.957+0000] {dagbag.py:545} INFO - Filling up the DagBag from /opt/airflow/dags/main.py
[2025-10-07T01:40:21.845+0000] {processor.py:840} INFO - DAG(s) 'Airflow_Lab2' retrieved from /opt/airflow/dags/main.py
[2025-10-07T01:40:21.912+0000] {logging_mixin.py:188} INFO - [2025-10-07T01:40:21.912+0000] {dag.py:3096} INFO - Sync 1 DAGs
[2025-10-07T01:40:21.926+0000] {logging_mixin.py:188} INFO - [2025-10-07T01:40:21.925+0000] {dag.py:3954} INFO - Setting next_dagrun for Airflow_Lab2 to 2025-10-08 00:00:00+00:00, run_after=2025-10-09 00:00:00+00:00
[2025-10-07T01:40:21.941+0000] {processor.py:183} INFO - Processing /opt/airflow/dags/main.py took 0.991 seconds
[2025-10-07T01:40:52.186+0000] {processor.py:161} INFO - Started process (PID=1583) to work on /opt/airflow/dags/main.py
[2025-10-07T01:40:52.187+0000] {processor.py:830} INFO - Processing file /opt/airflow/dags/main.py for tasks to queue
[2025-10-07T01:40:52.190+0000] {logging_mixin.py:188} INFO - [2025-10-07T01:40:52.189+0000] {dagbag.py:545} INFO - Filling up the DagBag from /opt/airflow/dags/main.py
[2025-10-07T01:40:53.118+0000] {processor.py:840} INFO - DAG(s) 'Airflow_Lab2' retrieved from /opt/airflow/dags/main.py
[2025-10-07T01:40:53.188+0000] {logging_mixin.py:188} INFO - [2025-10-07T01:40:53.188+0000] {dag.py:3096} INFO - Sync 1 DAGs
[2025-10-07T01:40:53.202+0000] {logging_mixin.py:188} INFO - [2025-10-07T01:40:53.202+0000] {dag.py:3954} INFO - Setting next_dagrun for Airflow_Lab2 to 2025-10-08 00:00:00+00:00, run_after=2025-10-09 00:00:00+00:00
[2025-10-07T01:40:53.218+0000] {processor.py:183} INFO - Processing /opt/airflow/dags/main.py took 1.036 seconds
[2025-10-07T01:41:23.394+0000] {processor.py:161} INFO - Started process (PID=1607) to work on /opt/airflow/dags/main.py
[2025-10-07T01:41:23.394+0000] {processor.py:830} INFO - Processing file /opt/airflow/dags/main.py for tasks to queue
[2025-10-07T01:41:23.397+0000] {logging_mixin.py:188} INFO - [2025-10-07T01:41:23.396+0000] {dagbag.py:545} INFO - Filling up the DagBag from /opt/airflow/dags/main.py
[2025-10-07T01:41:24.305+0000] {processor.py:840} INFO - DAG(s) 'Airflow_Lab2' retrieved from /opt/airflow/dags/main.py
[2025-10-07T01:41:24.441+0000] {logging_mixin.py:188} INFO - [2025-10-07T01:41:24.440+0000] {dag.py:3096} INFO - Sync 1 DAGs
[2025-10-07T01:41:24.470+0000] {logging_mixin.py:188} INFO - [2025-10-07T01:41:24.470+0000] {dag.py:3954} INFO - Setting next_dagrun for Airflow_Lab2 to 2025-10-08 00:00:00+00:00, run_after=2025-10-09 00:00:00+00:00
[2025-10-07T01:41:24.494+0000] {processor.py:183} INFO - Processing /opt/airflow/dags/main.py took 1.104 seconds
[2025-10-07T01:41:54.669+0000] {processor.py:161} INFO - Started process (PID=1631) to work on /opt/airflow/dags/main.py
[2025-10-07T01:41:54.670+0000] {processor.py:830} INFO - Processing file /opt/airflow/dags/main.py for tasks to queue
[2025-10-07T01:41:54.673+0000] {logging_mixin.py:188} INFO - [2025-10-07T01:41:54.672+0000] {dagbag.py:545} INFO - Filling up the DagBag from /opt/airflow/dags/main.py
[2025-10-07T01:41:55.654+0000] {processor.py:840} INFO - DAG(s) 'Airflow_Lab2' retrieved from /opt/airflow/dags/main.py
[2025-10-07T01:41:55.732+0000] {logging_mixin.py:188} INFO - [2025-10-07T01:41:55.732+0000] {dag.py:3096} INFO - Sync 1 DAGs
[2025-10-07T01:41:55.751+0000] {logging_mixin.py:188} INFO - [2025-10-07T01:41:55.750+0000] {dag.py:3954} INFO - Setting next_dagrun for Airflow_Lab2 to 2025-10-08 00:00:00+00:00, run_after=2025-10-09 00:00:00+00:00
[2025-10-07T01:41:55.771+0000] {processor.py:183} INFO - Processing /opt/airflow/dags/main.py took 1.109 seconds
[2025-10-07T01:42:26.341+0000] {processor.py:161} INFO - Started process (PID=1655) to work on /opt/airflow/dags/main.py
[2025-10-07T01:42:26.341+0000] {processor.py:830} INFO - Processing file /opt/airflow/dags/main.py for tasks to queue
[2025-10-07T01:42:26.343+0000] {logging_mixin.py:188} INFO - [2025-10-07T01:42:26.343+0000] {dagbag.py:545} INFO - Filling up the DagBag from /opt/airflow/dags/main.py
[2025-10-07T01:42:27.241+0000] {processor.py:840} INFO - DAG(s) 'Airflow_Lab2' retrieved from /opt/airflow/dags/main.py
[2025-10-07T01:42:27.317+0000] {logging_mixin.py:188} INFO - [2025-10-07T01:42:27.317+0000] {dag.py:3096} INFO - Sync 1 DAGs
[2025-10-07T01:42:27.339+0000] {logging_mixin.py:188} INFO - [2025-10-07T01:42:27.338+0000] {dag.py:3954} INFO - Setting next_dagrun for Airflow_Lab2 to 2025-10-08 00:00:00+00:00, run_after=2025-10-09 00:00:00+00:00
[2025-10-07T01:42:27.357+0000] {processor.py:183} INFO - Processing /opt/airflow/dags/main.py took 1.021 seconds
[2025-10-07T01:42:57.688+0000] {processor.py:161} INFO - Started process (PID=1679) to work on /opt/airflow/dags/main.py
[2025-10-07T01:42:57.689+0000] {processor.py:830} INFO - Processing file /opt/airflow/dags/main.py for tasks to queue
[2025-10-07T01:42:57.691+0000] {logging_mixin.py:188} INFO - [2025-10-07T01:42:57.690+0000] {dagbag.py:545} INFO - Filling up the DagBag from /opt/airflow/dags/main.py
[2025-10-07T01:42:58.633+0000] {processor.py:840} INFO - DAG(s) 'Airflow_Lab2' retrieved from /opt/airflow/dags/main.py
[2025-10-07T01:42:58.708+0000] {logging_mixin.py:188} INFO - [2025-10-07T01:42:58.708+0000] {dag.py:3096} INFO - Sync 1 DAGs
[2025-10-07T01:42:58.723+0000] {logging_mixin.py:188} INFO - [2025-10-07T01:42:58.723+0000] {dag.py:3954} INFO - Setting next_dagrun for Airflow_Lab2 to 2025-10-08 00:00:00+00:00, run_after=2025-10-09 00:00:00+00:00
[2025-10-07T01:42:58.743+0000] {processor.py:183} INFO - Processing /opt/airflow/dags/main.py took 1.059 seconds
[2025-10-07T01:43:28.954+0000] {processor.py:161} INFO - Started process (PID=1703) to work on /opt/airflow/dags/main.py
[2025-10-07T01:43:28.955+0000] {processor.py:830} INFO - Processing file /opt/airflow/dags/main.py for tasks to queue
[2025-10-07T01:43:28.957+0000] {logging_mixin.py:188} INFO - [2025-10-07T01:43:28.957+0000] {dagbag.py:545} INFO - Filling up the DagBag from /opt/airflow/dags/main.py
[2025-10-07T01:43:29.918+0000] {processor.py:840} INFO - DAG(s) 'Airflow_Lab2' retrieved from /opt/airflow/dags/main.py
[2025-10-07T01:43:30.001+0000] {logging_mixin.py:188} INFO - [2025-10-07T01:43:30.001+0000] {dag.py:3096} INFO - Sync 1 DAGs
[2025-10-07T01:43:30.017+0000] {logging_mixin.py:188} INFO - [2025-10-07T01:43:30.017+0000] {dag.py:3954} INFO - Setting next_dagrun for Airflow_Lab2 to 2025-10-08 00:00:00+00:00, run_after=2025-10-09 00:00:00+00:00
[2025-10-07T01:43:30.040+0000] {processor.py:183} INFO - Processing /opt/airflow/dags/main.py took 1.094 seconds
[2025-10-07T01:44:00.398+0000] {processor.py:161} INFO - Started process (PID=1727) to work on /opt/airflow/dags/main.py
[2025-10-07T01:44:00.399+0000] {processor.py:830} INFO - Processing file /opt/airflow/dags/main.py for tasks to queue
[2025-10-07T01:44:00.400+0000] {logging_mixin.py:188} INFO - [2025-10-07T01:44:00.400+0000] {dagbag.py:545} INFO - Filling up the DagBag from /opt/airflow/dags/main.py
[2025-10-07T01:44:01.326+0000] {processor.py:840} INFO - DAG(s) 'Airflow_Lab2' retrieved from /opt/airflow/dags/main.py
[2025-10-07T01:44:01.392+0000] {logging_mixin.py:188} INFO - [2025-10-07T01:44:01.392+0000] {dag.py:3096} INFO - Sync 1 DAGs
[2025-10-07T01:44:01.405+0000] {logging_mixin.py:188} INFO - [2025-10-07T01:44:01.405+0000] {dag.py:3954} INFO - Setting next_dagrun for Airflow_Lab2 to 2025-10-08 00:00:00+00:00, run_after=2025-10-09 00:00:00+00:00
[2025-10-07T01:44:01.545+0000] {processor.py:183} INFO - Processing /opt/airflow/dags/main.py took 1.151 seconds
[2025-10-07T01:44:31.752+0000] {processor.py:161} INFO - Started process (PID=1751) to work on /opt/airflow/dags/main.py
[2025-10-07T01:44:31.753+0000] {processor.py:830} INFO - Processing file /opt/airflow/dags/main.py for tasks to queue
[2025-10-07T01:44:31.754+0000] {logging_mixin.py:188} INFO - [2025-10-07T01:44:31.754+0000] {dagbag.py:545} INFO - Filling up the DagBag from /opt/airflow/dags/main.py
[2025-10-07T01:44:32.590+0000] {processor.py:840} INFO - DAG(s) 'Airflow_Lab2' retrieved from /opt/airflow/dags/main.py
[2025-10-07T01:44:32.656+0000] {logging_mixin.py:188} INFO - [2025-10-07T01:44:32.656+0000] {dag.py:3096} INFO - Sync 1 DAGs
[2025-10-07T01:44:32.670+0000] {logging_mixin.py:188} INFO - [2025-10-07T01:44:32.670+0000] {dag.py:3954} INFO - Setting next_dagrun for Airflow_Lab2 to 2025-10-08 00:00:00+00:00, run_after=2025-10-09 00:00:00+00:00
[2025-10-07T01:44:32.687+0000] {processor.py:183} INFO - Processing /opt/airflow/dags/main.py took 0.939 seconds
[2025-10-07T01:45:02.952+0000] {processor.py:161} INFO - Started process (PID=1775) to work on /opt/airflow/dags/main.py
[2025-10-07T01:45:02.952+0000] {processor.py:830} INFO - Processing file /opt/airflow/dags/main.py for tasks to queue
[2025-10-07T01:45:02.954+0000] {logging_mixin.py:188} INFO - [2025-10-07T01:45:02.954+0000] {dagbag.py:545} INFO - Filling up the DagBag from /opt/airflow/dags/main.py
[2025-10-07T01:45:03.776+0000] {processor.py:840} INFO - DAG(s) 'Airflow_Lab2' retrieved from /opt/airflow/dags/main.py
[2025-10-07T01:45:03.857+0000] {logging_mixin.py:188} INFO - [2025-10-07T01:45:03.857+0000] {dag.py:3096} INFO - Sync 1 DAGs
[2025-10-07T01:45:03.881+0000] {logging_mixin.py:188} INFO - [2025-10-07T01:45:03.881+0000] {dag.py:3954} INFO - Setting next_dagrun for Airflow_Lab2 to 2025-10-08 00:00:00+00:00, run_after=2025-10-09 00:00:00+00:00
[2025-10-07T01:45:03.906+0000] {processor.py:183} INFO - Processing /opt/airflow/dags/main.py took 0.959 seconds
[2025-10-07T01:45:34.206+0000] {processor.py:161} INFO - Started process (PID=1799) to work on /opt/airflow/dags/main.py
[2025-10-07T01:45:34.207+0000] {processor.py:830} INFO - Processing file /opt/airflow/dags/main.py for tasks to queue
[2025-10-07T01:45:34.208+0000] {logging_mixin.py:188} INFO - [2025-10-07T01:45:34.208+0000] {dagbag.py:545} INFO - Filling up the DagBag from /opt/airflow/dags/main.py
[2025-10-07T01:45:35.033+0000] {processor.py:840} INFO - DAG(s) 'Airflow_Lab2' retrieved from /opt/airflow/dags/main.py
[2025-10-07T01:45:35.099+0000] {logging_mixin.py:188} INFO - [2025-10-07T01:45:35.099+0000] {dag.py:3096} INFO - Sync 1 DAGs
[2025-10-07T01:45:35.113+0000] {logging_mixin.py:188} INFO - [2025-10-07T01:45:35.113+0000] {dag.py:3954} INFO - Setting next_dagrun for Airflow_Lab2 to 2025-10-08 00:00:00+00:00, run_after=2025-10-09 00:00:00+00:00
[2025-10-07T01:45:35.130+0000] {processor.py:183} INFO - Processing /opt/airflow/dags/main.py took 0.928 seconds
[2025-10-07T01:46:05.390+0000] {processor.py:161} INFO - Started process (PID=1823) to work on /opt/airflow/dags/main.py
[2025-10-07T01:46:05.391+0000] {processor.py:830} INFO - Processing file /opt/airflow/dags/main.py for tasks to queue
[2025-10-07T01:46:05.392+0000] {logging_mixin.py:188} INFO - [2025-10-07T01:46:05.392+0000] {dagbag.py:545} INFO - Filling up the DagBag from /opt/airflow/dags/main.py
[2025-10-07T01:46:06.255+0000] {processor.py:840} INFO - DAG(s) 'Airflow_Lab2' retrieved from /opt/airflow/dags/main.py
[2025-10-07T01:46:06.335+0000] {logging_mixin.py:188} INFO - [2025-10-07T01:46:06.335+0000] {dag.py:3096} INFO - Sync 1 DAGs
[2025-10-07T01:46:06.351+0000] {logging_mixin.py:188} INFO - [2025-10-07T01:46:06.351+0000] {dag.py:3954} INFO - Setting next_dagrun for Airflow_Lab2 to 2025-10-08 00:00:00+00:00, run_after=2025-10-09 00:00:00+00:00
[2025-10-07T01:46:06.371+0000] {processor.py:183} INFO - Processing /opt/airflow/dags/main.py took 0.984 seconds
[2025-10-07T01:46:36.734+0000] {processor.py:161} INFO - Started process (PID=1847) to work on /opt/airflow/dags/main.py
[2025-10-07T01:46:36.735+0000] {processor.py:830} INFO - Processing file /opt/airflow/dags/main.py for tasks to queue
[2025-10-07T01:46:36.736+0000] {logging_mixin.py:188} INFO - [2025-10-07T01:46:36.736+0000] {dagbag.py:545} INFO - Filling up the DagBag from /opt/airflow/dags/main.py
[2025-10-07T01:46:37.642+0000] {processor.py:840} INFO - DAG(s) 'Airflow_Lab2' retrieved from /opt/airflow/dags/main.py
[2025-10-07T01:46:37.712+0000] {logging_mixin.py:188} INFO - [2025-10-07T01:46:37.712+0000] {dag.py:3096} INFO - Sync 1 DAGs
[2025-10-07T01:46:37.726+0000] {logging_mixin.py:188} INFO - [2025-10-07T01:46:37.726+0000] {dag.py:3954} INFO - Setting next_dagrun for Airflow_Lab2 to 2025-10-08 00:00:00+00:00, run_after=2025-10-09 00:00:00+00:00
[2025-10-07T01:46:37.754+0000] {processor.py:183} INFO - Processing /opt/airflow/dags/main.py took 1.024 seconds
[2025-10-07T01:47:07.961+0000] {processor.py:161} INFO - Started process (PID=1871) to work on /opt/airflow/dags/main.py
[2025-10-07T01:47:07.962+0000] {processor.py:830} INFO - Processing file /opt/airflow/dags/main.py for tasks to queue
[2025-10-07T01:47:07.964+0000] {logging_mixin.py:188} INFO - [2025-10-07T01:47:07.963+0000] {dagbag.py:545} INFO - Filling up the DagBag from /opt/airflow/dags/main.py
[2025-10-07T01:47:08.818+0000] {processor.py:840} INFO - DAG(s) 'Airflow_Lab2' retrieved from /opt/airflow/dags/main.py
[2025-10-07T01:47:08.953+0000] {logging_mixin.py:188} INFO - [2025-10-07T01:47:08.953+0000] {dag.py:3096} INFO - Sync 1 DAGs
[2025-10-07T01:47:08.989+0000] {logging_mixin.py:188} INFO - [2025-10-07T01:47:08.989+0000] {dag.py:3954} INFO - Setting next_dagrun for Airflow_Lab2 to 2025-10-08 00:00:00+00:00, run_after=2025-10-09 00:00:00+00:00
[2025-10-07T01:47:09.028+0000] {processor.py:183} INFO - Processing /opt/airflow/dags/main.py took 1.071 seconds
[2025-10-07T01:47:39.396+0000] {processor.py:161} INFO - Started process (PID=1901) to work on /opt/airflow/dags/main.py
[2025-10-07T01:47:39.397+0000] {processor.py:830} INFO - Processing file /opt/airflow/dags/main.py for tasks to queue
[2025-10-07T01:47:39.399+0000] {logging_mixin.py:188} INFO - [2025-10-07T01:47:39.398+0000] {dagbag.py:545} INFO - Filling up the DagBag from /opt/airflow/dags/main.py
[2025-10-07T01:47:40.388+0000] {processor.py:840} INFO - DAG(s) 'Airflow_Lab2' retrieved from /opt/airflow/dags/main.py
[2025-10-07T01:47:40.467+0000] {logging_mixin.py:188} INFO - [2025-10-07T01:47:40.467+0000] {dag.py:3096} INFO - Sync 1 DAGs
[2025-10-07T01:47:40.482+0000] {logging_mixin.py:188} INFO - [2025-10-07T01:47:40.482+0000] {dag.py:3954} INFO - Setting next_dagrun for Airflow_Lab2 to 2025-10-08 00:00:00+00:00, run_after=2025-10-09 00:00:00+00:00
[2025-10-07T01:47:40.510+0000] {processor.py:183} INFO - Processing /opt/airflow/dags/main.py took 1.118 seconds
[2025-10-07T01:48:10.768+0000] {processor.py:161} INFO - Started process (PID=1925) to work on /opt/airflow/dags/main.py
[2025-10-07T01:48:10.768+0000] {processor.py:830} INFO - Processing file /opt/airflow/dags/main.py for tasks to queue
[2025-10-07T01:48:10.770+0000] {logging_mixin.py:188} INFO - [2025-10-07T01:48:10.770+0000] {dagbag.py:545} INFO - Filling up the DagBag from /opt/airflow/dags/main.py
[2025-10-07T01:48:11.634+0000] {processor.py:840} INFO - DAG(s) 'Airflow_Lab2' retrieved from /opt/airflow/dags/main.py
[2025-10-07T01:48:11.706+0000] {logging_mixin.py:188} INFO - [2025-10-07T01:48:11.706+0000] {dag.py:3096} INFO - Sync 1 DAGs
[2025-10-07T01:48:11.720+0000] {logging_mixin.py:188} INFO - [2025-10-07T01:48:11.720+0000] {dag.py:3954} INFO - Setting next_dagrun for Airflow_Lab2 to 2025-10-08 00:00:00+00:00, run_after=2025-10-09 00:00:00+00:00
[2025-10-07T01:48:11.738+0000] {processor.py:183} INFO - Processing /opt/airflow/dags/main.py took 0.975 seconds
[2025-10-07T01:48:42.024+0000] {processor.py:161} INFO - Started process (PID=1949) to work on /opt/airflow/dags/main.py
[2025-10-07T01:48:42.026+0000] {processor.py:830} INFO - Processing file /opt/airflow/dags/main.py for tasks to queue
[2025-10-07T01:48:42.028+0000] {logging_mixin.py:188} INFO - [2025-10-07T01:48:42.028+0000] {dagbag.py:545} INFO - Filling up the DagBag from /opt/airflow/dags/main.py
[2025-10-07T01:48:42.994+0000] {processor.py:840} INFO - DAG(s) 'Airflow_Lab2' retrieved from /opt/airflow/dags/main.py
[2025-10-07T01:48:43.067+0000] {logging_mixin.py:188} INFO - [2025-10-07T01:48:43.066+0000] {dag.py:3096} INFO - Sync 1 DAGs
[2025-10-07T01:48:43.082+0000] {logging_mixin.py:188} INFO - [2025-10-07T01:48:43.082+0000] {dag.py:3954} INFO - Setting next_dagrun for Airflow_Lab2 to 2025-10-08 00:00:00+00:00, run_after=2025-10-09 00:00:00+00:00
[2025-10-07T01:48:43.110+0000] {processor.py:183} INFO - Processing /opt/airflow/dags/main.py took 1.092 seconds
[2025-10-07T01:49:13.334+0000] {processor.py:161} INFO - Started process (PID=1973) to work on /opt/airflow/dags/main.py
[2025-10-07T01:49:13.335+0000] {processor.py:830} INFO - Processing file /opt/airflow/dags/main.py for tasks to queue
[2025-10-07T01:49:13.336+0000] {logging_mixin.py:188} INFO - [2025-10-07T01:49:13.336+0000] {dagbag.py:545} INFO - Filling up the DagBag from /opt/airflow/dags/main.py
[2025-10-07T01:49:14.272+0000] {processor.py:840} INFO - DAG(s) 'Airflow_Lab2' retrieved from /opt/airflow/dags/main.py
[2025-10-07T01:49:14.439+0000] {logging_mixin.py:188} INFO - [2025-10-07T01:49:14.439+0000] {dag.py:3096} INFO - Sync 1 DAGs
[2025-10-07T01:49:14.472+0000] {logging_mixin.py:188} INFO - [2025-10-07T01:49:14.472+0000] {dag.py:3954} INFO - Setting next_dagrun for Airflow_Lab2 to 2025-10-08 00:00:00+00:00, run_after=2025-10-09 00:00:00+00:00
[2025-10-07T01:49:14.527+0000] {processor.py:183} INFO - Processing /opt/airflow/dags/main.py took 1.197 seconds
[2025-10-07T01:49:44.765+0000] {processor.py:161} INFO - Started process (PID=1997) to work on /opt/airflow/dags/main.py
[2025-10-07T01:49:44.766+0000] {processor.py:830} INFO - Processing file /opt/airflow/dags/main.py for tasks to queue
[2025-10-07T01:49:44.768+0000] {logging_mixin.py:188} INFO - [2025-10-07T01:49:44.767+0000] {dagbag.py:545} INFO - Filling up the DagBag from /opt/airflow/dags/main.py
[2025-10-07T01:49:45.686+0000] {processor.py:840} INFO - DAG(s) 'Airflow_Lab2' retrieved from /opt/airflow/dags/main.py
[2025-10-07T01:49:45.755+0000] {logging_mixin.py:188} INFO - [2025-10-07T01:49:45.754+0000] {dag.py:3096} INFO - Sync 1 DAGs
[2025-10-07T01:49:45.769+0000] {logging_mixin.py:188} INFO - [2025-10-07T01:49:45.769+0000] {dag.py:3954} INFO - Setting next_dagrun for Airflow_Lab2 to 2025-10-08 00:00:00+00:00, run_after=2025-10-09 00:00:00+00:00
[2025-10-07T01:49:45.927+0000] {processor.py:183} INFO - Processing /opt/airflow/dags/main.py took 1.166 seconds
