[2025-10-07T01:35:46.167+0000] {local_task_job_runner.py:120} INFO - ::group::Pre task execution logs
[2025-10-07T01:35:46.209+0000] {taskinstance.py:2076} INFO - Dependencies all met for dep_context=non-requeueable deps ti=<TaskInstance: Airflow_Lab2_Flask.start_Flask_API manual__2025-10-07T01:13:15.492660+00:00 [queued]>
[2025-10-07T01:35:46.219+0000] {taskinstance.py:2076} INFO - Dependencies all met for dep_context=requeueable deps ti=<TaskInstance: Airflow_Lab2_Flask.start_Flask_API manual__2025-10-07T01:13:15.492660+00:00 [queued]>
[2025-10-07T01:35:46.220+0000] {taskinstance.py:2306} INFO - Starting attempt 1 of 1
[2025-10-07T01:35:46.235+0000] {taskinstance.py:2330} INFO - Executing <Task(PythonOperator): start_Flask_API> on 2025-10-07 01:13:15.492660+00:00
[2025-10-07T01:35:46.243+0000] {warnings.py:112} WARNING - /home/***/.local/lib/python3.12/site-packages/***/task/task_runner/standard_task_runner.py:61: DeprecationWarning: This process (pid=1309) is multi-threaded, use of fork() may lead to deadlocks in the child.
  pid = os.fork()

[2025-10-07T01:35:46.244+0000] {standard_task_runner.py:63} INFO - Started process 1310 to run task
[2025-10-07T01:35:46.244+0000] {standard_task_runner.py:90} INFO - Running: ['***', 'tasks', 'run', 'Airflow_Lab2_Flask', 'start_Flask_API', 'manual__2025-10-07T01:13:15.492660+00:00', '--job-id', '11', '--raw', '--subdir', 'DAGS_FOLDER/Flask_API.py', '--cfg-path', '/tmp/tmpmy_4x6h8']
[2025-10-07T01:35:46.245+0000] {standard_task_runner.py:91} INFO - Job 11: Subtask start_Flask_API
[2025-10-07T01:35:46.294+0000] {task_command.py:426} INFO - Running <TaskInstance: Airflow_Lab2_Flask.start_Flask_API manual__2025-10-07T01:13:15.492660+00:00 [running]> on host 67aa1867397e
[2025-10-07T01:35:46.374+0000] {taskinstance.py:2648} INFO - Exporting env vars: AIRFLOW_CTX_DAG_OWNER='***' AIRFLOW_CTX_DAG_ID='Airflow_Lab2_Flask' AIRFLOW_CTX_TASK_ID='start_Flask_API' AIRFLOW_CTX_EXECUTION_DATE='2025-10-07T01:13:15.492660+00:00' AIRFLOW_CTX_TRY_NUMBER='1' AIRFLOW_CTX_DAG_RUN_ID='manual__2025-10-07T01:13:15.492660+00:00'
[2025-10-07T01:35:46.375+0000] {taskinstance.py:430} INFO - ::endgroup::
[2025-10-07T01:35:46.434+0000] {logging_mixin.py:188} INFO -  * Serving Flask app 'unusual_prefix_fb1fa9258fa1ad786b4829a3672e98fa2e7542a0_Flask_API'
[2025-10-07T01:35:46.435+0000] {logging_mixin.py:188} INFO -  * Debug mode: off
[2025-10-07T01:35:46.445+0000] {_internal.py:224} INFO - [31m[1mWARNING: This is a development server. Do not use it in a production deployment. Use a production WSGI server instead.[0m
 * Running on all addresses (0.0.0.0)
 * Running on http://127.0.0.1:5555
 * Running on http://172.18.0.6:5555
[2025-10-07T01:35:46.446+0000] {_internal.py:224} INFO - [33mPress CTRL+C to quit[0m
