[2025-10-07T00:34:02.265+0000] {local_task_job_runner.py:120} INFO - ::group::Pre task execution logs
[2025-10-07T00:34:02.356+0000] {taskinstance.py:2076} INFO - Dependencies all met for dep_context=non-requeueable deps ti=<TaskInstance: Airflow_Lab2.task_using_linked_owner manual__2025-10-07T00:33:59.632438+00:00 [queued]>
[2025-10-07T00:34:02.388+0000] {taskinstance.py:2076} INFO - Dependencies all met for dep_context=requeueable deps ti=<TaskInstance: Airflow_Lab2.task_using_linked_owner manual__2025-10-07T00:33:59.632438+00:00 [queued]>
[2025-10-07T00:34:02.391+0000] {taskinstance.py:2306} INFO - Starting attempt 1 of 1
[2025-10-07T00:34:02.439+0000] {taskinstance.py:2330} INFO - Executing <Task(BashOperator): task_using_linked_owner> on 2025-10-07 00:33:59.632438+00:00
[2025-10-07T00:34:02.460+0000] {warnings.py:112} WARNING - /home/***/.local/lib/python3.12/site-packages/***/task/task_runner/standard_task_runner.py:61: DeprecationWarning: This process (pid=721) is multi-threaded, use of fork() may lead to deadlocks in the child.
  pid = os.fork()

[2025-10-07T00:34:02.466+0000] {standard_task_runner.py:90} INFO - Running: ['***', 'tasks', 'run', 'Airflow_Lab2', 'task_using_linked_owner', 'manual__2025-10-07T00:33:59.632438+00:00', '--job-id', '70', '--raw', '--subdir', 'DAGS_FOLDER/main.py', '--cfg-path', '/tmp/tmp7x_nxe7y']
[2025-10-07T00:34:02.467+0000] {standard_task_runner.py:63} INFO - Started process 732 to run task
[2025-10-07T00:34:02.475+0000] {standard_task_runner.py:91} INFO - Job 70: Subtask task_using_linked_owner
[2025-10-07T00:34:02.694+0000] {task_command.py:426} INFO - Running <TaskInstance: Airflow_Lab2.task_using_linked_owner manual__2025-10-07T00:33:59.632438+00:00 [running]> on host 606dbaf4a6b3
[2025-10-07T00:34:02.979+0000] {taskinstance.py:2648} INFO - Exporting env vars: AIRFLOW_CTX_DAG_OWNER='Francis' AIRFLOW_CTX_DAG_ID='Airflow_Lab2' AIRFLOW_CTX_TASK_ID='task_using_linked_owner' AIRFLOW_CTX_EXECUTION_DATE='2025-10-07T00:33:59.632438+00:00' AIRFLOW_CTX_TRY_NUMBER='1' AIRFLOW_CTX_DAG_RUN_ID='manual__2025-10-07T00:33:59.632438+00:00'
[2025-10-07T00:34:02.983+0000] {taskinstance.py:430} INFO - ::endgroup::
[2025-10-07T00:34:03.007+0000] {subprocess.py:63} INFO - Tmp dir root location: /tmp
[2025-10-07T00:34:03.010+0000] {subprocess.py:75} INFO - Running command: ['/usr/bin/bash', '-c', 'echo 1']
[2025-10-07T00:34:03.039+0000] {subprocess.py:86} INFO - Output:
[2025-10-07T00:34:03.042+0000] {subprocess.py:93} INFO - 1
[2025-10-07T00:34:03.044+0000] {subprocess.py:97} INFO - Command exited with return code 0
[2025-10-07T00:34:03.050+0000] {taskinstance.py:441} INFO - ::group::Post task execution logs
[2025-10-07T00:34:03.121+0000] {taskinstance.py:1206} INFO - Marking task as SUCCESS. dag_id=Airflow_Lab2, task_id=task_using_linked_owner, run_id=manual__2025-10-07T00:33:59.632438+00:00, execution_date=20251007T003359, start_date=20251007T003402, end_date=20251007T003403
[2025-10-07T00:34:03.160+0000] {local_task_job_runner.py:240} INFO - Task exited with return code 0
[2025-10-07T00:34:03.317+0000] {taskinstance.py:3503} INFO - 1 downstream tasks scheduled from follow-on schedule check
[2025-10-07T00:34:03.323+0000] {local_task_job_runner.py:222} INFO - ::endgroup::
