[2025-10-07T00:30:59.870+0000] {local_task_job_runner.py:120} INFO - ::group::Pre task execution logs
[2025-10-07T00:30:59.928+0000] {taskinstance.py:2076} INFO - Dependencies all met for dep_context=non-requeueable deps ti=<TaskInstance: Airflow_Lab2.task_using_linked_owner manual__2025-10-07T00:30:56.784637+00:00 [queued]>
[2025-10-07T00:30:59.971+0000] {taskinstance.py:2076} INFO - Dependencies all met for dep_context=requeueable deps ti=<TaskInstance: Airflow_Lab2.task_using_linked_owner manual__2025-10-07T00:30:56.784637+00:00 [queued]>
[2025-10-07T00:30:59.973+0000] {taskinstance.py:2306} INFO - Starting attempt 1 of 1
[2025-10-07T00:30:59.992+0000] {taskinstance.py:2330} INFO - Executing <Task(BashOperator): task_using_linked_owner> on 2025-10-07 00:30:56.784637+00:00
[2025-10-07T00:31:00.011+0000] {warnings.py:112} WARNING - /home/***/.local/lib/python3.12/site-packages/***/task/task_runner/standard_task_runner.py:61: DeprecationWarning: This process (pid=474) is multi-threaded, use of fork() may lead to deadlocks in the child.
  pid = os.fork()

[2025-10-07T00:31:00.015+0000] {standard_task_runner.py:63} INFO - Started process 485 to run task
[2025-10-07T00:31:00.012+0000] {standard_task_runner.py:90} INFO - Running: ['***', 'tasks', 'run', 'Airflow_Lab2', 'task_using_linked_owner', 'manual__2025-10-07T00:30:56.784637+00:00', '--job-id', '54', '--raw', '--subdir', 'DAGS_FOLDER/main.py', '--cfg-path', '/tmp/tmpyhgj4xfp']
[2025-10-07T00:31:00.018+0000] {standard_task_runner.py:91} INFO - Job 54: Subtask task_using_linked_owner
[2025-10-07T00:31:00.258+0000] {task_command.py:426} INFO - Running <TaskInstance: Airflow_Lab2.task_using_linked_owner manual__2025-10-07T00:30:56.784637+00:00 [running]> on host 606dbaf4a6b3
[2025-10-07T00:31:00.604+0000] {taskinstance.py:2648} INFO - Exporting env vars: AIRFLOW_CTX_DAG_OWNER='Francis' AIRFLOW_CTX_DAG_ID='Airflow_Lab2' AIRFLOW_CTX_TASK_ID='task_using_linked_owner' AIRFLOW_CTX_EXECUTION_DATE='2025-10-07T00:30:56.784637+00:00' AIRFLOW_CTX_TRY_NUMBER='1' AIRFLOW_CTX_DAG_RUN_ID='manual__2025-10-07T00:30:56.784637+00:00'
[2025-10-07T00:31:00.619+0000] {taskinstance.py:430} INFO - ::endgroup::
[2025-10-07T00:31:00.681+0000] {subprocess.py:63} INFO - Tmp dir root location: /tmp
[2025-10-07T00:31:00.683+0000] {subprocess.py:75} INFO - Running command: ['/usr/bin/bash', '-c', 'echo 1']
[2025-10-07T00:31:00.701+0000] {subprocess.py:86} INFO - Output:
[2025-10-07T00:31:00.712+0000] {subprocess.py:93} INFO - 1
[2025-10-07T00:31:00.714+0000] {subprocess.py:97} INFO - Command exited with return code 0
[2025-10-07T00:31:00.718+0000] {taskinstance.py:441} INFO - ::group::Post task execution logs
[2025-10-07T00:31:00.839+0000] {taskinstance.py:1206} INFO - Marking task as SUCCESS. dag_id=Airflow_Lab2, task_id=task_using_linked_owner, run_id=manual__2025-10-07T00:30:56.784637+00:00, execution_date=20251007T003056, start_date=20251007T003059, end_date=20251007T003100
[2025-10-07T00:31:00.915+0000] {local_task_job_runner.py:240} INFO - Task exited with return code 0
[2025-10-07T00:31:01.046+0000] {taskinstance.py:3503} INFO - 1 downstream tasks scheduled from follow-on schedule check
[2025-10-07T00:31:01.051+0000] {local_task_job_runner.py:222} INFO - ::endgroup::
