[2025-10-06T02:15:02.109+0000] {local_task_job_runner.py:120} INFO - ::group::Pre task execution logs
[2025-10-06T02:15:02.143+0000] {taskinstance.py:2076} INFO - Dependencies all met for dep_context=non-requeueable deps ti=<TaskInstance: Airflow_Lab2_Flask.start_Flask_API manual__2025-10-04T21:34:28.144379+00:00 [queued]>
[2025-10-06T02:15:02.148+0000] {taskinstance.py:2076} INFO - Dependencies all met for dep_context=requeueable deps ti=<TaskInstance: Airflow_Lab2_Flask.start_Flask_API manual__2025-10-04T21:34:28.144379+00:00 [queued]>
[2025-10-06T02:15:02.148+0000] {taskinstance.py:2306} INFO - Starting attempt 1 of 1
[2025-10-06T02:15:02.167+0000] {taskinstance.py:2330} INFO - Executing <Task(PythonOperator): start_Flask_API> on 2025-10-04 21:34:28.144379+00:00
[2025-10-06T02:15:02.178+0000] {warnings.py:112} WARNING - /home/***/.local/lib/python3.12/site-packages/***/task/task_runner/standard_task_runner.py:61: DeprecationWarning: This process (pid=155) is multi-threaded, use of fork() may lead to deadlocks in the child.
  pid = os.fork()

[2025-10-06T02:15:02.183+0000] {standard_task_runner.py:63} INFO - Started process 169 to run task
[2025-10-06T02:15:02.185+0000] {standard_task_runner.py:90} INFO - Running: ['***', 'tasks', 'run', 'Airflow_Lab2_Flask', 'start_Flask_API', 'manual__2025-10-04T21:34:28.144379+00:00', '--job-id', '112', '--raw', '--subdir', 'DAGS_FOLDER/Flask_API.py', '--cfg-path', '/tmp/tmpi6viam7t']
[2025-10-06T02:15:02.186+0000] {standard_task_runner.py:91} INFO - Job 112: Subtask start_Flask_API
[2025-10-06T02:15:02.263+0000] {task_command.py:426} INFO - Running <TaskInstance: Airflow_Lab2_Flask.start_Flask_API manual__2025-10-04T21:34:28.144379+00:00 [running]> on host 1f6a89bf0e15
[2025-10-06T02:15:02.393+0000] {taskinstance.py:2648} INFO - Exporting env vars: AIRFLOW_CTX_DAG_OWNER='***' AIRFLOW_CTX_DAG_ID='Airflow_Lab2_Flask' AIRFLOW_CTX_TASK_ID='start_Flask_API' AIRFLOW_CTX_EXECUTION_DATE='2025-10-04T21:34:28.144379+00:00' AIRFLOW_CTX_TRY_NUMBER='1' AIRFLOW_CTX_DAG_RUN_ID='manual__2025-10-04T21:34:28.144379+00:00'
[2025-10-06T02:15:02.395+0000] {taskinstance.py:430} INFO - ::endgroup::
[2025-10-06T02:15:02.431+0000] {logging_mixin.py:188} INFO -  * Serving Flask app 'unusual_prefix_fb1fa9258fa1ad786b4829a3672e98fa2e7542a0_Flask_API'
[2025-10-06T02:15:02.432+0000] {logging_mixin.py:188} INFO -  * Debug mode: off
[2025-10-06T02:15:02.437+0000] {_internal.py:224} INFO - [31m[1mWARNING: This is a development server. Do not use it in a production deployment. Use a production WSGI server instead.[0m
 * Running on all addresses (0.0.0.0)
 * Running on http://127.0.0.1:5555
 * Running on http://172.18.0.5:5555
[2025-10-06T02:15:02.439+0000] {_internal.py:224} INFO - [33mPress CTRL+C to quit[0m
