[2025-10-07T00:30:31.702+0000] {local_task_job_runner.py:120} INFO - ::group::Pre task execution logs
[2025-10-07T00:30:31.761+0000] {taskinstance.py:2076} INFO - Dependencies all met for dep_context=non-requeueable deps ti=<TaskInstance: Airflow_Lab2.send_email manual__2025-10-07T00:30:12.930744+00:00 [queued]>
[2025-10-07T00:30:31.800+0000] {taskinstance.py:2076} INFO - Dependencies all met for dep_context=requeueable deps ti=<TaskInstance: Airflow_Lab2.send_email manual__2025-10-07T00:30:12.930744+00:00 [queued]>
[2025-10-07T00:30:31.803+0000] {taskinstance.py:2306} INFO - Starting attempt 1 of 1
[2025-10-07T00:30:31.840+0000] {taskinstance.py:2330} INFO - Executing <Task(EmailOperator): send_email> on 2025-10-07 00:30:12.930744+00:00
[2025-10-07T00:30:31.887+0000] {warnings.py:112} WARNING - /home/***/.local/lib/python3.12/site-packages/***/task/task_runner/standard_task_runner.py:61: DeprecationWarning: This process (pid=408) is multi-threaded, use of fork() may lead to deadlocks in the child.
  pid = os.fork()

[2025-10-07T00:30:31.889+0000] {standard_task_runner.py:63} INFO - Started process 429 to run task
[2025-10-07T00:30:31.890+0000] {standard_task_runner.py:90} INFO - Running: ['***', 'tasks', 'run', 'Airflow_Lab2', 'send_email', 'manual__2025-10-07T00:30:12.930744+00:00', '--job-id', '49', '--raw', '--subdir', 'DAGS_FOLDER/main.py', '--cfg-path', '/tmp/tmpobds3oq8']
[2025-10-07T00:30:31.894+0000] {standard_task_runner.py:91} INFO - Job 49: Subtask send_email
[2025-10-07T00:30:31.943+0000] {task_command.py:426} INFO - Running <TaskInstance: Airflow_Lab2.send_email manual__2025-10-07T00:30:12.930744+00:00 [running]> on host 606dbaf4a6b3
[2025-10-07T00:30:32.100+0000] {taskinstance.py:2648} INFO - Exporting env vars: AIRFLOW_CTX_DAG_OWNER='***' AIRFLOW_CTX_DAG_ID='Airflow_Lab2' AIRFLOW_CTX_TASK_ID='send_email' AIRFLOW_CTX_EXECUTION_DATE='2025-10-07T00:30:12.930744+00:00' AIRFLOW_CTX_TRY_NUMBER='1' AIRFLOW_CTX_DAG_RUN_ID='manual__2025-10-07T00:30:12.930744+00:00'
[2025-10-07T00:30:32.106+0000] {taskinstance.py:430} INFO - ::endgroup::
[2025-10-07T00:30:32.146+0000] {base.py:84} INFO - Using connection ID 'smtp_default' for task execution.
[2025-10-07T00:30:32.146+0000] {email.py:271} INFO - Email alerting: attempt 1
[2025-10-07T00:30:32.641+0000] {email.py:282} INFO - Sent an alert email to ['harrisebifrancis@gmail.com']
[2025-10-07T00:30:33.449+0000] {taskinstance.py:441} INFO - ::group::Post task execution logs
[2025-10-07T00:30:33.466+0000] {taskinstance.py:1206} INFO - Marking task as SUCCESS. dag_id=Airflow_Lab2, task_id=send_email, run_id=manual__2025-10-07T00:30:12.930744+00:00, execution_date=20251007T003012, start_date=20251007T003031, end_date=20251007T003033
[2025-10-07T00:30:33.560+0000] {local_task_job_runner.py:240} INFO - Task exited with return code 0
[2025-10-07T00:30:33.711+0000] {taskinstance.py:3503} INFO - 1 downstream tasks scheduled from follow-on schedule check
[2025-10-07T00:30:33.716+0000] {local_task_job_runner.py:222} INFO - ::endgroup::
