[2025-10-07T00:33:17.725+0000] {local_task_job_runner.py:120} INFO - ::group::Pre task execution logs
[2025-10-07T00:33:17.816+0000] {taskinstance.py:2076} INFO - Dependencies all met for dep_context=non-requeueable deps ti=<TaskInstance: Airflow_Lab2.send_email manual__2025-10-07T00:32:53.693087+00:00 [queued]>
[2025-10-07T00:33:17.851+0000] {taskinstance.py:2076} INFO - Dependencies all met for dep_context=requeueable deps ti=<TaskInstance: Airflow_Lab2.send_email manual__2025-10-07T00:32:53.693087+00:00 [queued]>
[2025-10-07T00:33:17.853+0000] {taskinstance.py:2306} INFO - Starting attempt 1 of 1
[2025-10-07T00:33:17.924+0000] {taskinstance.py:2330} INFO - Executing <Task(EmailOperator): send_email> on 2025-10-07 00:32:53.693087+00:00
[2025-10-07T00:33:17.936+0000] {warnings.py:112} WARNING - /home/***/.local/lib/python3.12/site-packages/***/task/task_runner/standard_task_runner.py:61: DeprecationWarning: This process (pid=690) is multi-threaded, use of fork() may lead to deadlocks in the child.
  pid = os.fork()

[2025-10-07T00:33:17.938+0000] {standard_task_runner.py:90} INFO - Running: ['***', 'tasks', 'run', 'Airflow_Lab2', 'send_email', 'manual__2025-10-07T00:32:53.693087+00:00', '--job-id', '68', '--raw', '--subdir', 'DAGS_FOLDER/main.py', '--cfg-path', '/tmp/tmpp57dod47']
[2025-10-07T00:33:17.941+0000] {standard_task_runner.py:91} INFO - Job 68: Subtask send_email
[2025-10-07T00:33:17.938+0000] {standard_task_runner.py:63} INFO - Started process 701 to run task
[2025-10-07T00:33:18.050+0000] {task_command.py:426} INFO - Running <TaskInstance: Airflow_Lab2.send_email manual__2025-10-07T00:32:53.693087+00:00 [running]> on host 606dbaf4a6b3
[2025-10-07T00:33:18.343+0000] {taskinstance.py:2648} INFO - Exporting env vars: AIRFLOW_CTX_DAG_OWNER='***' AIRFLOW_CTX_DAG_ID='Airflow_Lab2' AIRFLOW_CTX_TASK_ID='send_email' AIRFLOW_CTX_EXECUTION_DATE='2025-10-07T00:32:53.693087+00:00' AIRFLOW_CTX_TRY_NUMBER='1' AIRFLOW_CTX_DAG_RUN_ID='manual__2025-10-07T00:32:53.693087+00:00'
[2025-10-07T00:33:18.351+0000] {taskinstance.py:430} INFO - ::endgroup::
[2025-10-07T00:33:18.562+0000] {base.py:84} INFO - Using connection ID 'smtp_default' for task execution.
[2025-10-07T00:33:18.566+0000] {email.py:271} INFO - Email alerting: attempt 1
[2025-10-07T00:33:19.207+0000] {email.py:282} INFO - Sent an alert email to ['harrisebifrancis@gmail.com']
[2025-10-07T00:33:19.990+0000] {taskinstance.py:441} INFO - ::group::Post task execution logs
[2025-10-07T00:33:20.040+0000] {taskinstance.py:1206} INFO - Marking task as SUCCESS. dag_id=Airflow_Lab2, task_id=send_email, run_id=manual__2025-10-07T00:32:53.693087+00:00, execution_date=20251007T003253, start_date=20251007T003317, end_date=20251007T003320
[2025-10-07T00:33:20.194+0000] {local_task_job_runner.py:240} INFO - Task exited with return code 0
[2025-10-07T00:33:20.341+0000] {taskinstance.py:3503} INFO - 1 downstream tasks scheduled from follow-on schedule check
[2025-10-07T00:33:20.346+0000] {local_task_job_runner.py:222} INFO - ::endgroup::
