[2025-10-07T00:28:39.240+0000] {local_task_job_runner.py:120} INFO - ::group::Pre task execution logs
[2025-10-07T00:28:39.355+0000] {taskinstance.py:2076} INFO - Dependencies all met for dep_context=non-requeueable deps ti=<TaskInstance: Airflow_Lab2.task_using_linked_owner manual__2025-10-07T00:28:30.386153+00:00 [queued]>
[2025-10-07T00:28:39.401+0000] {taskinstance.py:2076} INFO - Dependencies all met for dep_context=requeueable deps ti=<TaskInstance: Airflow_Lab2.task_using_linked_owner manual__2025-10-07T00:28:30.386153+00:00 [queued]>
[2025-10-07T00:28:39.405+0000] {taskinstance.py:2306} INFO - Starting attempt 1 of 1
[2025-10-07T00:28:39.452+0000] {taskinstance.py:2330} INFO - Executing <Task(BashOperator): task_using_linked_owner> on 2025-10-07 00:28:30.386153+00:00
[2025-10-07T00:28:39.487+0000] {standard_task_runner.py:90} INFO - Running: ['***', 'tasks', 'run', 'Airflow_Lab2', 'task_using_linked_owner', 'manual__2025-10-07T00:28:30.386153+00:00', '--job-id', '30', '--raw', '--subdir', 'DAGS_FOLDER/main.py', '--cfg-path', '/tmp/tmpt4kfkzyi']
[2025-10-07T00:28:39.492+0000] {standard_task_runner.py:91} INFO - Job 30: Subtask task_using_linked_owner
[2025-10-07T00:28:39.486+0000] {warnings.py:112} WARNING - /home/***/.local/lib/python3.12/site-packages/***/task/task_runner/standard_task_runner.py:61: DeprecationWarning: This process (pid=122) is multi-threaded, use of fork() may lead to deadlocks in the child.
  pid = os.fork()

[2025-10-07T00:28:39.496+0000] {standard_task_runner.py:63} INFO - Started process 133 to run task
[2025-10-07T00:28:39.624+0000] {task_command.py:426} INFO - Running <TaskInstance: Airflow_Lab2.task_using_linked_owner manual__2025-10-07T00:28:30.386153+00:00 [running]> on host 606dbaf4a6b3
[2025-10-07T00:28:39.909+0000] {taskinstance.py:2648} INFO - Exporting env vars: AIRFLOW_CTX_DAG_OWNER='Francis' AIRFLOW_CTX_DAG_ID='Airflow_Lab2' AIRFLOW_CTX_TASK_ID='task_using_linked_owner' AIRFLOW_CTX_EXECUTION_DATE='2025-10-07T00:28:30.386153+00:00' AIRFLOW_CTX_TRY_NUMBER='1' AIRFLOW_CTX_DAG_RUN_ID='manual__2025-10-07T00:28:30.386153+00:00'
[2025-10-07T00:28:39.914+0000] {taskinstance.py:430} INFO - ::endgroup::
[2025-10-07T00:28:40.058+0000] {subprocess.py:63} INFO - Tmp dir root location: /tmp
[2025-10-07T00:28:40.060+0000] {subprocess.py:75} INFO - Running command: ['/usr/bin/bash', '-c', 'echo 1']
[2025-10-07T00:28:40.100+0000] {subprocess.py:86} INFO - Output:
[2025-10-07T00:28:40.109+0000] {subprocess.py:93} INFO - 1
[2025-10-07T00:28:40.115+0000] {subprocess.py:97} INFO - Command exited with return code 0
[2025-10-07T00:28:40.124+0000] {taskinstance.py:441} INFO - ::group::Post task execution logs
[2025-10-07T00:28:40.233+0000] {taskinstance.py:1206} INFO - Marking task as SUCCESS. dag_id=Airflow_Lab2, task_id=task_using_linked_owner, run_id=manual__2025-10-07T00:28:30.386153+00:00, execution_date=20251007T002830, start_date=20251007T002839, end_date=20251007T002840
[2025-10-07T00:28:40.313+0000] {local_task_job_runner.py:240} INFO - Task exited with return code 0
[2025-10-07T00:28:40.397+0000] {taskinstance.py:3503} INFO - 1 downstream tasks scheduled from follow-on schedule check
[2025-10-07T00:28:40.408+0000] {local_task_job_runner.py:222} INFO - ::endgroup::
